{"/Users/sergioabad/Desktop/ProjectsToWorkOn/IoT/Arduino_Antiguo/Code/IoT_Microservices-master/orchestrator-ms/src/app/app.js": {"path":"/Users/sergioabad/Desktop/ProjectsToWorkOn/IoT/Arduino_Antiguo/Code/IoT_Microservices-master/orchestrator-ms/src/app/app.js","statementMap":{"0":{"start":{"line":1,"column":13},"end":{"line":1,"column":28}},"1":{"start":{"line":2,"column":16},"end":{"line":2,"column":34}},"2":{"start":{"line":3,"column":18},"end":{"line":3,"column":47}},"3":{"start":{"line":5,"column":15},"end":{"line":5,"column":37}},"4":{"start":{"line":6,"column":18},"end":{"line":6,"column":47}},"5":{"start":{"line":7,"column":21},"end":{"line":7,"column":45}},"6":{"start":{"line":9,"column":12},"end":{"line":9,"column":21}},"7":{"start":{"line":12,"column":22},"end":{"line":18,"column":2}},"8":{"start":{"line":20,"column":20},"end":{"line":26,"column":2}},"9":{"start":{"line":28,"column":0},"end":{"line":28,"column":23}},"10":{"start":{"line":29,"column":0},"end":{"line":29,"column":31}},"11":{"start":{"line":30,"column":0},"end":{"line":30,"column":34}},"12":{"start":{"line":32,"column":23},"end":{"line":57,"column":1}},"13":{"start":{"line":59,"column":20},"end":{"line":59,"column":48}},"14":{"start":{"line":60,"column":0},"end":{"line":60,"column":68}},"15":{"start":{"line":63,"column":17},"end":{"line":63,"column":38}},"16":{"start":{"line":66,"column":0},"end":{"line":66,"column":43}},"17":{"start":{"line":68,"column":0},"end":{"line":68,"column":16}},"18":{"start":{"line":69,"column":0},"end":{"line":69,"column":24}},"19":{"start":{"line":70,"column":0},"end":{"line":70,"column":49}},"20":{"start":{"line":73,"column":0},"end":{"line":76,"column":3}},"21":{"start":{"line":74,"column":4},"end":{"line":74,"column":74}},"22":{"start":{"line":75,"column":4},"end":{"line":75,"column":11}},"23":{"start":{"line":78,"column":0},"end":{"line":78,"column":100}},"24":{"start":{"line":78,"column":33},"end":{"line":78,"column":99}},"25":{"start":{"line":80,"column":0},"end":{"line":83,"column":3}},"26":{"start":{"line":81,"column":4},"end":{"line":81,"column":56}},"27":{"start":{"line":82,"column":4},"end":{"line":82,"column":39}},"28":{"start":{"line":85,"column":0},"end":{"line":85,"column":48}},"29":{"start":{"line":88,"column":0},"end":{"line":88,"column":28}},"30":{"start":{"line":90,"column":0},"end":{"line":90,"column":21}}},"fnMap":{"0":{"name":"(anonymous_0)","decl":{"start":{"line":73,"column":8},"end":{"line":73,"column":9}},"loc":{"start":{"line":73,"column":28},"end":{"line":76,"column":1}},"line":73},"1":{"name":"(anonymous_1)","decl":{"start":{"line":78,"column":19},"end":{"line":78,"column":20}},"loc":{"start":{"line":78,"column":33},"end":{"line":78,"column":99}},"line":78},"2":{"name":"(anonymous_2)","decl":{"start":{"line":80,"column":20},"end":{"line":80,"column":21}},"loc":{"start":{"line":80,"column":40},"end":{"line":83,"column":1}},"line":80}},"branchMap":{},"s":{"0":8,"1":8,"2":8,"3":8,"4":8,"5":8,"6":8,"7":8,"8":8,"9":8,"10":8,"11":8,"12":8,"13":8,"14":8,"15":8,"16":8,"17":8,"18":8,"19":8,"20":8,"21":154,"22":154,"23":8,"24":2,"25":8,"26":1,"27":1,"28":8,"29":8,"30":8},"f":{"0":154,"1":2,"2":1},"b":{},"_coverageSchema":"1a1c01bbd47fc00a2c39e90264f33305004495a9","hash":"2147a60d0370440335c139957356115a508fc14d"}
,"/Users/sergioabad/Desktop/ProjectsToWorkOn/IoT/Arduino_Antiguo/Code/IoT_Microservices-master/orchestrator-ms/src/app/controllers/orchestrator.controller.js": {"path":"/Users/sergioabad/Desktop/ProjectsToWorkOn/IoT/Arduino_Antiguo/Code/IoT_Microservices-master/orchestrator-ms/src/app/controllers/orchestrator.controller.js","statementMap":{"0":{"start":{"line":1,"column":60},"end":{"line":1,"column":99}},"1":{"start":{"line":2,"column":25},"end":{"line":2,"column":57}},"2":{"start":{"line":4,"column":18},"end":{"line":4,"column":53}},"3":{"start":{"line":5,"column":27},"end":{"line":5,"column":59}},"4":{"start":{"line":7,"column":12},"end":{"line":7,"column":27}},"5":{"start":{"line":8,"column":27},"end":{"line":8,"column":51}},"6":{"start":{"line":10,"column":15},"end":{"line":22,"column":1}},"7":{"start":{"line":11,"column":15},"end":{"line":11,"column":23}},"8":{"start":{"line":12,"column":2},"end":{"line":12,"column":66}},"9":{"start":{"line":12,"column":40},"end":{"line":12,"column":66}},"10":{"start":{"line":14,"column":2},"end":{"line":14,"column":45}},"11":{"start":{"line":15,"column":2},"end":{"line":15,"column":48}},"12":{"start":{"line":17,"column":19},"end":{"line":17,"column":104}},"13":{"start":{"line":18,"column":2},"end":{"line":18,"column":66}},"14":{"start":{"line":18,"column":40},"end":{"line":18,"column":66}},"15":{"start":{"line":20,"column":22},"end":{"line":20,"column":68}},"16":{"start":{"line":21,"column":2},"end":{"line":21,"column":67}},"17":{"start":{"line":24,"column":0},"end":{"line":162,"column":1}},"18":{"start":{"line":27,"column":29},"end":{"line":27,"column":38}},"19":{"start":{"line":28,"column":4},"end":{"line":28,"column":49}},"20":{"start":{"line":28,"column":15},"end":{"line":28,"column":49}},"21":{"start":{"line":29,"column":4},"end":{"line":29,"column":38}},"22":{"start":{"line":32,"column":21},"end":{"line":32,"column":103}},"23":{"start":{"line":34,"column":4},"end":{"line":45,"column":5}},"24":{"start":{"line":35,"column":17},"end":{"line":35,"column":34}},"25":{"start":{"line":36,"column":6},"end":{"line":43,"column":7}},"26":{"start":{"line":38,"column":8},"end":{"line":42,"column":11}},"27":{"start":{"line":44,"column":6},"end":{"line":44,"column":37}},"28":{"start":{"line":49,"column":28},"end":{"line":49,"column":36}},"29":{"start":{"line":50,"column":4},"end":{"line":50,"column":49}},"30":{"start":{"line":50,"column":15},"end":{"line":50,"column":49}},"31":{"start":{"line":51,"column":4},"end":{"line":51,"column":37}},"32":{"start":{"line":52,"column":4},"end":{"line":52,"column":80}},"33":{"start":{"line":56,"column":4},"end":{"line":56,"column":35}},"34":{"start":{"line":60,"column":4},"end":{"line":60,"column":38}},"35":{"start":{"line":64,"column":24},"end":{"line":64,"column":60}},"36":{"start":{"line":65,"column":29},"end":{"line":65,"column":37}},"37":{"start":{"line":66,"column":20},"end":{"line":66,"column":47}},"38":{"start":{"line":68,"column":4},"end":{"line":68,"column":98}},"39":{"start":{"line":68,"column":72},"end":{"line":68,"column":98}},"40":{"start":{"line":69,"column":4},"end":{"line":69,"column":67}},"41":{"start":{"line":69,"column":41},"end":{"line":69,"column":67}},"42":{"start":{"line":71,"column":28},"end":{"line":71,"column":54}},"43":{"start":{"line":72,"column":25},"end":{"line":72,"column":32}},"44":{"start":{"line":73,"column":17},"end":{"line":73,"column":60}},"45":{"start":{"line":74,"column":21},"end":{"line":74,"column":111}},"46":{"start":{"line":76,"column":4},"end":{"line":76,"column":50}},"47":{"start":{"line":76,"column":24},"end":{"line":76,"column":50}},"48":{"start":{"line":77,"column":4},"end":{"line":80,"column":6}},"49":{"start":{"line":84,"column":25},"end":{"line":84,"column":33}},"50":{"start":{"line":85,"column":4},"end":{"line":85,"column":101}},"51":{"start":{"line":89,"column":28},"end":{"line":89,"column":36}},"52":{"start":{"line":91,"column":4},"end":{"line":91,"column":48}},"53":{"start":{"line":92,"column":4},"end":{"line":92,"column":110}},"54":{"start":{"line":96,"column":35},"end":{"line":96,"column":43}},"55":{"start":{"line":98,"column":4},"end":{"line":98,"column":55}},"56":{"start":{"line":99,"column":4},"end":{"line":99,"column":116}},"57":{"start":{"line":103,"column":28},"end":{"line":103,"column":37}},"58":{"start":{"line":104,"column":4},"end":{"line":113,"column":5}},"59":{"start":{"line":117,"column":25},"end":{"line":117,"column":33}},"60":{"start":{"line":118,"column":4},"end":{"line":118,"column":45}},"61":{"start":{"line":118,"column":19},"end":{"line":118,"column":45}},"62":{"start":{"line":120,"column":17},"end":{"line":123,"column":5}},"63":{"start":{"line":125,"column":21},"end":{"line":125,"column":118}},"64":{"start":{"line":126,"column":4},"end":{"line":126,"column":50}},"65":{"start":{"line":126,"column":24},"end":{"line":126,"column":50}},"66":{"start":{"line":127,"column":4},"end":{"line":127,"column":58}},"67":{"start":{"line":131,"column":35},"end":{"line":131,"column":43}},"68":{"start":{"line":132,"column":17},"end":{"line":137,"column":5}},"69":{"start":{"line":138,"column":4},"end":{"line":138,"column":78}},"70":{"start":{"line":142,"column":43},"end":{"line":142,"column":51}},"71":{"start":{"line":143,"column":17},"end":{"line":148,"column":5}},"72":{"start":{"line":149,"column":4},"end":{"line":149,"column":80}},"73":{"start":{"line":153,"column":28},"end":{"line":153,"column":36}},"74":{"start":{"line":154,"column":17},"end":{"line":158,"column":5}},"75":{"start":{"line":159,"column":4},"end":{"line":159,"column":81}}},"fnMap":{"0":{"name":"(anonymous_0)","decl":{"start":{"line":10,"column":15},"end":{"line":10,"column":16}},"loc":{"start":{"line":10,"column":41},"end":{"line":22,"column":1}},"line":10},"1":{"name":"(anonymous_1)","decl":{"start":{"line":26,"column":2},"end":{"line":26,"column":3}},"loc":{"start":{"line":26,"column":36},"end":{"line":46,"column":3}},"line":26},"2":{"name":"(anonymous_2)","decl":{"start":{"line":48,"column":2},"end":{"line":48,"column":3}},"loc":{"start":{"line":48,"column":37},"end":{"line":53,"column":3}},"line":48},"3":{"name":"(anonymous_3)","decl":{"start":{"line":55,"column":2},"end":{"line":55,"column":3}},"loc":{"start":{"line":55,"column":24},"end":{"line":57,"column":3}},"line":55},"4":{"name":"(anonymous_4)","decl":{"start":{"line":59,"column":2},"end":{"line":59,"column":3}},"loc":{"start":{"line":59,"column":27},"end":{"line":61,"column":3}},"line":59},"5":{"name":"(anonymous_5)","decl":{"start":{"line":63,"column":2},"end":{"line":63,"column":3}},"loc":{"start":{"line":63,"column":26},"end":{"line":81,"column":3}},"line":63},"6":{"name":"(anonymous_6)","decl":{"start":{"line":83,"column":2},"end":{"line":83,"column":3}},"loc":{"start":{"line":83,"column":38},"end":{"line":86,"column":3}},"line":83},"7":{"name":"(anonymous_7)","decl":{"start":{"line":88,"column":2},"end":{"line":88,"column":3}},"loc":{"start":{"line":88,"column":39},"end":{"line":93,"column":3}},"line":88},"8":{"name":"(anonymous_8)","decl":{"start":{"line":95,"column":2},"end":{"line":95,"column":3}},"loc":{"start":{"line":95,"column":38},"end":{"line":100,"column":3}},"line":95},"9":{"name":"(anonymous_9)","decl":{"start":{"line":102,"column":2},"end":{"line":102,"column":3}},"loc":{"start":{"line":102,"column":41},"end":{"line":114,"column":3}},"line":102},"10":{"name":"(anonymous_10)","decl":{"start":{"line":116,"column":2},"end":{"line":116,"column":3}},"loc":{"start":{"line":116,"column":33},"end":{"line":128,"column":3}},"line":116},"11":{"name":"(anonymous_11)","decl":{"start":{"line":130,"column":2},"end":{"line":130,"column":3}},"loc":{"start":{"line":130,"column":26},"end":{"line":139,"column":3}},"line":130},"12":{"name":"(anonymous_12)","decl":{"start":{"line":141,"column":2},"end":{"line":141,"column":3}},"loc":{"start":{"line":141,"column":28},"end":{"line":150,"column":3}},"line":141},"13":{"name":"(anonymous_13)","decl":{"start":{"line":152,"column":2},"end":{"line":152,"column":3}},"loc":{"start":{"line":152,"column":29},"end":{"line":160,"column":3}},"line":152}},"branchMap":{"0":{"loc":{"start":{"line":12,"column":2},"end":{"line":12,"column":66}},"type":"if","locations":[{"start":{"line":12,"column":2},"end":{"line":12,"column":66}},{"start":{},"end":{}}],"line":12},"1":{"loc":{"start":{"line":12,"column":6},"end":{"line":12,"column":38}},"type":"binary-expr","locations":[{"start":{"line":12,"column":6},"end":{"line":12,"column":20}},{"start":{"line":12,"column":24},"end":{"line":12,"column":38}}],"line":12},"2":{"loc":{"start":{"line":18,"column":2},"end":{"line":18,"column":66}},"type":"if","locations":[{"start":{"line":18,"column":2},"end":{"line":18,"column":66}},{"start":{},"end":{}}],"line":18},"3":{"loc":{"start":{"line":28,"column":4},"end":{"line":28,"column":49}},"type":"if","locations":[{"start":{"line":28,"column":4},"end":{"line":28,"column":49}},{"start":{},"end":{}}],"line":28},"4":{"loc":{"start":{"line":34,"column":4},"end":{"line":45,"column":5}},"type":"if","locations":[{"start":{"line":34,"column":4},"end":{"line":45,"column":5}},{"start":{},"end":{}}],"line":34},"5":{"loc":{"start":{"line":34,"column":8},"end":{"line":34,"column":33}},"type":"binary-expr","locations":[{"start":{"line":34,"column":8},"end":{"line":34,"column":16}},{"start":{"line":34,"column":20},"end":{"line":34,"column":33}}],"line":34},"6":{"loc":{"start":{"line":36,"column":6},"end":{"line":43,"column":7}},"type":"if","locations":[{"start":{"line":36,"column":6},"end":{"line":43,"column":7}},{"start":{},"end":{}}],"line":36},"7":{"loc":{"start":{"line":50,"column":4},"end":{"line":50,"column":49}},"type":"if","locations":[{"start":{"line":50,"column":4},"end":{"line":50,"column":49}},{"start":{},"end":{}}],"line":50},"8":{"loc":{"start":{"line":68,"column":4},"end":{"line":68,"column":98}},"type":"if","locations":[{"start":{"line":68,"column":4},"end":{"line":68,"column":98}},{"start":{},"end":{}}],"line":68},"9":{"loc":{"start":{"line":68,"column":8},"end":{"line":68,"column":70}},"type":"binary-expr","locations":[{"start":{"line":68,"column":8},"end":{"line":68,"column":21}},{"start":{"line":68,"column":25},"end":{"line":68,"column":37}},{"start":{"line":68,"column":41},"end":{"line":68,"column":49}},{"start":{"line":68,"column":53},"end":{"line":68,"column":70}}],"line":68},"10":{"loc":{"start":{"line":69,"column":4},"end":{"line":69,"column":67}},"type":"if","locations":[{"start":{"line":69,"column":4},"end":{"line":69,"column":67}},{"start":{},"end":{}}],"line":69},"11":{"loc":{"start":{"line":76,"column":4},"end":{"line":76,"column":50}},"type":"if","locations":[{"start":{"line":76,"column":4},"end":{"line":76,"column":50}},{"start":{},"end":{}}],"line":76},"12":{"loc":{"start":{"line":118,"column":4},"end":{"line":118,"column":45}},"type":"if","locations":[{"start":{"line":118,"column":4},"end":{"line":118,"column":45}},{"start":{},"end":{}}],"line":118},"13":{"loc":{"start":{"line":126,"column":4},"end":{"line":126,"column":50}},"type":"if","locations":[{"start":{"line":126,"column":4},"end":{"line":126,"column":50}},{"start":{},"end":{}}],"line":126},"14":{"loc":{"start":{"line":136,"column":13},"end":{"line":136,"column":26}},"type":"binary-expr","locations":[{"start":{"line":136,"column":13},"end":{"line":136,"column":18}},{"start":{"line":136,"column":22},"end":{"line":136,"column":26}}],"line":136}},"s":{"0":8,"1":8,"2":8,"3":8,"4":8,"5":8,"6":8,"7":21,"8":21,"9":2,"10":19,"11":19,"12":19,"13":19,"14":12,"15":7,"16":7,"17":8,"18":4,"19":4,"20":2,"21":4,"22":4,"23":4,"24":4,"25":4,"26":2,"27":4,"28":3,"29":3,"30":3,"31":3,"32":3,"33":18,"34":3,"35":5,"36":5,"37":5,"38":5,"39":2,"40":3,"41":1,"42":2,"43":2,"44":2,"45":2,"46":2,"47":0,"48":2,"49":1,"50":1,"51":1,"52":1,"53":1,"54":1,"55":1,"56":1,"57":1,"58":1,"59":2,"60":2,"61":1,"62":1,"63":1,"64":1,"65":0,"66":1,"67":1,"68":1,"69":1,"70":102,"71":102,"72":102,"73":1,"74":1,"75":1},"f":{"0":21,"1":4,"2":3,"3":18,"4":3,"5":5,"6":1,"7":1,"8":1,"9":1,"10":2,"11":1,"12":102,"13":1},"b":{"0":[2,19],"1":[21,19],"2":[12,7],"3":[2,2],"4":[4,0],"5":[4,4],"6":[2,2],"7":[3,0],"8":[2,3],"9":[5,5,4,3],"10":[1,2],"11":[0,2],"12":[1,1],"13":[0,1],"14":[1,1]},"_coverageSchema":"1a1c01bbd47fc00a2c39e90264f33305004495a9","hash":"4483796e031b794b4d946055c97bd57c392e28d0"}
,"/Users/sergioabad/Desktop/ProjectsToWorkOn/IoT/Arduino_Antiguo/Code/IoT_Microservices-master/orchestrator-ms/src/app/controllers/services.controller.js": {"path":"/Users/sergioabad/Desktop/ProjectsToWorkOn/IoT/Arduino_Antiguo/Code/IoT_Microservices-master/orchestrator-ms/src/app/controllers/services.controller.js","statementMap":{"0":{"start":{"line":1,"column":14},"end":{"line":1,"column":30}},"1":{"start":{"line":2,"column":20},"end":{"line":2,"column":43}},"2":{"start":{"line":4,"column":86},"end":{"line":4,"column":125}},"3":{"start":{"line":10,"column":25},"end":{"line":10,"column":59}},"4":{"start":{"line":13,"column":21},"end":{"line":18,"column":1}},"5":{"start":{"line":14,"column":20},"end":{"line":14,"column":78}},"6":{"start":{"line":15,"column":2},"end":{"line":17,"column":8}},"7":{"start":{"line":20,"column":33},"end":{"line":44,"column":1}},"8":{"start":{"line":21,"column":2},"end":{"line":43,"column":3}},"9":{"start":{"line":22,"column":22},"end":{"line":22,"column":66}},"10":{"start":{"line":23,"column":20},"end":{"line":23,"column":66}},"11":{"start":{"line":25,"column":19},"end":{"line":25,"column":39}},"12":{"start":{"line":26,"column":21},"end":{"line":30,"column":48}},"13":{"start":{"line":32,"column":4},"end":{"line":32,"column":39}},"14":{"start":{"line":32,"column":24},"end":{"line":32,"column":39}},"15":{"start":{"line":33,"column":4},"end":{"line":33,"column":50}},"16":{"start":{"line":33,"column":24},"end":{"line":33,"column":50}},"17":{"start":{"line":34,"column":4},"end":{"line":34,"column":49}},"18":{"start":{"line":36,"column":4},"end":{"line":38,"column":5}},"19":{"start":{"line":37,"column":6},"end":{"line":37,"column":63}},"20":{"start":{"line":39,"column":4},"end":{"line":41,"column":5}},"21":{"start":{"line":40,"column":6},"end":{"line":40,"column":72}},"22":{"start":{"line":42,"column":4},"end":{"line":42,"column":57}},"23":{"start":{"line":46,"column":0},"end":{"line":68,"column":1}},"24":{"start":{"line":49,"column":16},"end":{"line":49,"column":75}},"25":{"start":{"line":50,"column":4},"end":{"line":50,"column":106}},"26":{"start":{"line":54,"column":16},"end":{"line":54,"column":43}},"27":{"start":{"line":55,"column":4},"end":{"line":55,"column":112}},"28":{"start":{"line":59,"column":16},"end":{"line":59,"column":43}},"29":{"start":{"line":60,"column":4},"end":{"line":60,"column":111}},"30":{"start":{"line":64,"column":16},"end":{"line":64,"column":43}},"31":{"start":{"line":65,"column":4},"end":{"line":65,"column":102}}},"fnMap":{"0":{"name":"(anonymous_0)","decl":{"start":{"line":13,"column":21},"end":{"line":13,"column":22}},"loc":{"start":{"line":13,"column":34},"end":{"line":18,"column":1}},"line":13},"1":{"name":"(anonymous_1)","decl":{"start":{"line":20,"column":33},"end":{"line":20,"column":34}},"loc":{"start":{"line":20,"column":124},"end":{"line":44,"column":1}},"line":20},"2":{"name":"(anonymous_2)","decl":{"start":{"line":48,"column":2},"end":{"line":48,"column":3}},"loc":{"start":{"line":48,"column":91},"end":{"line":51,"column":3}},"line":48},"3":{"name":"(anonymous_3)","decl":{"start":{"line":53,"column":2},"end":{"line":53,"column":3}},"loc":{"start":{"line":53,"column":86},"end":{"line":56,"column":3}},"line":53},"4":{"name":"(anonymous_4)","decl":{"start":{"line":58,"column":2},"end":{"line":58,"column":3}},"loc":{"start":{"line":58,"column":93},"end":{"line":61,"column":3}},"line":58},"5":{"name":"(anonymous_5)","decl":{"start":{"line":63,"column":2},"end":{"line":63,"column":3}},"loc":{"start":{"line":63,"column":64},"end":{"line":66,"column":3}},"line":63}},"branchMap":{"0":{"loc":{"start":{"line":10,"column":25},"end":{"line":10,"column":59}},"type":"binary-expr","locations":[{"start":{"line":10,"column":25},"end":{"line":10,"column":53}},{"start":{"line":10,"column":57},"end":{"line":10,"column":59}}],"line":10},"1":{"loc":{"start":{"line":15,"column":9},"end":{"line":17,"column":8}},"type":"cond-expr","locations":[{"start":{"line":16,"column":6},"end":{"line":16,"column":48}},{"start":{"line":17,"column":6},"end":{"line":17,"column":8}}],"line":15},"2":{"loc":{"start":{"line":15,"column":9},"end":{"line":15,"column":38}},"type":"binary-expr","locations":[{"start":{"line":15,"column":9},"end":{"line":15,"column":18}},{"start":{"line":15,"column":22},"end":{"line":15,"column":38}}],"line":15},"3":{"loc":{"start":{"line":20,"column":58},"end":{"line":20,"column":67}},"type":"default-arg","locations":[{"start":{"line":20,"column":65},"end":{"line":20,"column":67}}],"line":20},"4":{"loc":{"start":{"line":20,"column":69},"end":{"line":20,"column":81}},"type":"default-arg","locations":[{"start":{"line":20,"column":78},"end":{"line":20,"column":81}}],"line":20},"5":{"loc":{"start":{"line":20,"column":83},"end":{"line":20,"column":105}},"type":"default-arg","locations":[{"start":{"line":20,"column":100},"end":{"line":20,"column":105}}],"line":20},"6":{"loc":{"start":{"line":20,"column":107},"end":{"line":20,"column":119}},"type":"default-arg","locations":[{"start":{"line":20,"column":117},"end":{"line":20,"column":119}}],"line":20},"7":{"loc":{"start":{"line":22,"column":22},"end":{"line":22,"column":66}},"type":"binary-expr","locations":[{"start":{"line":22,"column":22},"end":{"line":22,"column":41}},{"start":{"line":22,"column":45},"end":{"line":22,"column":66}}],"line":22},"8":{"loc":{"start":{"line":23,"column":20},"end":{"line":23,"column":66}},"type":"cond-expr","locations":[{"start":{"line":23,"column":32},"end":{"line":23,"column":48}},{"start":{"line":23,"column":51},"end":{"line":23,"column":66}}],"line":23},"9":{"loc":{"start":{"line":26,"column":21},"end":{"line":30,"column":48}},"type":"cond-expr","locations":[{"start":{"line":27,"column":8},"end":{"line":27,"column":36}},{"start":{"line":28,"column":8},"end":{"line":30,"column":48}}],"line":26},"10":{"loc":{"start":{"line":28,"column":8},"end":{"line":30,"column":48}},"type":"cond-expr","locations":[{"start":{"line":29,"column":10},"end":{"line":29,"column":60}},{"start":{"line":30,"column":10},"end":{"line":30,"column":48}}],"line":28},"11":{"loc":{"start":{"line":32,"column":4},"end":{"line":32,"column":39}},"type":"if","locations":[{"start":{"line":32,"column":4},"end":{"line":32,"column":39}},{"start":{},"end":{}}],"line":32},"12":{"loc":{"start":{"line":33,"column":4},"end":{"line":33,"column":50}},"type":"if","locations":[{"start":{"line":33,"column":4},"end":{"line":33,"column":50}},{"start":{},"end":{}}],"line":33},"13":{"loc":{"start":{"line":36,"column":4},"end":{"line":38,"column":5}},"type":"if","locations":[{"start":{"line":36,"column":4},"end":{"line":38,"column":5}},{"start":{},"end":{}}],"line":36},"14":{"loc":{"start":{"line":39,"column":4},"end":{"line":41,"column":5}},"type":"if","locations":[{"start":{"line":39,"column":4},"end":{"line":41,"column":5}},{"start":{},"end":{}}],"line":39},"15":{"loc":{"start":{"line":48,"column":44},"end":{"line":48,"column":53}},"type":"default-arg","locations":[{"start":{"line":48,"column":51},"end":{"line":48,"column":53}}],"line":48},"16":{"loc":{"start":{"line":48,"column":55},"end":{"line":48,"column":65}},"type":"default-arg","locations":[{"start":{"line":48,"column":63},"end":{"line":48,"column":65}}],"line":48},"17":{"loc":{"start":{"line":48,"column":67},"end":{"line":48,"column":89}},"type":"default-arg","locations":[{"start":{"line":48,"column":84},"end":{"line":48,"column":89}}],"line":48},"18":{"loc":{"start":{"line":53,"column":45},"end":{"line":53,"column":54}},"type":"default-arg","locations":[{"start":{"line":53,"column":52},"end":{"line":53,"column":54}}],"line":53},"19":{"loc":{"start":{"line":58,"column":44},"end":{"line":58,"column":53}},"type":"default-arg","locations":[{"start":{"line":58,"column":51},"end":{"line":58,"column":53}}],"line":58},"20":{"loc":{"start":{"line":58,"column":69},"end":{"line":58,"column":91}},"type":"default-arg","locations":[{"start":{"line":58,"column":86},"end":{"line":58,"column":91}}],"line":58},"21":{"loc":{"start":{"line":63,"column":47},"end":{"line":63,"column":56}},"type":"default-arg","locations":[{"start":{"line":63,"column":54},"end":{"line":63,"column":56}}],"line":63}},"s":{"0":10,"1":10,"2":10,"3":10,"4":10,"5":141,"6":141,"7":10,"8":141,"9":141,"10":141,"11":141,"12":141,"13":137,"14":27,"15":110,"16":1,"17":109,"18":4,"19":0,"20":4,"21":1,"22":3,"23":10,"24":7,"25":7,"26":130,"27":130,"28":2,"29":2,"30":2,"31":2},"f":{"0":141,"1":141,"2":7,"3":130,"4":2,"5":2},"b":{"0":[10,1],"1":[115,26],"2":[141,115],"3":[0],"4":[107],"5":[108],"6":[0],"7":[141,104],"8":[1,140],"9":[7,134],"10":[2,132],"11":[27,110],"12":[1,109],"13":[0,4],"14":[1,3],"15":[1],"16":[1],"17":[2],"18":[1],"19":[1],"20":[1],"21":[1]},"_coverageSchema":"1a1c01bbd47fc00a2c39e90264f33305004495a9","hash":"8641b60cb0e85996f11d549b034a8eaba8570a15"}
,"/Users/sergioabad/Desktop/ProjectsToWorkOn/IoT/Arduino_Antiguo/Code/IoT_Microservices-master/orchestrator-ms/src/app/routes/orchestrator.routes.js": {"path":"/Users/sergioabad/Desktop/ProjectsToWorkOn/IoT/Arduino_Antiguo/Code/IoT_Microservices-master/orchestrator-ms/src/app/routes/orchestrator.routes.js","statementMap":{"0":{"start":{"line":1,"column":19},"end":{"line":1,"column":37}},"1":{"start":{"line":2,"column":35},"end":{"line":2,"column":57}},"2":{"start":{"line":4,"column":25},"end":{"line":4,"column":59}},"3":{"start":{"line":5,"column":31},"end":{"line":5,"column":80}},"4":{"start":{"line":7,"column":22},"end":{"line":7,"column":106}},"5":{"start":{"line":8,"column":31},"end":{"line":8,"column":59}},"6":{"start":{"line":9,"column":15},"end":{"line":9,"column":23}},"7":{"start":{"line":25,"column":0},"end":{"line":25,"column":80}},"8":{"start":{"line":41,"column":0},"end":{"line":41,"column":77}},"9":{"start":{"line":57,"column":0},"end":{"line":57,"column":83}},"10":{"start":{"line":73,"column":0},"end":{"line":73,"column":80}},"11":{"start":{"line":98,"column":0},"end":{"line":98,"column":79}},"12":{"start":{"line":99,"column":0},"end":{"line":99,"column":85}},"13":{"start":{"line":100,"column":0},"end":{"line":100,"column":82}},"14":{"start":{"line":114,"column":0},"end":{"line":114,"column":90}},"15":{"start":{"line":128,"column":0},"end":{"line":128,"column":92}},"16":{"start":{"line":142,"column":0},"end":{"line":142,"column":90}},"17":{"start":{"line":156,"column":0},"end":{"line":156,"column":96}},"18":{"start":{"line":181,"column":0},"end":{"line":181,"column":51}},"19":{"start":{"line":204,"column":0},"end":{"line":204,"column":57}},"20":{"start":{"line":216,"column":0},"end":{"line":216,"column":55}},"21":{"start":{"line":239,"column":0},"end":{"line":239,"column":84}},"22":{"start":{"line":253,"column":0},"end":{"line":253,"column":71}},"23":{"start":{"line":267,"column":0},"end":{"line":267,"column":75}},"24":{"start":{"line":268,"column":0},"end":{"line":268,"column":77}},"25":{"start":{"line":270,"column":0},"end":{"line":276,"column":2}},"26":{"start":{"line":271,"column":2},"end":{"line":275,"column":3}},"27":{"start":{"line":272,"column":4},"end":{"line":272,"column":23}},"28":{"start":{"line":274,"column":4},"end":{"line":274,"column":15}},"29":{"start":{"line":278,"column":0},"end":{"line":278,"column":23}}},"fnMap":{"0":{"name":"(anonymous_0)","decl":{"start":{"line":270,"column":11},"end":{"line":270,"column":12}},"loc":{"start":{"line":270,"column":38},"end":{"line":276,"column":1}},"line":270}},"branchMap":{"0":{"loc":{"start":{"line":271,"column":2},"end":{"line":275,"column":3}},"type":"if","locations":[{"start":{"line":271,"column":2},"end":{"line":275,"column":3}},{"start":{"line":273,"column":9},"end":{"line":275,"column":3}}],"line":271}},"s":{"0":8,"1":8,"2":8,"3":8,"4":8,"5":8,"6":8,"7":8,"8":8,"9":8,"10":8,"11":8,"12":8,"13":8,"14":8,"15":8,"16":8,"17":8,"18":8,"19":8,"20":8,"21":8,"22":8,"23":8,"24":8,"25":8,"26":9,"27":8,"28":1,"29":8},"f":{"0":9},"b":{"0":[8,1]},"_coverageSchema":"1a1c01bbd47fc00a2c39e90264f33305004495a9","hash":"33bf97cf8f394e30b47185098c939479620aab7d"}
,"/Users/sergioabad/Desktop/ProjectsToWorkOn/IoT/Arduino_Antiguo/Code/IoT_Microservices-master/orchestrator-ms/src/config/jwt.config.js": {"path":"/Users/sergioabad/Desktop/ProjectsToWorkOn/IoT/Arduino_Antiguo/Code/IoT_Microservices-master/orchestrator-ms/src/config/jwt.config.js","statementMap":{"0":{"start":{"line":1,"column":0},"end":{"line":6,"column":1}}},"fnMap":{},"branchMap":{"0":{"loc":{"start":{"line":5,"column":16},"end":{"line":5,"column":56}},"type":"binary-expr","locations":[{"start":{"line":5,"column":16},"end":{"line":5,"column":38}},{"start":{"line":5,"column":42},"end":{"line":5,"column":56}}],"line":5}},"s":{"0":8},"f":{},"b":{"0":[8,8]},"_coverageSchema":"1a1c01bbd47fc00a2c39e90264f33305004495a9","hash":"8e3055dcb839641350f1d996918c123ba22d5e18"}
,"/Users/sergioabad/Desktop/ProjectsToWorkOn/IoT/Arduino_Antiguo/Code/IoT_Microservices-master/orchestrator-ms/src/config/services.config.js": {"path":"/Users/sergioabad/Desktop/ProjectsToWorkOn/IoT/Arduino_Antiguo/Code/IoT_Microservices-master/orchestrator-ms/src/config/services.config.js","statementMap":{"0":{"start":{"line":1,"column":21},"end":{"line":1,"column":64}},"1":{"start":{"line":2,"column":21},"end":{"line":2,"column":61}},"2":{"start":{"line":3,"column":24},"end":{"line":3,"column":70}},"3":{"start":{"line":4,"column":24},"end":{"line":4,"column":67}},"4":{"start":{"line":5,"column":33},"end":{"line":5,"column":88}},"5":{"start":{"line":6,"column":33},"end":{"line":6,"column":85}},"6":{"start":{"line":7,"column":19},"end":{"line":7,"column":56}},"7":{"start":{"line":8,"column":19},"end":{"line":8,"column":57}},"8":{"start":{"line":10,"column":22},"end":{"line":10,"column":66}},"9":{"start":{"line":11,"column":22},"end":{"line":11,"column":63}},"10":{"start":{"line":13,"column":0},"end":{"line":28,"column":1}}},"fnMap":{},"branchMap":{"0":{"loc":{"start":{"line":1,"column":21},"end":{"line":1,"column":64}},"type":"binary-expr","locations":[{"start":{"line":1,"column":21},"end":{"line":1,"column":49}},{"start":{"line":1,"column":53},"end":{"line":1,"column":64}}],"line":1},"1":{"loc":{"start":{"line":2,"column":21},"end":{"line":2,"column":61}},"type":"binary-expr","locations":[{"start":{"line":2,"column":21},"end":{"line":2,"column":53}},{"start":{"line":2,"column":57},"end":{"line":2,"column":61}}],"line":2},"2":{"loc":{"start":{"line":3,"column":24},"end":{"line":3,"column":70}},"type":"binary-expr","locations":[{"start":{"line":3,"column":24},"end":{"line":3,"column":55}},{"start":{"line":3,"column":59},"end":{"line":3,"column":70}}],"line":3},"3":{"loc":{"start":{"line":4,"column":24},"end":{"line":4,"column":67}},"type":"binary-expr","locations":[{"start":{"line":4,"column":24},"end":{"line":4,"column":59}},{"start":{"line":4,"column":63},"end":{"line":4,"column":67}}],"line":4},"4":{"loc":{"start":{"line":5,"column":33},"end":{"line":5,"column":88}},"type":"binary-expr","locations":[{"start":{"line":5,"column":33},"end":{"line":5,"column":73}},{"start":{"line":5,"column":77},"end":{"line":5,"column":88}}],"line":5},"5":{"loc":{"start":{"line":6,"column":33},"end":{"line":6,"column":85}},"type":"binary-expr","locations":[{"start":{"line":6,"column":33},"end":{"line":6,"column":77}},{"start":{"line":6,"column":81},"end":{"line":6,"column":85}}],"line":6},"6":{"loc":{"start":{"line":7,"column":19},"end":{"line":7,"column":56}},"type":"binary-expr","locations":[{"start":{"line":7,"column":19},"end":{"line":7,"column":45}},{"start":{"line":7,"column":49},"end":{"line":7,"column":56}}],"line":7},"7":{"loc":{"start":{"line":8,"column":19},"end":{"line":8,"column":57}},"type":"binary-expr","locations":[{"start":{"line":8,"column":19},"end":{"line":8,"column":49}},{"start":{"line":8,"column":53},"end":{"line":8,"column":57}}],"line":8},"8":{"loc":{"start":{"line":10,"column":22},"end":{"line":10,"column":66}},"type":"binary-expr","locations":[{"start":{"line":10,"column":22},"end":{"line":10,"column":51}},{"start":{"line":10,"column":55},"end":{"line":10,"column":66}}],"line":10},"9":{"loc":{"start":{"line":11,"column":22},"end":{"line":11,"column":63}},"type":"binary-expr","locations":[{"start":{"line":11,"column":22},"end":{"line":11,"column":55}},{"start":{"line":11,"column":59},"end":{"line":11,"column":63}}],"line":11},"10":{"loc":{"start":{"line":19,"column":17},"end":{"line":19,"column":60}},"type":"binary-expr","locations":[{"start":{"line":19,"column":17},"end":{"line":19,"column":50}},{"start":{"line":19,"column":54},"end":{"line":19,"column":60}}],"line":19},"11":{"loc":{"start":{"line":20,"column":17},"end":{"line":20,"column":64}},"type":"binary-expr","locations":[{"start":{"line":20,"column":17},"end":{"line":20,"column":50}},{"start":{"line":20,"column":54},"end":{"line":20,"column":64}}],"line":20},"12":{"loc":{"start":{"line":22,"column":14},"end":{"line":22,"column":61}},"type":"binary-expr","locations":[{"start":{"line":22,"column":14},"end":{"line":22,"column":45}},{"start":{"line":22,"column":49},"end":{"line":22,"column":61}}],"line":22},"13":{"loc":{"start":{"line":23,"column":11},"end":{"line":23,"column":51}},"type":"binary-expr","locations":[{"start":{"line":23,"column":11},"end":{"line":23,"column":39}},{"start":{"line":23,"column":43},"end":{"line":23,"column":51}}],"line":23},"14":{"loc":{"start":{"line":24,"column":17},"end":{"line":24,"column":69}},"type":"binary-expr","locations":[{"start":{"line":24,"column":17},"end":{"line":24,"column":51}},{"start":{"line":24,"column":55},"end":{"line":24,"column":69}}],"line":24}},"s":{"0":10,"1":10,"2":10,"3":10,"4":10,"5":10,"6":10,"7":10,"8":10,"9":10,"10":10},"f":{},"b":{"0":[10,10],"1":[10,10],"2":[10,10],"3":[10,10],"4":[10,10],"5":[10,10],"6":[10,10],"7":[10,10],"8":[10,10],"9":[10,10],"10":[10,10],"11":[10,10],"12":[10,10],"13":[10,10],"14":[10,10]},"_coverageSchema":"1a1c01bbd47fc00a2c39e90264f33305004495a9","hash":"ea9e9200493253fa8af77b587f34ab1479558d02"}
,"/Users/sergioabad/Desktop/ProjectsToWorkOn/IoT/Arduino_Antiguo/Code/IoT_Microservices-master/orchestrator-ms/src/helpers/helpers.js": {"path":"/Users/sergioabad/Desktop/ProjectsToWorkOn/IoT/Arduino_Antiguo/Code/IoT_Microservices-master/orchestrator-ms/src/helpers/helpers.js","statementMap":{"0":{"start":{"line":1,"column":15},"end":{"line":1,"column":32}},"1":{"start":{"line":3,"column":21},"end":{"line":5,"column":1}},"2":{"start":{"line":4,"column":2},"end":{"line":4,"column":67}},"3":{"start":{"line":7,"column":0},"end":{"line":9,"column":1}}},"fnMap":{"0":{"name":"(anonymous_0)","decl":{"start":{"line":3,"column":21},"end":{"line":3,"column":22}},"loc":{"start":{"line":3,"column":33},"end":{"line":5,"column":1}},"line":3}},"branchMap":{},"s":{"0":8,"1":8,"2":20,"3":8},"f":{"0":20},"b":{},"_coverageSchema":"1a1c01bbd47fc00a2c39e90264f33305004495a9","hash":"de15f1b2b54f26d5f50294c0984120c9bde6656a"}
,"/Users/sergioabad/Desktop/ProjectsToWorkOn/IoT/Arduino_Antiguo/Code/IoT_Microservices-master/orchestrator-ms/src/modules/jwt.module.js": {"path":"/Users/sergioabad/Desktop/ProjectsToWorkOn/IoT/Arduino_Antiguo/Code/IoT_Microservices-master/orchestrator-ms/src/modules/jwt.module.js","statementMap":{"0":{"start":{"line":1,"column":12},"end":{"line":1,"column":35}},"1":{"start":{"line":2,"column":18},"end":{"line":2,"column":39}},"2":{"start":{"line":9,"column":4},"end":{"line":9,"column":35}},"3":{"start":{"line":11,"column":33},"end":{"line":13,"column":1}},"4":{"start":{"line":12,"column":2},"end":{"line":12,"column":68}},"5":{"start":{"line":15,"column":0},"end":{"line":40,"column":1}},"6":{"start":{"line":18,"column":4},"end":{"line":18,"column":46}},"7":{"start":{"line":22,"column":4},"end":{"line":22,"column":80}},"8":{"start":{"line":26,"column":4},"end":{"line":26,"column":26}},"9":{"start":{"line":26,"column":16},"end":{"line":26,"column":26}},"10":{"start":{"line":27,"column":4},"end":{"line":27,"column":28}},"11":{"start":{"line":31,"column":4},"end":{"line":31,"column":41}},"12":{"start":{"line":31,"column":32},"end":{"line":31,"column":41}},"13":{"start":{"line":32,"column":4},"end":{"line":32,"column":45}},"14":{"start":{"line":36,"column":20},"end":{"line":36,"column":42}},"15":{"start":{"line":37,"column":4},"end":{"line":37,"column":51}}},"fnMap":{"0":{"name":"(anonymous_0)","decl":{"start":{"line":11,"column":33},"end":{"line":11,"column":34}},"loc":{"start":{"line":11,"column":39},"end":{"line":13,"column":1}},"line":11},"1":{"name":"(anonymous_1)","decl":{"start":{"line":17,"column":2},"end":{"line":17,"column":3}},"loc":{"start":{"line":17,"column":25},"end":{"line":19,"column":3}},"line":17},"2":{"name":"(anonymous_2)","decl":{"start":{"line":21,"column":2},"end":{"line":21,"column":3}},"loc":{"start":{"line":21,"column":25},"end":{"line":23,"column":3}},"line":21},"3":{"name":"(anonymous_3)","decl":{"start":{"line":25,"column":2},"end":{"line":25,"column":3}},"loc":{"start":{"line":25,"column":20},"end":{"line":28,"column":3}},"line":25},"4":{"name":"(anonymous_4)","decl":{"start":{"line":30,"column":2},"end":{"line":30,"column":3}},"loc":{"start":{"line":30,"column":31},"end":{"line":33,"column":3}},"line":30},"5":{"name":"(anonymous_5)","decl":{"start":{"line":35,"column":2},"end":{"line":35,"column":3}},"loc":{"start":{"line":35,"column":23},"end":{"line":38,"column":3}},"line":35}},"branchMap":{"0":{"loc":{"start":{"line":26,"column":4},"end":{"line":26,"column":26}},"type":"if","locations":[{"start":{"line":26,"column":4},"end":{"line":26,"column":26}},{"start":{},"end":{}}],"line":26},"1":{"loc":{"start":{"line":31,"column":4},"end":{"line":31,"column":41}},"type":"if","locations":[{"start":{"line":31,"column":4},"end":{"line":31,"column":41}},{"start":{},"end":{}}],"line":31}},"s":{"0":8,"1":8,"2":8,"3":8,"4":3,"5":8,"6":21,"7":9,"8":8,"9":1,"10":7,"11":5,"12":1,"13":4,"14":3,"15":3},"f":{"0":3,"1":21,"2":9,"3":8,"4":5,"5":3},"b":{"0":[1,7],"1":[1,4]},"_coverageSchema":"1a1c01bbd47fc00a2c39e90264f33305004495a9","hash":"5eccf744cb62d2cd8e568a0aa9dc5cc149c2e5db"}
}
