{"/Users/sergioabad/Desktop/ProjectsToWorkOn/IoT/Arduino_Antiguo/Code/IoT_Microservices-master/orchestrator-ms/src/app/app.js": {"path":"/Users/sergioabad/Desktop/ProjectsToWorkOn/IoT/Arduino_Antiguo/Code/IoT_Microservices-master/orchestrator-ms/src/app/app.js","statementMap":{"0":{"start":{"line":1,"column":13},"end":{"line":1,"column":28}},"1":{"start":{"line":2,"column":16},"end":{"line":2,"column":34}},"2":{"start":{"line":3,"column":18},"end":{"line":3,"column":47}},"3":{"start":{"line":5,"column":15},"end":{"line":5,"column":37}},"4":{"start":{"line":6,"column":18},"end":{"line":6,"column":47}},"5":{"start":{"line":7,"column":21},"end":{"line":7,"column":45}},"6":{"start":{"line":9,"column":12},"end":{"line":9,"column":21}},"7":{"start":{"line":12,"column":22},"end":{"line":16,"column":2}},"8":{"start":{"line":18,"column":20},"end":{"line":22,"column":2}},"9":{"start":{"line":24,"column":0},"end":{"line":24,"column":23}},"10":{"start":{"line":25,"column":0},"end":{"line":25,"column":31}},"11":{"start":{"line":26,"column":0},"end":{"line":26,"column":34}},"12":{"start":{"line":29,"column":23},"end":{"line":54,"column":1}},"13":{"start":{"line":56,"column":20},"end":{"line":56,"column":48}},"14":{"start":{"line":57,"column":0},"end":{"line":57,"column":68}},"15":{"start":{"line":60,"column":17},"end":{"line":60,"column":38}},"16":{"start":{"line":63,"column":0},"end":{"line":63,"column":43}},"17":{"start":{"line":65,"column":0},"end":{"line":65,"column":16}},"18":{"start":{"line":66,"column":0},"end":{"line":66,"column":24}},"19":{"start":{"line":67,"column":0},"end":{"line":67,"column":49}},"20":{"start":{"line":70,"column":0},"end":{"line":73,"column":3}},"21":{"start":{"line":71,"column":4},"end":{"line":71,"column":74}},"22":{"start":{"line":72,"column":4},"end":{"line":72,"column":11}},"23":{"start":{"line":75,"column":0},"end":{"line":75,"column":100}},"24":{"start":{"line":75,"column":33},"end":{"line":75,"column":99}},"25":{"start":{"line":77,"column":0},"end":{"line":80,"column":3}},"26":{"start":{"line":78,"column":4},"end":{"line":78,"column":56}},"27":{"start":{"line":79,"column":4},"end":{"line":79,"column":39}},"28":{"start":{"line":82,"column":0},"end":{"line":82,"column":48}},"29":{"start":{"line":85,"column":0},"end":{"line":85,"column":28}},"30":{"start":{"line":87,"column":0},"end":{"line":87,"column":21}}},"fnMap":{"0":{"name":"(anonymous_0)","decl":{"start":{"line":70,"column":8},"end":{"line":70,"column":9}},"loc":{"start":{"line":70,"column":28},"end":{"line":73,"column":1}},"line":70},"1":{"name":"(anonymous_1)","decl":{"start":{"line":75,"column":19},"end":{"line":75,"column":20}},"loc":{"start":{"line":75,"column":33},"end":{"line":75,"column":99}},"line":75},"2":{"name":"(anonymous_2)","decl":{"start":{"line":77,"column":20},"end":{"line":77,"column":21}},"loc":{"start":{"line":77,"column":40},"end":{"line":80,"column":1}},"line":77}},"branchMap":{},"s":{"0":10,"1":10,"2":10,"3":10,"4":10,"5":10,"6":10,"7":10,"8":10,"9":10,"10":10,"11":10,"12":10,"13":10,"14":10,"15":10,"16":10,"17":10,"18":10,"19":10,"20":10,"21":161,"22":161,"23":10,"24":2,"25":10,"26":1,"27":1,"28":10,"29":10,"30":10},"f":{"0":161,"1":2,"2":1},"b":{},"_coverageSchema":"1a1c01bbd47fc00a2c39e90264f33305004495a9","hash":"a9d0033b57e93c545a7fc0451c62198a8ccc85c2"}
,"/Users/sergioabad/Desktop/ProjectsToWorkOn/IoT/Arduino_Antiguo/Code/IoT_Microservices-master/orchestrator-ms/src/app/controllers/orchestrator.controller.js": {"path":"/Users/sergioabad/Desktop/ProjectsToWorkOn/IoT/Arduino_Antiguo/Code/IoT_Microservices-master/orchestrator-ms/src/app/controllers/orchestrator.controller.js","statementMap":{"0":{"start":{"line":1,"column":60},"end":{"line":1,"column":99}},"1":{"start":{"line":2,"column":25},"end":{"line":2,"column":57}},"2":{"start":{"line":4,"column":18},"end":{"line":4,"column":53}},"3":{"start":{"line":5,"column":27},"end":{"line":5,"column":59}},"4":{"start":{"line":7,"column":12},"end":{"line":7,"column":27}},"5":{"start":{"line":8,"column":27},"end":{"line":8,"column":51}},"6":{"start":{"line":10,"column":15},"end":{"line":22,"column":1}},"7":{"start":{"line":11,"column":15},"end":{"line":11,"column":23}},"8":{"start":{"line":12,"column":2},"end":{"line":12,"column":66}},"9":{"start":{"line":12,"column":40},"end":{"line":12,"column":66}},"10":{"start":{"line":14,"column":2},"end":{"line":14,"column":45}},"11":{"start":{"line":15,"column":2},"end":{"line":15,"column":48}},"12":{"start":{"line":17,"column":19},"end":{"line":17,"column":104}},"13":{"start":{"line":18,"column":2},"end":{"line":18,"column":66}},"14":{"start":{"line":18,"column":40},"end":{"line":18,"column":66}},"15":{"start":{"line":20,"column":22},"end":{"line":20,"column":68}},"16":{"start":{"line":21,"column":2},"end":{"line":21,"column":67}},"17":{"start":{"line":24,"column":0},"end":{"line":166,"column":1}},"18":{"start":{"line":27,"column":29},"end":{"line":27,"column":38}},"19":{"start":{"line":28,"column":4},"end":{"line":28,"column":49}},"20":{"start":{"line":28,"column":15},"end":{"line":28,"column":49}},"21":{"start":{"line":29,"column":4},"end":{"line":29,"column":38}},"22":{"start":{"line":32,"column":21},"end":{"line":32,"column":103}},"23":{"start":{"line":34,"column":4},"end":{"line":45,"column":5}},"24":{"start":{"line":35,"column":17},"end":{"line":35,"column":34}},"25":{"start":{"line":36,"column":6},"end":{"line":43,"column":7}},"26":{"start":{"line":38,"column":8},"end":{"line":42,"column":11}},"27":{"start":{"line":44,"column":6},"end":{"line":44,"column":37}},"28":{"start":{"line":46,"column":4},"end":{"line":48,"column":5}},"29":{"start":{"line":47,"column":6},"end":{"line":47,"column":33}},"30":{"start":{"line":52,"column":28},"end":{"line":52,"column":36}},"31":{"start":{"line":53,"column":4},"end":{"line":53,"column":49}},"32":{"start":{"line":53,"column":15},"end":{"line":53,"column":49}},"33":{"start":{"line":54,"column":4},"end":{"line":54,"column":37}},"34":{"start":{"line":55,"column":4},"end":{"line":55,"column":85}},"35":{"start":{"line":60,"column":4},"end":{"line":60,"column":35}},"36":{"start":{"line":64,"column":4},"end":{"line":64,"column":38}},"37":{"start":{"line":68,"column":24},"end":{"line":68,"column":60}},"38":{"start":{"line":69,"column":29},"end":{"line":69,"column":37}},"39":{"start":{"line":70,"column":20},"end":{"line":70,"column":47}},"40":{"start":{"line":72,"column":4},"end":{"line":72,"column":98}},"41":{"start":{"line":72,"column":72},"end":{"line":72,"column":98}},"42":{"start":{"line":73,"column":4},"end":{"line":73,"column":67}},"43":{"start":{"line":73,"column":41},"end":{"line":73,"column":67}},"44":{"start":{"line":75,"column":28},"end":{"line":75,"column":54}},"45":{"start":{"line":76,"column":25},"end":{"line":76,"column":32}},"46":{"start":{"line":77,"column":17},"end":{"line":77,"column":60}},"47":{"start":{"line":78,"column":21},"end":{"line":78,"column":111}},"48":{"start":{"line":80,"column":4},"end":{"line":80,"column":50}},"49":{"start":{"line":80,"column":24},"end":{"line":80,"column":50}},"50":{"start":{"line":81,"column":4},"end":{"line":84,"column":6}},"51":{"start":{"line":88,"column":25},"end":{"line":88,"column":33}},"52":{"start":{"line":89,"column":4},"end":{"line":89,"column":101}},"53":{"start":{"line":93,"column":28},"end":{"line":93,"column":36}},"54":{"start":{"line":95,"column":4},"end":{"line":95,"column":48}},"55":{"start":{"line":96,"column":4},"end":{"line":96,"column":110}},"56":{"start":{"line":100,"column":35},"end":{"line":100,"column":43}},"57":{"start":{"line":102,"column":4},"end":{"line":102,"column":55}},"58":{"start":{"line":103,"column":4},"end":{"line":103,"column":116}},"59":{"start":{"line":107,"column":28},"end":{"line":107,"column":37}},"60":{"start":{"line":108,"column":4},"end":{"line":117,"column":5}},"61":{"start":{"line":121,"column":25},"end":{"line":121,"column":33}},"62":{"start":{"line":122,"column":4},"end":{"line":122,"column":45}},"63":{"start":{"line":122,"column":19},"end":{"line":122,"column":45}},"64":{"start":{"line":124,"column":17},"end":{"line":127,"column":5}},"65":{"start":{"line":129,"column":21},"end":{"line":129,"column":118}},"66":{"start":{"line":130,"column":4},"end":{"line":130,"column":50}},"67":{"start":{"line":130,"column":24},"end":{"line":130,"column":50}},"68":{"start":{"line":131,"column":4},"end":{"line":131,"column":58}},"69":{"start":{"line":135,"column":35},"end":{"line":135,"column":43}},"70":{"start":{"line":136,"column":17},"end":{"line":141,"column":5}},"71":{"start":{"line":142,"column":4},"end":{"line":142,"column":78}},"72":{"start":{"line":146,"column":43},"end":{"line":146,"column":51}},"73":{"start":{"line":147,"column":17},"end":{"line":152,"column":5}},"74":{"start":{"line":153,"column":4},"end":{"line":153,"column":80}},"75":{"start":{"line":157,"column":28},"end":{"line":157,"column":36}},"76":{"start":{"line":158,"column":17},"end":{"line":162,"column":5}},"77":{"start":{"line":163,"column":4},"end":{"line":163,"column":81}}},"fnMap":{"0":{"name":"(anonymous_0)","decl":{"start":{"line":10,"column":15},"end":{"line":10,"column":16}},"loc":{"start":{"line":10,"column":41},"end":{"line":22,"column":1}},"line":10},"1":{"name":"(anonymous_1)","decl":{"start":{"line":26,"column":2},"end":{"line":26,"column":3}},"loc":{"start":{"line":26,"column":36},"end":{"line":49,"column":3}},"line":26},"2":{"name":"(anonymous_2)","decl":{"start":{"line":51,"column":2},"end":{"line":51,"column":3}},"loc":{"start":{"line":51,"column":37},"end":{"line":57,"column":3}},"line":51},"3":{"name":"(anonymous_3)","decl":{"start":{"line":59,"column":2},"end":{"line":59,"column":3}},"loc":{"start":{"line":59,"column":24},"end":{"line":61,"column":3}},"line":59},"4":{"name":"(anonymous_4)","decl":{"start":{"line":63,"column":2},"end":{"line":63,"column":3}},"loc":{"start":{"line":63,"column":27},"end":{"line":65,"column":3}},"line":63},"5":{"name":"(anonymous_5)","decl":{"start":{"line":67,"column":2},"end":{"line":67,"column":3}},"loc":{"start":{"line":67,"column":26},"end":{"line":85,"column":3}},"line":67},"6":{"name":"(anonymous_6)","decl":{"start":{"line":87,"column":2},"end":{"line":87,"column":3}},"loc":{"start":{"line":87,"column":38},"end":{"line":90,"column":3}},"line":87},"7":{"name":"(anonymous_7)","decl":{"start":{"line":92,"column":2},"end":{"line":92,"column":3}},"loc":{"start":{"line":92,"column":39},"end":{"line":97,"column":3}},"line":92},"8":{"name":"(anonymous_8)","decl":{"start":{"line":99,"column":2},"end":{"line":99,"column":3}},"loc":{"start":{"line":99,"column":38},"end":{"line":104,"column":3}},"line":99},"9":{"name":"(anonymous_9)","decl":{"start":{"line":106,"column":2},"end":{"line":106,"column":3}},"loc":{"start":{"line":106,"column":41},"end":{"line":118,"column":3}},"line":106},"10":{"name":"(anonymous_10)","decl":{"start":{"line":120,"column":2},"end":{"line":120,"column":3}},"loc":{"start":{"line":120,"column":33},"end":{"line":132,"column":3}},"line":120},"11":{"name":"(anonymous_11)","decl":{"start":{"line":134,"column":2},"end":{"line":134,"column":3}},"loc":{"start":{"line":134,"column":26},"end":{"line":143,"column":3}},"line":134},"12":{"name":"(anonymous_12)","decl":{"start":{"line":145,"column":2},"end":{"line":145,"column":3}},"loc":{"start":{"line":145,"column":28},"end":{"line":154,"column":3}},"line":145},"13":{"name":"(anonymous_13)","decl":{"start":{"line":156,"column":2},"end":{"line":156,"column":3}},"loc":{"start":{"line":156,"column":29},"end":{"line":164,"column":3}},"line":156}},"branchMap":{"0":{"loc":{"start":{"line":12,"column":2},"end":{"line":12,"column":66}},"type":"if","locations":[{"start":{"line":12,"column":2},"end":{"line":12,"column":66}},{"start":{},"end":{}}],"line":12},"1":{"loc":{"start":{"line":12,"column":6},"end":{"line":12,"column":38}},"type":"binary-expr","locations":[{"start":{"line":12,"column":6},"end":{"line":12,"column":20}},{"start":{"line":12,"column":24},"end":{"line":12,"column":38}}],"line":12},"2":{"loc":{"start":{"line":18,"column":2},"end":{"line":18,"column":66}},"type":"if","locations":[{"start":{"line":18,"column":2},"end":{"line":18,"column":66}},{"start":{},"end":{}}],"line":18},"3":{"loc":{"start":{"line":28,"column":4},"end":{"line":28,"column":49}},"type":"if","locations":[{"start":{"line":28,"column":4},"end":{"line":28,"column":49}},{"start":{},"end":{}}],"line":28},"4":{"loc":{"start":{"line":34,"column":4},"end":{"line":45,"column":5}},"type":"if","locations":[{"start":{"line":34,"column":4},"end":{"line":45,"column":5}},{"start":{},"end":{}}],"line":34},"5":{"loc":{"start":{"line":34,"column":8},"end":{"line":34,"column":33}},"type":"binary-expr","locations":[{"start":{"line":34,"column":8},"end":{"line":34,"column":16}},{"start":{"line":34,"column":20},"end":{"line":34,"column":33}}],"line":34},"6":{"loc":{"start":{"line":36,"column":6},"end":{"line":43,"column":7}},"type":"if","locations":[{"start":{"line":36,"column":6},"end":{"line":43,"column":7}},{"start":{},"end":{}}],"line":36},"7":{"loc":{"start":{"line":46,"column":4},"end":{"line":48,"column":5}},"type":"if","locations":[{"start":{"line":46,"column":4},"end":{"line":48,"column":5}},{"start":{},"end":{}}],"line":46},"8":{"loc":{"start":{"line":53,"column":4},"end":{"line":53,"column":49}},"type":"if","locations":[{"start":{"line":53,"column":4},"end":{"line":53,"column":49}},{"start":{},"end":{}}],"line":53},"9":{"loc":{"start":{"line":72,"column":4},"end":{"line":72,"column":98}},"type":"if","locations":[{"start":{"line":72,"column":4},"end":{"line":72,"column":98}},{"start":{},"end":{}}],"line":72},"10":{"loc":{"start":{"line":72,"column":8},"end":{"line":72,"column":70}},"type":"binary-expr","locations":[{"start":{"line":72,"column":8},"end":{"line":72,"column":21}},{"start":{"line":72,"column":25},"end":{"line":72,"column":37}},{"start":{"line":72,"column":41},"end":{"line":72,"column":49}},{"start":{"line":72,"column":53},"end":{"line":72,"column":70}}],"line":72},"11":{"loc":{"start":{"line":73,"column":4},"end":{"line":73,"column":67}},"type":"if","locations":[{"start":{"line":73,"column":4},"end":{"line":73,"column":67}},{"start":{},"end":{}}],"line":73},"12":{"loc":{"start":{"line":80,"column":4},"end":{"line":80,"column":50}},"type":"if","locations":[{"start":{"line":80,"column":4},"end":{"line":80,"column":50}},{"start":{},"end":{}}],"line":80},"13":{"loc":{"start":{"line":122,"column":4},"end":{"line":122,"column":45}},"type":"if","locations":[{"start":{"line":122,"column":4},"end":{"line":122,"column":45}},{"start":{},"end":{}}],"line":122},"14":{"loc":{"start":{"line":130,"column":4},"end":{"line":130,"column":50}},"type":"if","locations":[{"start":{"line":130,"column":4},"end":{"line":130,"column":50}},{"start":{},"end":{}}],"line":130},"15":{"loc":{"start":{"line":140,"column":13},"end":{"line":140,"column":26}},"type":"binary-expr","locations":[{"start":{"line":140,"column":13},"end":{"line":140,"column":18}},{"start":{"line":140,"column":22},"end":{"line":140,"column":26}}],"line":140}},"s":{"0":10,"1":10,"2":10,"3":10,"4":10,"5":10,"6":10,"7":21,"8":21,"9":2,"10":19,"11":19,"12":19,"13":19,"14":12,"15":7,"16":7,"17":10,"18":6,"19":6,"20":4,"21":6,"22":6,"23":6,"24":4,"25":4,"26":2,"27":4,"28":2,"29":1,"30":4,"31":4,"32":3,"33":4,"34":4,"35":18,"36":3,"37":6,"38":6,"39":6,"40":6,"41":2,"42":4,"43":1,"44":3,"45":3,"46":3,"47":3,"48":3,"49":1,"50":2,"51":2,"52":2,"53":1,"54":1,"55":1,"56":1,"57":1,"58":1,"59":1,"60":1,"61":3,"62":3,"63":1,"64":2,"65":2,"66":2,"67":1,"68":1,"69":1,"70":1,"71":1,"72":103,"73":103,"74":103,"75":1,"76":1,"77":1},"f":{"0":21,"1":6,"2":4,"3":18,"4":3,"5":6,"6":2,"7":1,"8":1,"9":1,"10":3,"11":1,"12":103,"13":1},"b":{"0":[2,19],"1":[21,19],"2":[12,7],"3":[4,2],"4":[4,2],"5":[6,6],"6":[2,2],"7":[1,1],"8":[3,1],"9":[2,4],"10":[6,6,5,4],"11":[1,3],"12":[1,2],"13":[1,2],"14":[1,1],"15":[1,1]},"_coverageSchema":"1a1c01bbd47fc00a2c39e90264f33305004495a9","hash":"5728313e552d9d9d132be15ff3aa2f923ab21773"}
,"/Users/sergioabad/Desktop/ProjectsToWorkOn/IoT/Arduino_Antiguo/Code/IoT_Microservices-master/orchestrator-ms/src/app/controllers/services.controller.js": {"path":"/Users/sergioabad/Desktop/ProjectsToWorkOn/IoT/Arduino_Antiguo/Code/IoT_Microservices-master/orchestrator-ms/src/app/controllers/services.controller.js","statementMap":{"0":{"start":{"line":1,"column":14},"end":{"line":1,"column":30}},"1":{"start":{"line":2,"column":20},"end":{"line":2,"column":43}},"2":{"start":{"line":4,"column":86},"end":{"line":4,"column":125}},"3":{"start":{"line":10,"column":25},"end":{"line":10,"column":59}},"4":{"start":{"line":13,"column":21},"end":{"line":18,"column":1}},"5":{"start":{"line":14,"column":20},"end":{"line":14,"column":78}},"6":{"start":{"line":15,"column":2},"end":{"line":17,"column":8}},"7":{"start":{"line":20,"column":33},"end":{"line":44,"column":1}},"8":{"start":{"line":21,"column":2},"end":{"line":43,"column":3}},"9":{"start":{"line":22,"column":22},"end":{"line":22,"column":66}},"10":{"start":{"line":23,"column":20},"end":{"line":23,"column":66}},"11":{"start":{"line":25,"column":19},"end":{"line":25,"column":39}},"12":{"start":{"line":26,"column":21},"end":{"line":30,"column":48}},"13":{"start":{"line":32,"column":4},"end":{"line":32,"column":39}},"14":{"start":{"line":32,"column":24},"end":{"line":32,"column":39}},"15":{"start":{"line":33,"column":4},"end":{"line":33,"column":50}},"16":{"start":{"line":33,"column":24},"end":{"line":33,"column":50}},"17":{"start":{"line":34,"column":4},"end":{"line":34,"column":49}},"18":{"start":{"line":36,"column":4},"end":{"line":38,"column":5}},"19":{"start":{"line":37,"column":6},"end":{"line":37,"column":63}},"20":{"start":{"line":39,"column":4},"end":{"line":41,"column":5}},"21":{"start":{"line":40,"column":6},"end":{"line":40,"column":72}},"22":{"start":{"line":42,"column":4},"end":{"line":42,"column":57}},"23":{"start":{"line":46,"column":0},"end":{"line":68,"column":1}},"24":{"start":{"line":49,"column":16},"end":{"line":49,"column":75}},"25":{"start":{"line":50,"column":4},"end":{"line":50,"column":106}},"26":{"start":{"line":54,"column":16},"end":{"line":54,"column":43}},"27":{"start":{"line":55,"column":4},"end":{"line":55,"column":112}},"28":{"start":{"line":59,"column":16},"end":{"line":59,"column":43}},"29":{"start":{"line":60,"column":4},"end":{"line":60,"column":111}},"30":{"start":{"line":64,"column":16},"end":{"line":64,"column":43}},"31":{"start":{"line":65,"column":4},"end":{"line":65,"column":102}}},"fnMap":{"0":{"name":"(anonymous_0)","decl":{"start":{"line":13,"column":21},"end":{"line":13,"column":22}},"loc":{"start":{"line":13,"column":34},"end":{"line":18,"column":1}},"line":13},"1":{"name":"(anonymous_1)","decl":{"start":{"line":20,"column":33},"end":{"line":20,"column":34}},"loc":{"start":{"line":20,"column":119},"end":{"line":44,"column":1}},"line":20},"2":{"name":"(anonymous_2)","decl":{"start":{"line":48,"column":2},"end":{"line":48,"column":3}},"loc":{"start":{"line":48,"column":91},"end":{"line":51,"column":3}},"line":48},"3":{"name":"(anonymous_3)","decl":{"start":{"line":53,"column":2},"end":{"line":53,"column":3}},"loc":{"start":{"line":53,"column":86},"end":{"line":56,"column":3}},"line":53},"4":{"name":"(anonymous_4)","decl":{"start":{"line":58,"column":2},"end":{"line":58,"column":3}},"loc":{"start":{"line":58,"column":93},"end":{"line":61,"column":3}},"line":58},"5":{"name":"(anonymous_5)","decl":{"start":{"line":63,"column":2},"end":{"line":63,"column":3}},"loc":{"start":{"line":63,"column":64},"end":{"line":66,"column":3}},"line":63}},"branchMap":{"0":{"loc":{"start":{"line":10,"column":25},"end":{"line":10,"column":59}},"type":"binary-expr","locations":[{"start":{"line":10,"column":25},"end":{"line":10,"column":53}},{"start":{"line":10,"column":57},"end":{"line":10,"column":59}}],"line":10},"1":{"loc":{"start":{"line":15,"column":9},"end":{"line":17,"column":8}},"type":"cond-expr","locations":[{"start":{"line":16,"column":6},"end":{"line":16,"column":48}},{"start":{"line":17,"column":6},"end":{"line":17,"column":8}}],"line":15},"2":{"loc":{"start":{"line":15,"column":9},"end":{"line":15,"column":38}},"type":"binary-expr","locations":[{"start":{"line":15,"column":9},"end":{"line":15,"column":18}},{"start":{"line":15,"column":22},"end":{"line":15,"column":38}}],"line":15},"3":{"loc":{"start":{"line":20,"column":58},"end":{"line":20,"column":67}},"type":"default-arg","locations":[{"start":{"line":20,"column":65},"end":{"line":20,"column":67}}],"line":20},"4":{"loc":{"start":{"line":20,"column":69},"end":{"line":20,"column":81}},"type":"default-arg","locations":[{"start":{"line":20,"column":78},"end":{"line":20,"column":81}}],"line":20},"5":{"loc":{"start":{"line":20,"column":83},"end":{"line":20,"column":105}},"type":"default-arg","locations":[{"start":{"line":20,"column":100},"end":{"line":20,"column":105}}],"line":20},"6":{"loc":{"start":{"line":22,"column":22},"end":{"line":22,"column":66}},"type":"binary-expr","locations":[{"start":{"line":22,"column":22},"end":{"line":22,"column":41}},{"start":{"line":22,"column":45},"end":{"line":22,"column":66}}],"line":22},"7":{"loc":{"start":{"line":23,"column":20},"end":{"line":23,"column":66}},"type":"cond-expr","locations":[{"start":{"line":23,"column":32},"end":{"line":23,"column":48}},{"start":{"line":23,"column":51},"end":{"line":23,"column":66}}],"line":23},"8":{"loc":{"start":{"line":26,"column":21},"end":{"line":30,"column":48}},"type":"cond-expr","locations":[{"start":{"line":27,"column":8},"end":{"line":27,"column":36}},{"start":{"line":28,"column":8},"end":{"line":30,"column":48}}],"line":26},"9":{"loc":{"start":{"line":28,"column":8},"end":{"line":30,"column":48}},"type":"cond-expr","locations":[{"start":{"line":29,"column":10},"end":{"line":29,"column":60}},{"start":{"line":30,"column":10},"end":{"line":30,"column":48}}],"line":28},"10":{"loc":{"start":{"line":32,"column":4},"end":{"line":32,"column":39}},"type":"if","locations":[{"start":{"line":32,"column":4},"end":{"line":32,"column":39}},{"start":{},"end":{}}],"line":32},"11":{"loc":{"start":{"line":33,"column":4},"end":{"line":33,"column":50}},"type":"if","locations":[{"start":{"line":33,"column":4},"end":{"line":33,"column":50}},{"start":{},"end":{}}],"line":33},"12":{"loc":{"start":{"line":36,"column":4},"end":{"line":38,"column":5}},"type":"if","locations":[{"start":{"line":36,"column":4},"end":{"line":38,"column":5}},{"start":{},"end":{}}],"line":36},"13":{"loc":{"start":{"line":39,"column":4},"end":{"line":41,"column":5}},"type":"if","locations":[{"start":{"line":39,"column":4},"end":{"line":41,"column":5}},{"start":{},"end":{}}],"line":39},"14":{"loc":{"start":{"line":48,"column":44},"end":{"line":48,"column":53}},"type":"default-arg","locations":[{"start":{"line":48,"column":51},"end":{"line":48,"column":53}}],"line":48},"15":{"loc":{"start":{"line":48,"column":55},"end":{"line":48,"column":65}},"type":"default-arg","locations":[{"start":{"line":48,"column":63},"end":{"line":48,"column":65}}],"line":48},"16":{"loc":{"start":{"line":48,"column":67},"end":{"line":48,"column":89}},"type":"default-arg","locations":[{"start":{"line":48,"column":84},"end":{"line":48,"column":89}}],"line":48},"17":{"loc":{"start":{"line":53,"column":45},"end":{"line":53,"column":54}},"type":"default-arg","locations":[{"start":{"line":53,"column":52},"end":{"line":53,"column":54}}],"line":53},"18":{"loc":{"start":{"line":58,"column":44},"end":{"line":58,"column":53}},"type":"default-arg","locations":[{"start":{"line":58,"column":51},"end":{"line":58,"column":53}}],"line":58},"19":{"loc":{"start":{"line":58,"column":69},"end":{"line":58,"column":91}},"type":"default-arg","locations":[{"start":{"line":58,"column":86},"end":{"line":58,"column":91}}],"line":58},"20":{"loc":{"start":{"line":63,"column":47},"end":{"line":63,"column":56}},"type":"default-arg","locations":[{"start":{"line":63,"column":54},"end":{"line":63,"column":56}}],"line":63}},"s":{"0":14,"1":14,"2":14,"3":14,"4":14,"5":154,"6":154,"7":14,"8":154,"9":154,"10":154,"11":154,"12":154,"13":148,"14":30,"15":118,"16":2,"17":115,"18":7,"19":1,"20":6,"21":2,"22":4,"23":14,"24":13,"25":13,"26":135,"27":135,"28":4,"29":4,"30":2,"31":2},"f":{"0":154,"1":154,"2":13,"3":135,"4":4,"5":2},"b":{"0":[14,3],"1":[121,33],"2":[154,122],"3":[1],"4":[106],"5":[111],"6":[154,106],"7":[2,152],"8":[13,141],"9":[2,139],"10":[30,118],"11":[2,115],"12":[1,6],"13":[2,4],"14":[4],"15":[4],"16":[6],"17":[2],"18":[1],"19":[2],"20":[1]},"_coverageSchema":"1a1c01bbd47fc00a2c39e90264f33305004495a9","hash":"e0c492092b97254ea2a1af08f372a3c616f14e0a"}
,"/Users/sergioabad/Desktop/ProjectsToWorkOn/IoT/Arduino_Antiguo/Code/IoT_Microservices-master/orchestrator-ms/src/app/routes/orchestrator.routes.js": {"path":"/Users/sergioabad/Desktop/ProjectsToWorkOn/IoT/Arduino_Antiguo/Code/IoT_Microservices-master/orchestrator-ms/src/app/routes/orchestrator.routes.js","statementMap":{"0":{"start":{"line":1,"column":19},"end":{"line":1,"column":37}},"1":{"start":{"line":2,"column":35},"end":{"line":2,"column":57}},"2":{"start":{"line":4,"column":25},"end":{"line":4,"column":59}},"3":{"start":{"line":5,"column":31},"end":{"line":5,"column":80}},"4":{"start":{"line":7,"column":22},"end":{"line":7,"column":106}},"5":{"start":{"line":8,"column":31},"end":{"line":8,"column":59}},"6":{"start":{"line":9,"column":15},"end":{"line":9,"column":23}},"7":{"start":{"line":25,"column":0},"end":{"line":25,"column":80}},"8":{"start":{"line":41,"column":0},"end":{"line":41,"column":77}},"9":{"start":{"line":57,"column":0},"end":{"line":57,"column":83}},"10":{"start":{"line":73,"column":0},"end":{"line":73,"column":80}},"11":{"start":{"line":98,"column":0},"end":{"line":98,"column":79}},"12":{"start":{"line":99,"column":0},"end":{"line":99,"column":85}},"13":{"start":{"line":100,"column":0},"end":{"line":100,"column":82}},"14":{"start":{"line":114,"column":0},"end":{"line":114,"column":90}},"15":{"start":{"line":128,"column":0},"end":{"line":128,"column":92}},"16":{"start":{"line":142,"column":0},"end":{"line":142,"column":90}},"17":{"start":{"line":156,"column":0},"end":{"line":156,"column":96}},"18":{"start":{"line":181,"column":0},"end":{"line":181,"column":51}},"19":{"start":{"line":204,"column":0},"end":{"line":204,"column":57}},"20":{"start":{"line":216,"column":0},"end":{"line":216,"column":55}},"21":{"start":{"line":239,"column":0},"end":{"line":239,"column":84}},"22":{"start":{"line":253,"column":0},"end":{"line":253,"column":71}},"23":{"start":{"line":267,"column":0},"end":{"line":267,"column":75}},"24":{"start":{"line":268,"column":0},"end":{"line":268,"column":77}},"25":{"start":{"line":270,"column":0},"end":{"line":276,"column":2}},"26":{"start":{"line":271,"column":2},"end":{"line":275,"column":3}},"27":{"start":{"line":272,"column":4},"end":{"line":272,"column":23}},"28":{"start":{"line":274,"column":4},"end":{"line":274,"column":15}},"29":{"start":{"line":278,"column":0},"end":{"line":278,"column":23}}},"fnMap":{"0":{"name":"(anonymous_0)","decl":{"start":{"line":270,"column":11},"end":{"line":270,"column":12}},"loc":{"start":{"line":270,"column":38},"end":{"line":276,"column":1}},"line":270}},"branchMap":{"0":{"loc":{"start":{"line":271,"column":2},"end":{"line":275,"column":3}},"type":"if","locations":[{"start":{"line":271,"column":2},"end":{"line":275,"column":3}},{"start":{"line":273,"column":9},"end":{"line":275,"column":3}}],"line":271}},"s":{"0":10,"1":10,"2":10,"3":10,"4":10,"5":10,"6":10,"7":10,"8":10,"9":10,"10":10,"11":10,"12":10,"13":10,"14":10,"15":10,"16":10,"17":10,"18":10,"19":10,"20":10,"21":10,"22":10,"23":10,"24":10,"25":10,"26":9,"27":8,"28":1,"29":10},"f":{"0":9},"b":{"0":[8,1]},"_coverageSchema":"1a1c01bbd47fc00a2c39e90264f33305004495a9","hash":"33bf97cf8f394e30b47185098c939479620aab7d"}
,"/Users/sergioabad/Desktop/ProjectsToWorkOn/IoT/Arduino_Antiguo/Code/IoT_Microservices-master/orchestrator-ms/src/config/jwt.config.js": {"path":"/Users/sergioabad/Desktop/ProjectsToWorkOn/IoT/Arduino_Antiguo/Code/IoT_Microservices-master/orchestrator-ms/src/config/jwt.config.js","statementMap":{"0":{"start":{"line":1,"column":0},"end":{"line":6,"column":1}}},"fnMap":{},"branchMap":{"0":{"loc":{"start":{"line":5,"column":16},"end":{"line":5,"column":56}},"type":"binary-expr","locations":[{"start":{"line":5,"column":16},"end":{"line":5,"column":38}},{"start":{"line":5,"column":42},"end":{"line":5,"column":56}}],"line":5}},"s":{"0":10},"f":{},"b":{"0":[10,10]},"_coverageSchema":"1a1c01bbd47fc00a2c39e90264f33305004495a9","hash":"8e3055dcb839641350f1d996918c123ba22d5e18"}
,"/Users/sergioabad/Desktop/ProjectsToWorkOn/IoT/Arduino_Antiguo/Code/IoT_Microservices-master/orchestrator-ms/src/config/services.config.js": {"path":"/Users/sergioabad/Desktop/ProjectsToWorkOn/IoT/Arduino_Antiguo/Code/IoT_Microservices-master/orchestrator-ms/src/config/services.config.js","statementMap":{"0":{"start":{"line":1,"column":21},"end":{"line":1,"column":64}},"1":{"start":{"line":2,"column":21},"end":{"line":2,"column":61}},"2":{"start":{"line":3,"column":24},"end":{"line":3,"column":70}},"3":{"start":{"line":4,"column":24},"end":{"line":4,"column":67}},"4":{"start":{"line":5,"column":33},"end":{"line":5,"column":88}},"5":{"start":{"line":6,"column":33},"end":{"line":6,"column":85}},"6":{"start":{"line":7,"column":19},"end":{"line":7,"column":56}},"7":{"start":{"line":8,"column":19},"end":{"line":8,"column":57}},"8":{"start":{"line":10,"column":22},"end":{"line":10,"column":66}},"9":{"start":{"line":11,"column":22},"end":{"line":11,"column":63}},"10":{"start":{"line":13,"column":0},"end":{"line":28,"column":1}}},"fnMap":{},"branchMap":{"0":{"loc":{"start":{"line":1,"column":21},"end":{"line":1,"column":64}},"type":"binary-expr","locations":[{"start":{"line":1,"column":21},"end":{"line":1,"column":49}},{"start":{"line":1,"column":53},"end":{"line":1,"column":64}}],"line":1},"1":{"loc":{"start":{"line":2,"column":21},"end":{"line":2,"column":61}},"type":"binary-expr","locations":[{"start":{"line":2,"column":21},"end":{"line":2,"column":53}},{"start":{"line":2,"column":57},"end":{"line":2,"column":61}}],"line":2},"2":{"loc":{"start":{"line":3,"column":24},"end":{"line":3,"column":70}},"type":"binary-expr","locations":[{"start":{"line":3,"column":24},"end":{"line":3,"column":55}},{"start":{"line":3,"column":59},"end":{"line":3,"column":70}}],"line":3},"3":{"loc":{"start":{"line":4,"column":24},"end":{"line":4,"column":67}},"type":"binary-expr","locations":[{"start":{"line":4,"column":24},"end":{"line":4,"column":59}},{"start":{"line":4,"column":63},"end":{"line":4,"column":67}}],"line":4},"4":{"loc":{"start":{"line":5,"column":33},"end":{"line":5,"column":88}},"type":"binary-expr","locations":[{"start":{"line":5,"column":33},"end":{"line":5,"column":73}},{"start":{"line":5,"column":77},"end":{"line":5,"column":88}}],"line":5},"5":{"loc":{"start":{"line":6,"column":33},"end":{"line":6,"column":85}},"type":"binary-expr","locations":[{"start":{"line":6,"column":33},"end":{"line":6,"column":77}},{"start":{"line":6,"column":81},"end":{"line":6,"column":85}}],"line":6},"6":{"loc":{"start":{"line":7,"column":19},"end":{"line":7,"column":56}},"type":"binary-expr","locations":[{"start":{"line":7,"column":19},"end":{"line":7,"column":45}},{"start":{"line":7,"column":49},"end":{"line":7,"column":56}}],"line":7},"7":{"loc":{"start":{"line":8,"column":19},"end":{"line":8,"column":57}},"type":"binary-expr","locations":[{"start":{"line":8,"column":19},"end":{"line":8,"column":49}},{"start":{"line":8,"column":53},"end":{"line":8,"column":57}}],"line":8},"8":{"loc":{"start":{"line":10,"column":22},"end":{"line":10,"column":66}},"type":"binary-expr","locations":[{"start":{"line":10,"column":22},"end":{"line":10,"column":51}},{"start":{"line":10,"column":55},"end":{"line":10,"column":66}}],"line":10},"9":{"loc":{"start":{"line":11,"column":22},"end":{"line":11,"column":63}},"type":"binary-expr","locations":[{"start":{"line":11,"column":22},"end":{"line":11,"column":55}},{"start":{"line":11,"column":59},"end":{"line":11,"column":63}}],"line":11},"10":{"loc":{"start":{"line":19,"column":17},"end":{"line":19,"column":60}},"type":"binary-expr","locations":[{"start":{"line":19,"column":17},"end":{"line":19,"column":50}},{"start":{"line":19,"column":54},"end":{"line":19,"column":60}}],"line":19},"11":{"loc":{"start":{"line":20,"column":17},"end":{"line":20,"column":64}},"type":"binary-expr","locations":[{"start":{"line":20,"column":17},"end":{"line":20,"column":50}},{"start":{"line":20,"column":54},"end":{"line":20,"column":64}}],"line":20},"12":{"loc":{"start":{"line":22,"column":14},"end":{"line":22,"column":61}},"type":"binary-expr","locations":[{"start":{"line":22,"column":14},"end":{"line":22,"column":45}},{"start":{"line":22,"column":49},"end":{"line":22,"column":61}}],"line":22},"13":{"loc":{"start":{"line":23,"column":11},"end":{"line":23,"column":51}},"type":"binary-expr","locations":[{"start":{"line":23,"column":11},"end":{"line":23,"column":39}},{"start":{"line":23,"column":43},"end":{"line":23,"column":51}}],"line":23},"14":{"loc":{"start":{"line":24,"column":17},"end":{"line":24,"column":69}},"type":"binary-expr","locations":[{"start":{"line":24,"column":17},"end":{"line":24,"column":51}},{"start":{"line":24,"column":55},"end":{"line":24,"column":69}}],"line":24}},"s":{"0":14,"1":14,"2":14,"3":14,"4":14,"5":14,"6":14,"7":14,"8":14,"9":14,"10":14},"f":{},"b":{"0":[14,14],"1":[14,14],"2":[14,14],"3":[14,14],"4":[14,14],"5":[14,14],"6":[14,14],"7":[14,14],"8":[14,14],"9":[14,14],"10":[14,14],"11":[14,14],"12":[14,14],"13":[14,14],"14":[14,14]},"_coverageSchema":"1a1c01bbd47fc00a2c39e90264f33305004495a9","hash":"ea9e9200493253fa8af77b587f34ab1479558d02"}
,"/Users/sergioabad/Desktop/ProjectsToWorkOn/IoT/Arduino_Antiguo/Code/IoT_Microservices-master/orchestrator-ms/src/helpers/helpers.js": {"path":"/Users/sergioabad/Desktop/ProjectsToWorkOn/IoT/Arduino_Antiguo/Code/IoT_Microservices-master/orchestrator-ms/src/helpers/helpers.js","statementMap":{"0":{"start":{"line":1,"column":15},"end":{"line":1,"column":32}},"1":{"start":{"line":3,"column":21},"end":{"line":5,"column":1}},"2":{"start":{"line":4,"column":2},"end":{"line":4,"column":67}},"3":{"start":{"line":7,"column":0},"end":{"line":9,"column":1}}},"fnMap":{"0":{"name":"(anonymous_0)","decl":{"start":{"line":3,"column":21},"end":{"line":3,"column":22}},"loc":{"start":{"line":3,"column":33},"end":{"line":5,"column":1}},"line":3}},"branchMap":{},"s":{"0":10,"1":10,"2":21,"3":10},"f":{"0":21},"b":{},"_coverageSchema":"1a1c01bbd47fc00a2c39e90264f33305004495a9","hash":"de15f1b2b54f26d5f50294c0984120c9bde6656a"}
,"/Users/sergioabad/Desktop/ProjectsToWorkOn/IoT/Arduino_Antiguo/Code/IoT_Microservices-master/orchestrator-ms/src/modules/jwt.module.js": {"path":"/Users/sergioabad/Desktop/ProjectsToWorkOn/IoT/Arduino_Antiguo/Code/IoT_Microservices-master/orchestrator-ms/src/modules/jwt.module.js","statementMap":{"0":{"start":{"line":1,"column":12},"end":{"line":1,"column":35}},"1":{"start":{"line":2,"column":18},"end":{"line":2,"column":39}},"2":{"start":{"line":9,"column":4},"end":{"line":9,"column":35}},"3":{"start":{"line":11,"column":33},"end":{"line":13,"column":1}},"4":{"start":{"line":12,"column":2},"end":{"line":12,"column":68}},"5":{"start":{"line":15,"column":0},"end":{"line":40,"column":1}},"6":{"start":{"line":18,"column":4},"end":{"line":18,"column":46}},"7":{"start":{"line":22,"column":4},"end":{"line":22,"column":80}},"8":{"start":{"line":26,"column":4},"end":{"line":26,"column":26}},"9":{"start":{"line":26,"column":16},"end":{"line":26,"column":26}},"10":{"start":{"line":27,"column":4},"end":{"line":27,"column":28}},"11":{"start":{"line":31,"column":4},"end":{"line":31,"column":41}},"12":{"start":{"line":31,"column":32},"end":{"line":31,"column":41}},"13":{"start":{"line":32,"column":4},"end":{"line":32,"column":45}},"14":{"start":{"line":36,"column":20},"end":{"line":36,"column":42}},"15":{"start":{"line":37,"column":4},"end":{"line":37,"column":51}}},"fnMap":{"0":{"name":"(anonymous_0)","decl":{"start":{"line":11,"column":33},"end":{"line":11,"column":34}},"loc":{"start":{"line":11,"column":39},"end":{"line":13,"column":1}},"line":11},"1":{"name":"(anonymous_1)","decl":{"start":{"line":17,"column":2},"end":{"line":17,"column":3}},"loc":{"start":{"line":17,"column":25},"end":{"line":19,"column":3}},"line":17},"2":{"name":"(anonymous_2)","decl":{"start":{"line":21,"column":2},"end":{"line":21,"column":3}},"loc":{"start":{"line":21,"column":25},"end":{"line":23,"column":3}},"line":21},"3":{"name":"(anonymous_3)","decl":{"start":{"line":25,"column":2},"end":{"line":25,"column":3}},"loc":{"start":{"line":25,"column":20},"end":{"line":28,"column":3}},"line":25},"4":{"name":"(anonymous_4)","decl":{"start":{"line":30,"column":2},"end":{"line":30,"column":3}},"loc":{"start":{"line":30,"column":31},"end":{"line":33,"column":3}},"line":30},"5":{"name":"(anonymous_5)","decl":{"start":{"line":35,"column":2},"end":{"line":35,"column":3}},"loc":{"start":{"line":35,"column":23},"end":{"line":38,"column":3}},"line":35}},"branchMap":{"0":{"loc":{"start":{"line":26,"column":4},"end":{"line":26,"column":26}},"type":"if","locations":[{"start":{"line":26,"column":4},"end":{"line":26,"column":26}},{"start":{},"end":{}}],"line":26},"1":{"loc":{"start":{"line":31,"column":4},"end":{"line":31,"column":41}},"type":"if","locations":[{"start":{"line":31,"column":4},"end":{"line":31,"column":41}},{"start":{},"end":{}}],"line":31}},"s":{"0":10,"1":10,"2":10,"3":10,"4":4,"5":10,"6":22,"7":9,"8":10,"9":1,"10":9,"11":6,"12":1,"13":5,"14":4,"15":4},"f":{"0":4,"1":22,"2":9,"3":10,"4":6,"5":4},"b":{"0":[1,9],"1":[1,5]},"_coverageSchema":"1a1c01bbd47fc00a2c39e90264f33305004495a9","hash":"5eccf744cb62d2cd8e568a0aa9dc5cc149c2e5db"}
}
