TN:
SF:src/app/app.js
FN:70,(anonymous_0)
FN:75,(anonymous_1)
FN:77,(anonymous_2)
FNF:3
FNH:3
FNDA:161,(anonymous_0)
FNDA:2,(anonymous_1)
FNDA:1,(anonymous_2)
DA:1,10
DA:2,10
DA:3,10
DA:5,10
DA:6,10
DA:7,10
DA:9,10
DA:12,10
DA:18,10
DA:24,10
DA:25,10
DA:26,10
DA:29,10
DA:56,10
DA:57,10
DA:60,10
DA:63,10
DA:65,10
DA:66,10
DA:67,10
DA:70,10
DA:71,161
DA:72,161
DA:75,10
DA:77,10
DA:78,1
DA:79,1
DA:82,10
DA:85,10
DA:87,10
LF:30
LH:30
BRF:0
BRH:0
end_of_record
TN:
SF:src/app/controllers/orchestrator.controller.js
FN:10,(anonymous_0)
FN:26,(anonymous_1)
FN:51,(anonymous_2)
FN:59,(anonymous_3)
FN:63,(anonymous_4)
FN:67,(anonymous_5)
FN:87,(anonymous_6)
FN:92,(anonymous_7)
FN:99,(anonymous_8)
FN:106,(anonymous_9)
FN:120,(anonymous_10)
FN:134,(anonymous_11)
FN:145,(anonymous_12)
FN:156,(anonymous_13)
FNF:14
FNH:14
FNDA:21,(anonymous_0)
FNDA:6,(anonymous_1)
FNDA:4,(anonymous_2)
FNDA:18,(anonymous_3)
FNDA:3,(anonymous_4)
FNDA:6,(anonymous_5)
FNDA:2,(anonymous_6)
FNDA:1,(anonymous_7)
FNDA:1,(anonymous_8)
FNDA:1,(anonymous_9)
FNDA:3,(anonymous_10)
FNDA:1,(anonymous_11)
FNDA:103,(anonymous_12)
FNDA:1,(anonymous_13)
DA:1,10
DA:2,10
DA:4,10
DA:5,10
DA:7,10
DA:8,10
DA:10,10
DA:11,21
DA:12,21
DA:14,19
DA:15,19
DA:17,19
DA:18,19
DA:20,7
DA:21,7
DA:24,10
DA:27,6
DA:28,6
DA:29,6
DA:32,6
DA:34,6
DA:35,4
DA:36,4
DA:38,2
DA:44,4
DA:46,2
DA:47,1
DA:52,4
DA:53,4
DA:54,4
DA:55,4
DA:60,18
DA:64,3
DA:68,6
DA:69,6
DA:70,6
DA:72,6
DA:73,4
DA:75,3
DA:76,3
DA:77,3
DA:78,3
DA:80,3
DA:81,2
DA:88,2
DA:89,2
DA:93,1
DA:95,1
DA:96,1
DA:100,1
DA:102,1
DA:103,1
DA:107,1
DA:108,1
DA:121,3
DA:122,3
DA:124,2
DA:129,2
DA:130,2
DA:131,1
DA:135,1
DA:136,1
DA:142,1
DA:146,103
DA:147,103
DA:153,103
DA:157,1
DA:158,1
DA:163,1
LF:69
LH:69
BRDA:12,0,0,2
BRDA:12,0,1,19
BRDA:12,1,0,21
BRDA:12,1,1,19
BRDA:18,2,0,12
BRDA:18,2,1,7
BRDA:28,3,0,4
BRDA:28,3,1,2
BRDA:34,4,0,4
BRDA:34,4,1,2
BRDA:34,5,0,6
BRDA:34,5,1,6
BRDA:36,6,0,2
BRDA:36,6,1,2
BRDA:46,7,0,1
BRDA:46,7,1,1
BRDA:53,8,0,3
BRDA:53,8,1,1
BRDA:72,9,0,2
BRDA:72,9,1,4
BRDA:72,10,0,6
BRDA:72,10,1,6
BRDA:72,10,2,5
BRDA:72,10,3,4
BRDA:73,11,0,1
BRDA:73,11,1,3
BRDA:80,12,0,1
BRDA:80,12,1,2
BRDA:122,13,0,1
BRDA:122,13,1,2
BRDA:130,14,0,1
BRDA:130,14,1,1
BRDA:140,15,0,1
BRDA:140,15,1,1
BRF:34
BRH:34
end_of_record
TN:
SF:src/app/controllers/services.controller.js
FN:13,(anonymous_0)
FN:20,(anonymous_1)
FN:48,(anonymous_2)
FN:53,(anonymous_3)
FN:58,(anonymous_4)
FN:63,(anonymous_5)
FNF:6
FNH:6
FNDA:154,(anonymous_0)
FNDA:154,(anonymous_1)
FNDA:13,(anonymous_2)
FNDA:135,(anonymous_3)
FNDA:4,(anonymous_4)
FNDA:2,(anonymous_5)
DA:1,14
DA:2,14
DA:4,14
DA:10,14
DA:13,14
DA:14,154
DA:15,154
DA:20,14
DA:21,154
DA:22,154
DA:23,154
DA:25,154
DA:26,154
DA:32,148
DA:33,118
DA:34,115
DA:36,7
DA:37,1
DA:39,6
DA:40,2
DA:42,4
DA:46,14
DA:49,13
DA:50,13
DA:54,135
DA:55,135
DA:59,4
DA:60,4
DA:64,2
DA:65,2
LF:30
LH:30
BRDA:10,0,0,14
BRDA:10,0,1,3
BRDA:15,1,0,121
BRDA:15,1,1,33
BRDA:15,2,0,154
BRDA:15,2,1,122
BRDA:20,3,0,1
BRDA:20,4,0,106
BRDA:20,5,0,111
BRDA:22,6,0,154
BRDA:22,6,1,106
BRDA:23,7,0,2
BRDA:23,7,1,152
BRDA:26,8,0,13
BRDA:26,8,1,141
BRDA:28,9,0,2
BRDA:28,9,1,139
BRDA:32,10,0,30
BRDA:32,10,1,118
BRDA:33,11,0,2
BRDA:33,11,1,115
BRDA:36,12,0,1
BRDA:36,12,1,6
BRDA:39,13,0,2
BRDA:39,13,1,4
BRDA:48,14,0,4
BRDA:48,15,0,4
BRDA:48,16,0,6
BRDA:53,17,0,2
BRDA:58,18,0,1
BRDA:58,19,0,2
BRDA:63,20,0,1
BRF:32
BRH:32
end_of_record
TN:
SF:src/app/routes/orchestrator.routes.js
FN:270,(anonymous_0)
FNF:1
FNH:1
FNDA:9,(anonymous_0)
DA:1,10
DA:2,10
DA:4,10
DA:5,10
DA:7,10
DA:8,10
DA:9,10
DA:25,10
DA:41,10
DA:57,10
DA:73,10
DA:98,10
DA:99,10
DA:100,10
DA:114,10
DA:128,10
DA:142,10
DA:156,10
DA:181,10
DA:204,10
DA:216,10
DA:239,10
DA:253,10
DA:267,10
DA:268,10
DA:270,10
DA:271,9
DA:272,8
DA:274,1
DA:278,10
LF:30
LH:30
BRDA:271,0,0,8
BRDA:271,0,1,1
BRF:2
BRH:2
end_of_record
TN:
SF:src/config/jwt.config.js
FNF:0
FNH:0
DA:1,10
LF:1
LH:1
BRDA:5,0,0,10
BRDA:5,0,1,10
BRF:2
BRH:2
end_of_record
TN:
SF:src/config/services.config.js
FNF:0
FNH:0
DA:1,14
DA:2,14
DA:3,14
DA:4,14
DA:5,14
DA:6,14
DA:7,14
DA:8,14
DA:10,14
DA:11,14
DA:13,14
LF:11
LH:11
BRDA:1,0,0,14
BRDA:1,0,1,14
BRDA:2,1,0,14
BRDA:2,1,1,14
BRDA:3,2,0,14
BRDA:3,2,1,14
BRDA:4,3,0,14
BRDA:4,3,1,14
BRDA:5,4,0,14
BRDA:5,4,1,14
BRDA:6,5,0,14
BRDA:6,5,1,14
BRDA:7,6,0,14
BRDA:7,6,1,14
BRDA:8,7,0,14
BRDA:8,7,1,14
BRDA:10,8,0,14
BRDA:10,8,1,14
BRDA:11,9,0,14
BRDA:11,9,1,14
BRDA:19,10,0,14
BRDA:19,10,1,14
BRDA:20,11,0,14
BRDA:20,11,1,14
BRDA:22,12,0,14
BRDA:22,12,1,14
BRDA:23,13,0,14
BRDA:23,13,1,14
BRDA:24,14,0,14
BRDA:24,14,1,14
BRF:30
BRH:30
end_of_record
TN:
SF:src/helpers/helpers.js
FN:3,(anonymous_0)
FNF:1
FNH:1
FNDA:21,(anonymous_0)
DA:1,10
DA:3,10
DA:4,21
DA:7,10
LF:4
LH:4
BRF:0
BRH:0
end_of_record
TN:
SF:src/modules/jwt.module.js
FN:11,(anonymous_0)
FN:17,(anonymous_1)
FN:21,(anonymous_2)
FN:25,(anonymous_3)
FN:30,(anonymous_4)
FN:35,(anonymous_5)
FNF:6
FNH:6
FNDA:4,(anonymous_0)
FNDA:22,(anonymous_1)
FNDA:9,(anonymous_2)
FNDA:10,(anonymous_3)
FNDA:6,(anonymous_4)
FNDA:4,(anonymous_5)
DA:1,10
DA:2,10
DA:9,10
DA:11,10
DA:12,4
DA:15,10
DA:18,22
DA:22,9
DA:26,10
DA:27,9
DA:31,6
DA:32,5
DA:36,4
DA:37,4
LF:14
LH:14
BRDA:26,0,0,1
BRDA:26,0,1,9
BRDA:31,1,0,1
BRDA:31,1,1,5
BRF:4
BRH:4
end_of_record
