TN:
SF:src/app/app.js
FN:73,(anonymous_0)
FN:78,(anonymous_1)
FN:80,(anonymous_2)
FNF:3
FNH:3
FNDA:48,(anonymous_0)
FNDA:2,(anonymous_1)
FNDA:1,(anonymous_2)
DA:1,5
DA:2,5
DA:3,5
DA:5,5
DA:6,5
DA:7,5
DA:9,5
DA:12,5
DA:20,5
DA:28,5
DA:29,5
DA:30,5
DA:32,5
DA:59,5
DA:60,5
DA:63,5
DA:66,5
DA:68,5
DA:69,5
DA:70,5
DA:73,5
DA:74,48
DA:75,48
DA:78,5
DA:80,5
DA:81,1
DA:82,1
DA:85,5
DA:88,5
DA:90,5
LF:30
LH:30
BRF:0
BRH:0
end_of_record
TN:
SF:src/app/controllers/orchestrator.controller.js
FN:10,(anonymous_0)
FN:26,(anonymous_1)
FN:48,(anonymous_2)
FN:55,(anonymous_3)
FN:59,(anonymous_4)
FN:63,(anonymous_5)
FN:83,(anonymous_6)
FN:88,(anonymous_7)
FN:95,(anonymous_8)
FN:102,(anonymous_9)
FN:116,(anonymous_10)
FNF:11
FNH:11
FNDA:20,(anonymous_0)
FNDA:4,(anonymous_1)
FNDA:2,(anonymous_2)
FNDA:17,(anonymous_3)
FNDA:3,(anonymous_4)
FNDA:5,(anonymous_5)
FNDA:1,(anonymous_6)
FNDA:1,(anonymous_7)
FNDA:1,(anonymous_8)
FNDA:1,(anonymous_9)
FNDA:2,(anonymous_10)
DA:1,5
DA:2,5
DA:4,5
DA:5,5
DA:7,5
DA:8,5
DA:10,5
DA:11,20
DA:12,20
DA:14,18
DA:15,18
DA:17,18
DA:18,18
DA:20,6
DA:21,6
DA:24,5
DA:27,4
DA:28,4
DA:29,4
DA:32,4
DA:34,4
DA:35,4
DA:36,4
DA:38,2
DA:44,4
DA:49,2
DA:50,2
DA:51,2
DA:52,2
DA:56,17
DA:60,3
DA:64,5
DA:65,5
DA:66,5
DA:68,5
DA:69,3
DA:71,2
DA:72,2
DA:73,2
DA:74,2
DA:76,2
DA:77,2
DA:84,1
DA:85,1
DA:89,1
DA:91,1
DA:92,1
DA:96,1
DA:98,1
DA:99,1
DA:103,1
DA:104,1
DA:117,2
DA:118,2
DA:120,1
DA:125,1
DA:126,1
DA:127,1
LF:58
LH:58
BRDA:12,0,0,2
BRDA:12,0,1,18
BRDA:12,1,0,20
BRDA:12,1,1,18
BRDA:18,2,0,12
BRDA:18,2,1,6
BRDA:28,3,0,2
BRDA:28,3,1,2
BRDA:34,4,0,4
BRDA:34,4,1,0
BRDA:34,5,0,4
BRDA:34,5,1,4
BRDA:36,6,0,2
BRDA:36,6,1,2
BRDA:50,7,0,2
BRDA:50,7,1,0
BRDA:68,8,0,2
BRDA:68,8,1,3
BRDA:68,9,0,5
BRDA:68,9,1,5
BRDA:68,9,2,4
BRDA:68,9,3,3
BRDA:69,10,0,1
BRDA:69,10,1,2
BRDA:76,11,0,0
BRDA:76,11,1,2
BRDA:118,12,0,1
BRDA:118,12,1,1
BRDA:126,13,0,0
BRDA:126,13,1,1
BRF:30
BRH:26
end_of_record
TN:
SF:src/app/controllers/services.controller.js
FN:13,(anonymous_0)
FN:18,(anonymous_1)
FN:37,(anonymous_2)
FN:42,(anonymous_3)
FN:47,(anonymous_4)
FN:52,(anonymous_5)
FNF:6
FNH:6
FNDA:35,(anonymous_0)
FNDA:35,(anonymous_1)
FNDA:7,(anonymous_2)
FNDA:24,(anonymous_3)
FNDA:2,(anonymous_4)
FNDA:2,(anonymous_5)
DA:1,7
DA:2,7
DA:4,7
DA:10,7
DA:13,7
DA:14,35
DA:18,7
DA:19,35
DA:20,35
DA:21,35
DA:27,33
DA:28,7
DA:29,6
DA:31,2
DA:35,7
DA:38,7
DA:39,7
DA:43,24
DA:44,24
DA:48,2
DA:49,2
DA:53,2
DA:54,2
LF:23
LH:23
BRDA:10,0,0,7
BRDA:10,0,1,1
BRDA:14,1,0,6
BRDA:14,1,1,29
BRDA:14,2,0,35
BRDA:14,2,1,6
BRDA:18,3,0,0
BRDA:18,4,0,2
BRDA:18,5,0,3
BRDA:18,6,0,0
BRDA:21,7,0,7
BRDA:21,7,1,28
BRDA:23,8,0,2
BRDA:23,8,1,26
BRDA:27,9,0,26
BRDA:27,9,1,7
BRDA:28,10,0,1
BRDA:28,10,1,6
BRDA:37,11,0,1
BRDA:37,12,0,1
BRDA:37,13,0,2
BRDA:42,14,0,1
BRDA:47,15,0,1
BRDA:47,16,0,1
BRDA:52,17,0,1
BRF:25
BRH:23
end_of_record
TN:
SF:src/app/routes/orchestrator.routes.js
FN:239,(anonymous_0)
FNF:1
FNH:1
FNDA:9,(anonymous_0)
DA:1,5
DA:2,5
DA:4,5
DA:5,5
DA:7,5
DA:8,5
DA:9,5
DA:25,5
DA:41,5
DA:57,5
DA:73,5
DA:98,5
DA:112,5
DA:126,5
DA:140,5
DA:154,5
DA:179,5
DA:202,5
DA:214,5
DA:237,5
DA:239,5
DA:240,9
DA:241,8
DA:243,1
DA:247,5
LF:25
LH:25
BRDA:240,0,0,8
BRDA:240,0,1,1
BRF:2
BRH:2
end_of_record
TN:
SF:src/config/jwt.config.js
FNF:0
FNH:0
DA:1,5
LF:1
LH:1
BRF:0
BRH:0
end_of_record
TN:
SF:src/config/services.config.js
FNF:0
FNH:0
DA:1,7
DA:2,7
DA:3,7
DA:4,7
DA:5,7
DA:6,7
DA:8,7
LF:7
LH:7
BRDA:1,0,0,7
BRDA:1,0,1,7
BRDA:2,1,0,7
BRDA:2,1,1,7
BRDA:3,2,0,7
BRDA:3,2,1,7
BRDA:4,3,0,7
BRDA:4,3,1,7
BRDA:5,4,0,7
BRDA:5,4,1,7
BRDA:6,5,0,7
BRDA:6,5,1,7
BRF:12
BRH:12
end_of_record
TN:
SF:src/helpers/helpers.js
FN:3,(anonymous_0)
FNF:1
FNH:1
FNDA:19,(anonymous_0)
DA:1,5
DA:3,5
DA:4,19
DA:7,5
LF:4
LH:4
BRF:0
BRH:0
end_of_record
TN:
SF:src/modules/jwt.module.js
FN:11,(anonymous_0)
FN:17,(anonymous_1)
FN:21,(anonymous_2)
FN:25,(anonymous_3)
FN:30,(anonymous_4)
FN:35,(anonymous_5)
FNF:6
FNH:6
FNDA:3,(anonymous_0)
FNDA:20,(anonymous_1)
FNDA:8,(anonymous_2)
FNDA:8,(anonymous_3)
FNDA:5,(anonymous_4)
FNDA:3,(anonymous_5)
DA:1,5
DA:2,5
DA:9,5
DA:11,5
DA:12,3
DA:15,5
DA:18,20
DA:22,8
DA:26,8
DA:27,7
DA:31,5
DA:32,4
DA:36,3
DA:37,3
LF:14
LH:14
BRDA:26,0,0,1
BRDA:26,0,1,7
BRDA:31,1,0,1
BRDA:31,1,1,4
BRF:4
BRH:4
end_of_record
