<?xml version="1.0" encoding="UTF-8"?>
<coverage generated="1772790222167" clover="3.2.0">
  <project timestamp="1772790222167" name="All files">
    <metrics statements="37" coveredstatements="35" conditionals="6" coveredconditionals="6" methods="7" coveredmethods="6" elements="50" coveredelements="47" complexity="0" loc="37" ncloc="37" packages="1" files="1" classes="1"/>
    <file name="index.js" path="/Users/sergioabad/Desktop/ProjectsToWorkOn/IoT/Arduino_Antiguo/Code/IoT_Microservices-master/fake-arduino-iot-pictures/src/index.js">
      <metrics statements="37" coveredstatements="35" conditionals="6" coveredconditionals="6" methods="7" coveredmethods="6"/>
      <line num="1" count="1" type="stmt"/>
      <line num="2" count="1" type="stmt"/>
      <line num="3" count="1" type="stmt"/>
      <line num="5" count="1" type="stmt"/>
      <line num="7" count="1" type="stmt"/>
      <line num="8" count="1" type="stmt"/>
      <line num="11" count="1" type="stmt"/>
      <line num="20" count="1" type="stmt"/>
      <line num="21" count="6" type="stmt"/>
      <line num="23" count="1" type="stmt"/>
      <line num="24" count="8" type="stmt"/>
      <line num="25" count="8" type="stmt"/>
      <line num="26" count="8" type="stmt"/>
      <line num="27" count="8" type="stmt"/>
      <line num="28" count="16" type="stmt"/>
      <line num="29" count="16" type="cond" truecount="2" falsecount="0"/>
      <line num="30" count="6" type="stmt"/>
      <line num="31" count="6" type="stmt"/>
      <line num="33" count="10" type="stmt"/>
      <line num="35" count="8" type="stmt"/>
      <line num="38" count="1" type="stmt"/>
      <line num="39" count="1" type="stmt"/>
      <line num="40" count="1" type="cond" truecount="2" falsecount="0"/>
      <line num="41" count="1" type="stmt"/>
      <line num="49" count="1" type="stmt"/>
      <line num="50" count="5" type="stmt"/>
      <line num="51" count="5" type="cond" truecount="2" falsecount="0"/>
      <line num="52" count="5" type="stmt"/>
      <line num="61" count="1" type="stmt"/>
      <line num="62" count="2" type="stmt"/>
      <line num="63" count="2" type="stmt"/>
      <line num="66" count="1" type="stmt"/>
      <line num="67" count="0" type="stmt"/>
      <line num="68" count="0" type="stmt"/>
      <line num="72" count="1" type="stmt"/>
      <line num="73" count="1" type="stmt"/>
      <line num="76" count="1" type="stmt"/>
    </file>
  </project>
</coverage>
