{"/Users/sergioabad/Desktop/ProjectsToWorkOn/IoT/Arduino_Antiguo/Code/IoT_Microservices-master/fake-arduino-iot-pictures/src/index.js": {"path":"/Users/sergioabad/Desktop/ProjectsToWorkOn/IoT/Arduino_Antiguo/Code/IoT_Microservices-master/fake-arduino-iot-pictures/src/index.js","statementMap":{"0":{"start":{"line":1,"column":16},"end":{"line":1,"column":34}},"1":{"start":{"line":2,"column":13},"end":{"line":2,"column":28}},"2":{"start":{"line":3,"column":13},"end":{"line":3,"column":28}},"3":{"start":{"line":5,"column":12},"end":{"line":5,"column":21}},"4":{"start":{"line":7,"column":0},"end":{"line":7,"column":16}},"5":{"start":{"line":8,"column":0},"end":{"line":8,"column":77}},"6":{"start":{"line":11,"column":15},"end":{"line":17,"column":1}},"7":{"start":{"line":20,"column":17},"end":{"line":20,"column":27}},"8":{"start":{"line":21,"column":21},"end":{"line":21,"column":47}},"9":{"start":{"line":21,"column":30},"end":{"line":21,"column":45}},"10":{"start":{"line":23,"column":24},"end":{"line":36,"column":1}},"11":{"start":{"line":24,"column":27},"end":{"line":24,"column":66}},"12":{"start":{"line":25,"column":23},"end":{"line":25,"column":32}},"13":{"start":{"line":26,"column":22},"end":{"line":26,"column":23}},"14":{"start":{"line":27,"column":4},"end":{"line":34,"column":5}},"15":{"start":{"line":28,"column":8},"end":{"line":28,"column":42}},"16":{"start":{"line":29,"column":8},"end":{"line":32,"column":9}},"17":{"start":{"line":30,"column":12},"end":{"line":30,"column":33}},"18":{"start":{"line":31,"column":12},"end":{"line":31,"column":18}},"19":{"start":{"line":33,"column":8},"end":{"line":33,"column":29}},"20":{"start":{"line":35,"column":4},"end":{"line":35,"column":44}},"21":{"start":{"line":38,"column":0},"end":{"line":47,"column":3}},"22":{"start":{"line":39,"column":45},"end":{"line":39,"column":62}},"23":{"start":{"line":40,"column":17},"end":{"line":40,"column":41}},"24":{"start":{"line":41,"column":4},"end":{"line":46,"column":7}},"25":{"start":{"line":49,"column":0},"end":{"line":59,"column":3}},"26":{"start":{"line":50,"column":45},"end":{"line":50,"column":62}},"27":{"start":{"line":51,"column":17},"end":{"line":51,"column":41}},"28":{"start":{"line":52,"column":4},"end":{"line":58,"column":7}},"29":{"start":{"line":61,"column":0},"end":{"line":64,"column":3}},"30":{"start":{"line":62,"column":29},"end":{"line":62,"column":46}},"31":{"start":{"line":63,"column":4},"end":{"line":63,"column":52}},"32":{"start":{"line":66,"column":0},"end":{"line":69,"column":3}},"33":{"start":{"line":67,"column":29},"end":{"line":67,"column":46}},"34":{"start":{"line":68,"column":4},"end":{"line":68,"column":80}},"35":{"start":{"line":72,"column":0},"end":{"line":74,"column":3}},"36":{"start":{"line":73,"column":4},"end":{"line":73,"column":81}},"37":{"start":{"line":76,"column":0},"end":{"line":76,"column":47}}},"fnMap":{"0":{"name":"(anonymous_0)","decl":{"start":{"line":21,"column":21},"end":{"line":21,"column":22}},"loc":{"start":{"line":21,"column":28},"end":{"line":21,"column":47}},"line":21},"1":{"name":"(anonymous_1)","decl":{"start":{"line":23,"column":24},"end":{"line":23,"column":25}},"loc":{"start":{"line":23,"column":30},"end":{"line":36,"column":1}},"line":23},"2":{"name":"(anonymous_2)","decl":{"start":{"line":38,"column":26},"end":{"line":38,"column":27}},"loc":{"start":{"line":38,"column":40},"end":{"line":47,"column":1}},"line":38},"3":{"name":"(anonymous_3)","decl":{"start":{"line":49,"column":21},"end":{"line":49,"column":22}},"loc":{"start":{"line":49,"column":35},"end":{"line":59,"column":1}},"line":49},"4":{"name":"(anonymous_4)","decl":{"start":{"line":61,"column":24},"end":{"line":61,"column":25}},"loc":{"start":{"line":61,"column":38},"end":{"line":64,"column":1}},"line":61},"5":{"name":"(anonymous_5)","decl":{"start":{"line":66,"column":25},"end":{"line":66,"column":26}},"loc":{"start":{"line":66,"column":39},"end":{"line":69,"column":1}},"line":66},"6":{"name":"(anonymous_6)","decl":{"start":{"line":72,"column":19},"end":{"line":72,"column":20}},"loc":{"start":{"line":72,"column":33},"end":{"line":74,"column":1}},"line":72}},"branchMap":{"0":{"loc":{"start":{"line":29,"column":8},"end":{"line":32,"column":9}},"type":"if","locations":[{"start":{"line":29,"column":8},"end":{"line":32,"column":9}},{"start":{},"end":{}}],"line":29},"1":{"loc":{"start":{"line":40,"column":17},"end":{"line":40,"column":41}},"type":"binary-expr","locations":[{"start":{"line":40,"column":17},"end":{"line":40,"column":33}},{"start":{"line":40,"column":37},"end":{"line":40,"column":41}}],"line":40},"2":{"loc":{"start":{"line":51,"column":17},"end":{"line":51,"column":41}},"type":"binary-expr","locations":[{"start":{"line":51,"column":17},"end":{"line":51,"column":33}},{"start":{"line":51,"column":37},"end":{"line":51,"column":41}}],"line":51}},"s":{"0":1,"1":1,"2":1,"3":1,"4":1,"5":1,"6":1,"7":1,"8":1,"9":6,"10":1,"11":8,"12":8,"13":8,"14":8,"15":16,"16":16,"17":6,"18":6,"19":10,"20":8,"21":1,"22":1,"23":1,"24":1,"25":1,"26":5,"27":5,"28":5,"29":1,"30":2,"31":2,"32":1,"33":0,"34":0,"35":1,"36":1,"37":1},"f":{"0":6,"1":8,"2":1,"3":5,"4":2,"5":0,"6":1},"b":{"0":[6,10],"1":[1,1],"2":[5,5]},"_coverageSchema":"1a1c01bbd47fc00a2c39e90264f33305004495a9","hash":"3c790449682700b8b9d24ffd631fd15b77ea992d"}
}
