TN:
SF:src/index.js
FN:21,(anonymous_0)
FN:23,(anonymous_1)
FN:38,(anonymous_2)
FN:49,(anonymous_3)
FN:61,(anonymous_4)
FN:66,(anonymous_5)
FN:72,(anonymous_6)
FNF:7
FNH:6
FNDA:6,(anonymous_0)
FNDA:8,(anonymous_1)
FNDA:1,(anonymous_2)
FNDA:5,(anonymous_3)
FNDA:2,(anonymous_4)
FNDA:0,(anonymous_5)
FNDA:1,(anonymous_6)
DA:1,1
DA:2,1
DA:3,1
DA:5,1
DA:7,1
DA:8,1
DA:11,1
DA:20,1
DA:21,6
DA:23,1
DA:24,8
DA:25,8
DA:26,8
DA:27,8
DA:28,16
DA:29,16
DA:30,6
DA:31,6
DA:33,10
DA:35,8
DA:38,1
DA:39,1
DA:40,1
DA:41,1
DA:49,1
DA:50,5
DA:51,5
DA:52,5
DA:61,1
DA:62,2
DA:63,2
DA:66,1
DA:67,0
DA:68,0
DA:72,1
DA:73,1
DA:76,1
LF:37
LH:35
BRDA:29,0,0,6
BRDA:29,0,1,10
BRDA:40,1,0,1
BRDA:40,1,1,1
BRDA:51,2,0,5
BRDA:51,2,1,5
BRF:6
BRH:6
end_of_record
