{"/Users/sergioabad/Desktop/ProjectsToWorkOn/IoT/Arduino_Antiguo/Code/IoT_Microservices-master/microcontrollers-ms/src/app/app.js": {"path":"/Users/sergioabad/Desktop/ProjectsToWorkOn/IoT/Arduino_Antiguo/Code/IoT_Microservices-master/microcontrollers-ms/src/app/app.js","statementMap":{"0":{"start":{"line":1,"column":13},"end":{"line":1,"column":28}},"1":{"start":{"line":2,"column":16},"end":{"line":2,"column":34}},"2":{"start":{"line":4,"column":15},"end":{"line":4,"column":37}},"3":{"start":{"line":6,"column":12},"end":{"line":6,"column":21}},"4":{"start":{"line":9,"column":17},"end":{"line":9,"column":38}},"5":{"start":{"line":12,"column":0},"end":{"line":12,"column":43}},"6":{"start":{"line":14,"column":0},"end":{"line":14,"column":16}},"7":{"start":{"line":15,"column":0},"end":{"line":15,"column":24}},"8":{"start":{"line":16,"column":0},"end":{"line":16,"column":49}},"9":{"start":{"line":19,"column":0},"end":{"line":22,"column":3}},"10":{"start":{"line":20,"column":4},"end":{"line":20,"column":104}},"11":{"start":{"line":21,"column":4},"end":{"line":21,"column":11}},"12":{"start":{"line":24,"column":0},"end":{"line":24,"column":105}},"13":{"start":{"line":24,"column":33},"end":{"line":24,"column":103}},"14":{"start":{"line":26,"column":0},"end":{"line":29,"column":3}},"15":{"start":{"line":27,"column":4},"end":{"line":27,"column":56}},"16":{"start":{"line":28,"column":4},"end":{"line":28,"column":39}},"17":{"start":{"line":31,"column":0},"end":{"line":31,"column":53}},"18":{"start":{"line":33,"column":0},"end":{"line":33,"column":28}},"19":{"start":{"line":35,"column":0},"end":{"line":35,"column":21}}},"fnMap":{"0":{"name":"(anonymous_0)","decl":{"start":{"line":19,"column":8},"end":{"line":19,"column":9}},"loc":{"start":{"line":19,"column":28},"end":{"line":22,"column":1}},"line":19},"1":{"name":"(anonymous_1)","decl":{"start":{"line":24,"column":19},"end":{"line":24,"column":20}},"loc":{"start":{"line":24,"column":33},"end":{"line":24,"column":103}},"line":24},"2":{"name":"(anonymous_2)","decl":{"start":{"line":26,"column":20},"end":{"line":26,"column":21}},"loc":{"start":{"line":26,"column":40},"end":{"line":29,"column":1}},"line":26}},"branchMap":{},"s":{"0":2,"1":2,"2":2,"3":2,"4":2,"5":2,"6":2,"7":2,"8":2,"9":2,"10":26,"11":26,"12":2,"13":0,"14":2,"15":0,"16":0,"17":2,"18":2,"19":2},"f":{"0":26,"1":0,"2":0},"b":{},"_coverageSchema":"1a1c01bbd47fc00a2c39e90264f33305004495a9","hash":"d90b0e4c1968b86e4e5be66f2aa298f0ea990f55"}
,"/Users/sergioabad/Desktop/ProjectsToWorkOn/IoT/Arduino_Antiguo/Code/IoT_Microservices-master/microcontrollers-ms/src/app/controllers/microcontrollers.controller.js": {"path":"/Users/sergioabad/Desktop/ProjectsToWorkOn/IoT/Arduino_Antiguo/Code/IoT_Microservices-master/microcontrollers-ms/src/app/controllers/microcontrollers.controller.js","statementMap":{"0":{"start":{"line":1,"column":18},"end":{"line":1,"column":39}},"1":{"start":{"line":3,"column":35},"end":{"line":3,"column":67}},"2":{"start":{"line":4,"column":12},"end":{"line":4,"column":41}},"3":{"start":{"line":6,"column":14},"end":{"line":6,"column":29}},"4":{"start":{"line":7,"column":12},"end":{"line":7,"column":21}},"5":{"start":{"line":9,"column":0},"end":{"line":83,"column":1}},"6":{"start":{"line":12,"column":25},"end":{"line":12,"column":34}},"7":{"start":{"line":14,"column":19},"end":{"line":14,"column":54}},"8":{"start":{"line":15,"column":4},"end":{"line":15,"column":55}},"9":{"start":{"line":15,"column":18},"end":{"line":15,"column":55}},"10":{"start":{"line":17,"column":4},"end":{"line":17,"column":49}},"11":{"start":{"line":18,"column":4},"end":{"line":18,"column":70}},"12":{"start":{"line":18,"column":25},"end":{"line":18,"column":70}},"13":{"start":{"line":19,"column":4},"end":{"line":19,"column":41}},"14":{"start":{"line":23,"column":24},"end":{"line":23,"column":34}},"15":{"start":{"line":25,"column":19},"end":{"line":25,"column":43}},"16":{"start":{"line":26,"column":4},"end":{"line":26,"column":55}},"17":{"start":{"line":26,"column":18},"end":{"line":26,"column":55}},"18":{"start":{"line":28,"column":4},"end":{"line":28,"column":47}},"19":{"start":{"line":29,"column":4},"end":{"line":29,"column":59}},"20":{"start":{"line":29,"column":25},"end":{"line":29,"column":59}},"21":{"start":{"line":30,"column":4},"end":{"line":30,"column":41}},"22":{"start":{"line":34,"column":28},"end":{"line":34,"column":36}},"23":{"start":{"line":36,"column":4},"end":{"line":36,"column":76}},"24":{"start":{"line":36,"column":50},"end":{"line":36,"column":76}},"25":{"start":{"line":38,"column":4},"end":{"line":38,"column":90}},"26":{"start":{"line":40,"column":4},"end":{"line":47,"column":5}},"27":{"start":{"line":41,"column":22},"end":{"line":41,"column":70}},"28":{"start":{"line":42,"column":6},"end":{"line":42,"column":46}},"29":{"start":{"line":42,"column":20},"end":{"line":42,"column":46}},"30":{"start":{"line":44,"column":6},"end":{"line":44,"column":50}},"31":{"start":{"line":46,"column":6},"end":{"line":46,"column":32}},"32":{"start":{"line":51,"column":35},"end":{"line":51,"column":43}},"33":{"start":{"line":52,"column":33},"end":{"line":52,"column":55}},"34":{"start":{"line":54,"column":4},"end":{"line":54,"column":77}},"35":{"start":{"line":54,"column":51},"end":{"line":54,"column":77}},"36":{"start":{"line":56,"column":4},"end":{"line":56,"column":70}},"37":{"start":{"line":58,"column":4},"end":{"line":66,"column":5}},"38":{"start":{"line":59,"column":22},"end":{"line":59,"column":77}},"39":{"start":{"line":60,"column":6},"end":{"line":60,"column":46}},"40":{"start":{"line":60,"column":20},"end":{"line":60,"column":46}},"41":{"start":{"line":62,"column":6},"end":{"line":62,"column":42}},"42":{"start":{"line":63,"column":6},"end":{"line":63,"column":57}},"43":{"start":{"line":65,"column":6},"end":{"line":65,"column":32}},"44":{"start":{"line":70,"column":28},"end":{"line":70,"column":36}},"45":{"start":{"line":71,"column":4},"end":{"line":80,"column":5}},"46":{"start":{"line":72,"column":22},"end":{"line":72,"column":70}},"47":{"start":{"line":73,"column":6},"end":{"line":73,"column":46}},"48":{"start":{"line":73,"column":20},"end":{"line":73,"column":46}},"49":{"start":{"line":75,"column":6},"end":{"line":75,"column":92}},"50":{"start":{"line":77,"column":6},"end":{"line":77,"column":32}},"51":{"start":{"line":79,"column":6},"end":{"line":79,"column":32}}},"fnMap":{"0":{"name":"(anonymous_0)","decl":{"start":{"line":11,"column":2},"end":{"line":11,"column":3}},"loc":{"start":{"line":11,"column":38},"end":{"line":20,"column":3}},"line":11},"1":{"name":"(anonymous_1)","decl":{"start":{"line":22,"column":2},"end":{"line":22,"column":3}},"loc":{"start":{"line":22,"column":44},"end":{"line":31,"column":3}},"line":22},"2":{"name":"(anonymous_2)","decl":{"start":{"line":33,"column":2},"end":{"line":33,"column":3}},"loc":{"start":{"line":33,"column":39},"end":{"line":48,"column":3}},"line":33},"3":{"name":"(anonymous_3)","decl":{"start":{"line":50,"column":2},"end":{"line":50,"column":3}},"loc":{"start":{"line":50,"column":38},"end":{"line":67,"column":3}},"line":50},"4":{"name":"(anonymous_4)","decl":{"start":{"line":69,"column":2},"end":{"line":69,"column":3}},"loc":{"start":{"line":69,"column":41},"end":{"line":81,"column":3}},"line":69}},"branchMap":{"0":{"loc":{"start":{"line":15,"column":4},"end":{"line":15,"column":55}},"type":"if","locations":[{"start":{"line":15,"column":4},"end":{"line":15,"column":55}},{"start":{},"end":{}}],"line":15},"1":{"loc":{"start":{"line":18,"column":4},"end":{"line":18,"column":70}},"type":"if","locations":[{"start":{"line":18,"column":4},"end":{"line":18,"column":70}},{"start":{},"end":{}}],"line":18},"2":{"loc":{"start":{"line":26,"column":4},"end":{"line":26,"column":55}},"type":"if","locations":[{"start":{"line":26,"column":4},"end":{"line":26,"column":55}},{"start":{},"end":{}}],"line":26},"3":{"loc":{"start":{"line":29,"column":4},"end":{"line":29,"column":59}},"type":"if","locations":[{"start":{"line":29,"column":4},"end":{"line":29,"column":59}},{"start":{},"end":{}}],"line":29},"4":{"loc":{"start":{"line":36,"column":4},"end":{"line":36,"column":76}},"type":"if","locations":[{"start":{"line":36,"column":4},"end":{"line":36,"column":76}},{"start":{},"end":{}}],"line":36},"5":{"loc":{"start":{"line":42,"column":6},"end":{"line":42,"column":46}},"type":"if","locations":[{"start":{"line":42,"column":6},"end":{"line":42,"column":46}},{"start":{},"end":{}}],"line":42},"6":{"loc":{"start":{"line":54,"column":4},"end":{"line":54,"column":77}},"type":"if","locations":[{"start":{"line":54,"column":4},"end":{"line":54,"column":77}},{"start":{},"end":{}}],"line":54},"7":{"loc":{"start":{"line":54,"column":8},"end":{"line":54,"column":49}},"type":"binary-expr","locations":[{"start":{"line":54,"column":8},"end":{"line":54,"column":38}},{"start":{"line":54,"column":42},"end":{"line":54,"column":49}}],"line":54},"8":{"loc":{"start":{"line":60,"column":6},"end":{"line":60,"column":46}},"type":"if","locations":[{"start":{"line":60,"column":6},"end":{"line":60,"column":46}},{"start":{},"end":{}}],"line":60},"9":{"loc":{"start":{"line":73,"column":6},"end":{"line":73,"column":46}},"type":"if","locations":[{"start":{"line":73,"column":6},"end":{"line":73,"column":46}},{"start":{},"end":{}}],"line":73}},"s":{"0":3,"1":3,"2":3,"3":3,"4":3,"5":3,"6":5,"7":5,"8":5,"9":2,"10":3,"11":3,"12":3,"13":3,"14":4,"15":4,"16":4,"17":1,"18":3,"19":3,"20":3,"21":3,"22":12,"23":12,"24":3,"25":9,"26":9,"27":9,"28":7,"29":3,"30":4,"31":2,"32":10,"33":10,"34":10,"35":2,"36":8,"37":8,"38":8,"39":6,"40":3,"41":3,"42":3,"43":2,"44":8,"45":8,"46":8,"47":6,"48":3,"49":3,"50":3,"51":2},"f":{"0":5,"1":4,"2":12,"3":10,"4":8},"b":{"0":[2,3],"1":[3,0],"2":[1,3],"3":[3,0],"4":[3,9],"5":[3,4],"6":[2,8],"7":[10,8],"8":[3,3],"9":[3,3]},"_coverageSchema":"1a1c01bbd47fc00a2c39e90264f33305004495a9","hash":"be00a7a0ccd6adea655748820ec92af30b767b34"}
,"/Users/sergioabad/Desktop/ProjectsToWorkOn/IoT/Arduino_Antiguo/Code/IoT_Microservices-master/microcontrollers-ms/src/app/routes/microcontrollers.routes.js": {"path":"/Users/sergioabad/Desktop/ProjectsToWorkOn/IoT/Arduino_Antiguo/Code/IoT_Microservices-master/microcontrollers-ms/src/app/routes/microcontrollers.routes.js","statementMap":{"0":{"start":{"line":1,"column":19},"end":{"line":1,"column":37}},"1":{"start":{"line":3,"column":35},"end":{"line":3,"column":88}},"2":{"start":{"line":5,"column":35},"end":{"line":5,"column":67}},"3":{"start":{"line":6,"column":15},"end":{"line":6,"column":23}},"4":{"start":{"line":8,"column":0},"end":{"line":8,"column":63}},"5":{"start":{"line":9,"column":0},"end":{"line":9,"column":77}},"6":{"start":{"line":10,"column":0},"end":{"line":10,"column":65}},"7":{"start":{"line":11,"column":0},"end":{"line":11,"column":63}},"8":{"start":{"line":12,"column":0},"end":{"line":12,"column":69}},"9":{"start":{"line":14,"column":0},"end":{"line":14,"column":23}}},"fnMap":{},"branchMap":{},"s":{"0":2,"1":2,"2":2,"3":2,"4":2,"5":2,"6":2,"7":2,"8":2,"9":2},"f":{},"b":{},"_coverageSchema":"1a1c01bbd47fc00a2c39e90264f33305004495a9","hash":"5d5d99d3d14b50775809976732203832dff30576"}
,"/Users/sergioabad/Desktop/ProjectsToWorkOn/IoT/Arduino_Antiguo/Code/IoT_Microservices-master/microcontrollers-ms/src/config/mysql.config.js": {"path":"/Users/sergioabad/Desktop/ProjectsToWorkOn/IoT/Arduino_Antiguo/Code/IoT_Microservices-master/microcontrollers-ms/src/config/mysql.config.js","statementMap":{"0":{"start":{"line":1,"column":19},"end":{"line":1,"column":64}},"1":{"start":{"line":2,"column":19},"end":{"line":2,"column":58}},"2":{"start":{"line":4,"column":0},"end":{"line":9,"column":1}}},"fnMap":{},"branchMap":{"0":{"loc":{"start":{"line":1,"column":19},"end":{"line":1,"column":64}},"type":"binary-expr","locations":[{"start":{"line":1,"column":19},"end":{"line":1,"column":45}},{"start":{"line":1,"column":49},"end":{"line":1,"column":64}}],"line":1},"1":{"loc":{"start":{"line":2,"column":19},"end":{"line":2,"column":58}},"type":"binary-expr","locations":[{"start":{"line":2,"column":19},"end":{"line":2,"column":49}},{"start":{"line":2,"column":53},"end":{"line":2,"column":58}}],"line":2},"2":{"loc":{"start":{"line":5,"column":11},"end":{"line":5,"column":51}},"type":"binary-expr","locations":[{"start":{"line":5,"column":11},"end":{"line":5,"column":42}},{"start":{"line":5,"column":46},"end":{"line":5,"column":51}}],"line":5},"3":{"loc":{"start":{"line":7,"column":12},"end":{"line":7,"column":61}},"type":"binary-expr","locations":[{"start":{"line":7,"column":12},"end":{"line":7,"column":43}},{"start":{"line":7,"column":47},"end":{"line":7,"column":61}}],"line":7},"4":{"loc":{"start":{"line":8,"column":12},"end":{"line":8,"column":53}},"type":"binary-expr","locations":[{"start":{"line":8,"column":12},"end":{"line":8,"column":43}},{"start":{"line":8,"column":47},"end":{"line":8,"column":53}}],"line":8}},"s":{"0":6,"1":6,"2":6},"f":{},"b":{"0":[6,6],"1":[6,6],"2":[6,6],"3":[6,6],"4":[6,6]},"_coverageSchema":"1a1c01bbd47fc00a2c39e90264f33305004495a9","hash":"f261a89d47a62e6333105bc39656a6626a281621"}
,"/Users/sergioabad/Desktop/ProjectsToWorkOn/IoT/Arduino_Antiguo/Code/IoT_Microservices-master/microcontrollers-ms/src/database/dao.js": {"path":"/Users/sergioabad/Desktop/ProjectsToWorkOn/IoT/Arduino_Antiguo/Code/IoT_Microservices-master/microcontrollers-ms/src/database/dao.js","statementMap":{"0":{"start":{"line":1,"column":14},"end":{"line":1,"column":30}},"1":{"start":{"line":3,"column":47},"end":{"line":3,"column":80}},"2":{"start":{"line":5,"column":22},"end":{"line":11,"column":1}},"3":{"start":{"line":6,"column":2},"end":{"line":10,"column":4}},"4":{"start":{"line":7,"column":4},"end":{"line":9,"column":6}},"5":{"start":{"line":8,"column":6},"end":{"line":8,"column":46}},"6":{"start":{"line":13,"column":0},"end":{"line":80,"column":1}},"7":{"start":{"line":16,"column":4},"end":{"line":16,"column":18}},"8":{"start":{"line":20,"column":4},"end":{"line":20,"column":91}},"9":{"start":{"line":22,"column":4},"end":{"line":27,"column":6}},"10":{"start":{"line":23,"column":6},"end":{"line":26,"column":7}},"11":{"start":{"line":24,"column":8},"end":{"line":24,"column":58}},"12":{"start":{"line":25,"column":8},"end":{"line":25,"column":46}},"13":{"start":{"line":25,"column":25},"end":{"line":25,"column":39}},"14":{"start":{"line":29,"column":4},"end":{"line":35,"column":6}},"15":{"start":{"line":30,"column":6},"end":{"line":34,"column":7}},"16":{"start":{"line":31,"column":8},"end":{"line":31,"column":22}},"17":{"start":{"line":33,"column":8},"end":{"line":33,"column":19}},"18":{"start":{"line":39,"column":4},"end":{"line":39,"column":48}},"19":{"start":{"line":43,"column":4},"end":{"line":46,"column":5}},"20":{"start":{"line":50,"column":4},"end":{"line":53,"column":5}},"21":{"start":{"line":57,"column":19},"end":{"line":60,"column":5}},"22":{"start":{"line":61,"column":4},"end":{"line":61,"column":32}},"23":{"start":{"line":65,"column":19},"end":{"line":68,"column":5}},"24":{"start":{"line":69,"column":4},"end":{"line":69,"column":32}},"25":{"start":{"line":73,"column":19},"end":{"line":76,"column":5}},"26":{"start":{"line":77,"column":4},"end":{"line":77,"column":32}}},"fnMap":{"0":{"name":"(anonymous_0)","decl":{"start":{"line":5,"column":22},"end":{"line":5,"column":23}},"loc":{"start":{"line":5,"column":50},"end":{"line":11,"column":1}},"line":5},"1":{"name":"(anonymous_1)","decl":{"start":{"line":6,"column":21},"end":{"line":6,"column":22}},"loc":{"start":{"line":6,"column":42},"end":{"line":10,"column":3}},"line":6},"2":{"name":"(anonymous_2)","decl":{"start":{"line":7,"column":28},"end":{"line":7,"column":29}},"loc":{"start":{"line":7,"column":48},"end":{"line":9,"column":5}},"line":7},"3":{"name":"(anonymous_3)","decl":{"start":{"line":15,"column":2},"end":{"line":15,"column":3}},"loc":{"start":{"line":15,"column":16},"end":{"line":17,"column":3}},"line":15},"4":{"name":"(anonymous_4)","decl":{"start":{"line":19,"column":2},"end":{"line":19,"column":3}},"loc":{"start":{"line":19,"column":12},"end":{"line":36,"column":3}},"line":19},"5":{"name":"(anonymous_5)","decl":{"start":{"line":22,"column":20},"end":{"line":22,"column":21}},"loc":{"start":{"line":22,"column":29},"end":{"line":27,"column":5}},"line":22},"6":{"name":"(anonymous_6)","decl":{"start":{"line":25,"column":19},"end":{"line":25,"column":20}},"loc":{"start":{"line":25,"column":25},"end":{"line":25,"column":39}},"line":25},"7":{"name":"(anonymous_7)","decl":{"start":{"line":29,"column":24},"end":{"line":29,"column":25}},"loc":{"start":{"line":29,"column":33},"end":{"line":35,"column":5}},"line":29},"8":{"name":"(anonymous_8)","decl":{"start":{"line":38,"column":2},"end":{"line":38,"column":3}},"loc":{"start":{"line":38,"column":23},"end":{"line":40,"column":3}},"line":38},"9":{"name":"(anonymous_9)","decl":{"start":{"line":42,"column":2},"end":{"line":42,"column":3}},"loc":{"start":{"line":42,"column":25},"end":{"line":47,"column":3}},"line":42},"10":{"name":"(anonymous_10)","decl":{"start":{"line":49,"column":2},"end":{"line":49,"column":3}},"loc":{"start":{"line":49,"column":27},"end":{"line":54,"column":3}},"line":49},"11":{"name":"(anonymous_11)","decl":{"start":{"line":56,"column":2},"end":{"line":56,"column":3}},"loc":{"start":{"line":56,"column":93},"end":{"line":62,"column":3}},"line":56},"12":{"name":"(anonymous_12)","decl":{"start":{"line":64,"column":2},"end":{"line":64,"column":3}},"loc":{"start":{"line":64,"column":101},"end":{"line":70,"column":3}},"line":64},"13":{"name":"(anonymous_13)","decl":{"start":{"line":72,"column":2},"end":{"line":72,"column":3}},"loc":{"start":{"line":72,"column":47},"end":{"line":78,"column":3}},"line":72}},"branchMap":{"0":{"loc":{"start":{"line":5,"column":34},"end":{"line":5,"column":45}},"type":"default-arg","locations":[{"start":{"line":5,"column":43},"end":{"line":5,"column":45}}],"line":5},"1":{"loc":{"start":{"line":8,"column":6},"end":{"line":8,"column":46}},"type":"cond-expr","locations":[{"start":{"line":8,"column":14},"end":{"line":8,"column":27}},{"start":{"line":8,"column":30},"end":{"line":8,"column":46}}],"line":8},"2":{"loc":{"start":{"line":23,"column":6},"end":{"line":26,"column":7}},"type":"if","locations":[{"start":{"line":23,"column":6},"end":{"line":26,"column":7}},{"start":{},"end":{}}],"line":23},"3":{"loc":{"start":{"line":30,"column":6},"end":{"line":34,"column":7}},"type":"if","locations":[{"start":{"line":30,"column":6},"end":{"line":34,"column":7}},{"start":{"line":32,"column":13},"end":{"line":34,"column":7}}],"line":30}},"s":{"0":6,"1":6,"2":6,"3":22,"4":22,"5":22,"6":6,"7":17,"8":19,"9":19,"10":19,"11":2,"12":2,"13":1,"14":19,"15":2,"16":1,"17":1,"18":22,"19":3,"20":3,"21":6,"22":4,"23":5,"24":3,"25":4,"26":3},"f":{"0":22,"1":22,"2":22,"3":17,"4":19,"5":19,"6":1,"7":2,"8":22,"9":3,"10":3,"11":6,"12":5,"13":4},"b":{"0":[1],"1":[7,15],"2":[2,17],"3":[1,1]},"_coverageSchema":"1a1c01bbd47fc00a2c39e90264f33305004495a9","hash":"b44ca206d3e15311ac4f51416ad763beafe59f32"}
,"/Users/sergioabad/Desktop/ProjectsToWorkOn/IoT/Arduino_Antiguo/Code/IoT_Microservices-master/microcontrollers-ms/src/helpers/helpers.js": {"path":"/Users/sergioabad/Desktop/ProjectsToWorkOn/IoT/Arduino_Antiguo/Code/IoT_Microservices-master/microcontrollers-ms/src/helpers/helpers.js","statementMap":{"0":{"start":{"line":1,"column":25},"end":{"line":6,"column":1}},"1":{"start":{"line":2,"column":2},"end":{"line":2,"column":39}},"2":{"start":{"line":2,"column":28},"end":{"line":2,"column":39}},"3":{"start":{"line":3,"column":2},"end":{"line":5,"column":3}},"4":{"start":{"line":8,"column":31},"end":{"line":10,"column":1}},"5":{"start":{"line":9,"column":2},"end":{"line":9,"column":79}},"6":{"start":{"line":12,"column":0},"end":{"line":12,"column":43}}},"fnMap":{"0":{"name":"(anonymous_0)","decl":{"start":{"line":1,"column":25},"end":{"line":1,"column":26}},"loc":{"start":{"line":1,"column":31},"end":{"line":6,"column":1}},"line":1},"1":{"name":"(anonymous_1)","decl":{"start":{"line":8,"column":31},"end":{"line":8,"column":32}},"loc":{"start":{"line":8,"column":75},"end":{"line":10,"column":1}},"line":8}},"branchMap":{"0":{"loc":{"start":{"line":2,"column":2},"end":{"line":2,"column":39}},"type":"if","locations":[{"start":{"line":2,"column":2},"end":{"line":2,"column":39}},{"start":{},"end":{}}],"line":2},"1":{"loc":{"start":{"line":8,"column":32},"end":{"line":8,"column":70}},"type":"default-arg","locations":[{"start":{"line":8,"column":68},"end":{"line":8,"column":70}}],"line":8},"2":{"loc":{"start":{"line":9,"column":12},"end":{"line":9,"column":78}},"type":"binary-expr","locations":[{"start":{"line":9,"column":12},"end":{"line":9,"column":14}},{"start":{"line":9,"column":18},"end":{"line":9,"column":45}},{"start":{"line":9,"column":49},"end":{"line":9,"column":56}},{"start":{"line":9,"column":60},"end":{"line":9,"column":66}},{"start":{"line":9,"column":70},"end":{"line":9,"column":78}}],"line":9}},"s":{"0":3,"1":15,"2":1,"3":14,"4":3,"5":15,"6":3},"f":{"0":15,"1":15},"b":{"0":[1,14],"1":[0],"2":[15,15,13,13,11]},"_coverageSchema":"1a1c01bbd47fc00a2c39e90264f33305004495a9","hash":"12067402440d80a2b4634287d9b3e867a096e4ee"}
}
