TN:
SF:src/app/app.js
FN:19,(anonymous_0)
FN:24,(anonymous_1)
FN:26,(anonymous_2)
FNF:3
FNH:1
FNDA:27,(anonymous_0)
FNDA:0,(anonymous_1)
FNDA:0,(anonymous_2)
DA:1,2
DA:2,2
DA:4,2
DA:6,2
DA:9,2
DA:12,2
DA:14,2
DA:15,2
DA:16,2
DA:19,2
DA:20,27
DA:21,27
DA:24,2
DA:26,2
DA:27,0
DA:28,0
DA:31,2
DA:33,2
DA:35,2
LF:19
LH:17
BRF:0
BRH:0
end_of_record
TN:
SF:src/app/controllers/microcontrollers.controller.js
FN:11,(anonymous_0)
FN:22,(anonymous_1)
FN:33,(anonymous_2)
FN:50,(anonymous_3)
FN:69,(anonymous_4)
FNF:5
FNH:5
FNDA:3,(anonymous_0)
FNDA:3,(anonymous_1)
FNDA:8,(anonymous_2)
FNDA:7,(anonymous_3)
FNDA:6,(anonymous_4)
DA:1,2
DA:3,2
DA:4,2
DA:6,2
DA:7,2
DA:9,2
DA:12,3
DA:14,3
DA:15,3
DA:17,3
DA:18,3
DA:19,1
DA:23,3
DA:25,3
DA:26,3
DA:28,3
DA:29,3
DA:30,1
DA:34,8
DA:36,8
DA:38,6
DA:40,6
DA:41,6
DA:42,6
DA:44,2
DA:46,0
DA:51,7
DA:52,7
DA:54,7
DA:56,5
DA:58,5
DA:59,5
DA:60,5
DA:62,1
DA:63,1
DA:65,0
DA:70,6
DA:71,6
DA:72,6
DA:73,6
DA:75,1
DA:77,1
DA:79,0
LF:43
LH:40
BRDA:15,0,0,0
BRDA:15,0,1,3
BRDA:18,1,0,1
BRDA:18,1,1,0
BRDA:26,2,0,0
BRDA:26,2,1,3
BRDA:29,3,0,1
BRDA:29,3,1,0
BRDA:36,4,0,2
BRDA:36,4,1,6
BRDA:42,5,0,4
BRDA:42,5,1,2
BRDA:54,6,0,2
BRDA:54,6,1,5
BRDA:54,7,0,7
BRDA:54,7,1,5
BRDA:60,8,0,4
BRDA:60,8,1,1
BRDA:73,9,0,5
BRDA:73,9,1,1
BRF:20
BRH:16
end_of_record
TN:
SF:src/app/routes/microcontrollers.routes.js
FNF:0
FNH:0
DA:1,2
DA:3,2
DA:5,2
DA:6,2
DA:8,2
DA:9,2
DA:10,2
DA:11,2
DA:12,2
DA:14,2
LF:10
LH:10
BRF:0
BRH:0
end_of_record
TN:
SF:src/config/mysql.config.js
FNF:0
FNH:0
DA:1,5
DA:2,5
DA:4,5
LF:3
LH:3
BRDA:1,0,0,5
BRDA:1,0,1,5
BRDA:2,1,0,5
BRDA:2,1,1,5
BRDA:5,2,0,5
BRDA:5,2,1,5
BRDA:7,3,0,5
BRDA:7,3,1,5
BRDA:8,4,0,5
BRDA:8,4,1,5
BRF:10
BRH:10
end_of_record
TN:
SF:src/database/dao.js
FN:5,(anonymous_0)
FN:6,(anonymous_1)
FN:7,(anonymous_2)
FN:15,(anonymous_3)
FN:19,(anonymous_4)
FN:22,(anonymous_5)
FN:29,(anonymous_6)
FN:38,(anonymous_7)
FN:42,(anonymous_8)
FN:49,(anonymous_9)
FN:56,(anonymous_10)
FN:64,(anonymous_11)
FN:72,(anonymous_12)
FNF:13
FNH:13
FNDA:22,(anonymous_0)
FNDA:22,(anonymous_1)
FNDA:15,(anonymous_2)
FNDA:18,(anonymous_3)
FNDA:19,(anonymous_4)
FNDA:19,(anonymous_5)
FNDA:2,(anonymous_6)
FNDA:22,(anonymous_7)
FNDA:3,(anonymous_8)
FNDA:3,(anonymous_9)
FNDA:6,(anonymous_10)
FNDA:5,(anonymous_11)
FNDA:4,(anonymous_12)
DA:1,5
DA:3,5
DA:5,5
DA:6,22
DA:7,22
DA:8,15
DA:13,5
DA:16,18
DA:20,19
DA:22,19
DA:23,19
DA:24,1
DA:25,1
DA:29,19
DA:30,2
DA:31,1
DA:33,1
DA:39,22
DA:43,3
DA:50,3
DA:57,6
DA:61,3
DA:65,5
DA:69,2
DA:73,4
DA:77,2
LF:26
LH:26
BRDA:5,0,0,0
BRDA:8,1,0,6
BRDA:8,1,1,9
BRDA:23,2,0,1
BRDA:23,2,1,18
BRDA:30,3,0,1
BRDA:30,3,1,1
BRF:7
BRH:6
end_of_record
TN:
SF:src/helpers/helpers.js
FN:1,(anonymous_0)
FN:8,(anonymous_1)
FNF:2
FNH:2
FNDA:15,(anonymous_0)
FNDA:15,(anonymous_1)
DA:1,2
DA:2,15
DA:3,14
DA:8,2
DA:9,15
DA:12,2
LF:6
LH:6
BRDA:2,0,0,1
BRDA:2,0,1,14
BRDA:8,1,0,0
BRDA:9,2,0,15
BRDA:9,2,1,15
BRDA:9,2,2,13
BRDA:9,2,3,13
BRDA:9,2,4,11
BRF:8
BRH:7
end_of_record
