TN:
SF:src/app/app.js
FN:19,(anonymous_0)
FN:24,(anonymous_1)
FN:26,(anonymous_2)
FNF:3
FNH:3
FNDA:34,(anonymous_0)
FNDA:1,(anonymous_1)
FNDA:1,(anonymous_2)
DA:1,3
DA:2,3
DA:4,3
DA:6,3
DA:9,3
DA:12,3
DA:14,3
DA:15,3
DA:16,3
DA:19,3
DA:20,34
DA:21,34
DA:24,3
DA:26,3
DA:27,1
DA:28,1
DA:31,3
DA:33,3
DA:35,3
LF:19
LH:19
BRF:0
BRH:0
end_of_record
TN:
SF:src/app/controllers/microcontrollers.controller.js
FN:11,(anonymous_0)
FN:22,(anonymous_1)
FN:33,(anonymous_2)
FN:52,(anonymous_3)
FN:71,(anonymous_4)
FNF:5
FNH:5
FNDA:6,(anonymous_0)
FNDA:5,(anonymous_1)
FNDA:13,(anonymous_2)
FNDA:11,(anonymous_3)
FNDA:9,(anonymous_4)
DA:1,4
DA:3,4
DA:4,4
DA:6,4
DA:7,4
DA:9,4
DA:12,6
DA:14,6
DA:15,6
DA:17,4
DA:18,4
DA:19,4
DA:23,5
DA:25,5
DA:26,5
DA:28,4
DA:29,4
DA:30,4
DA:34,13
DA:36,13
DA:38,10
DA:40,10
DA:41,10
DA:42,7
DA:44,4
DA:46,3
DA:47,3
DA:53,11
DA:54,11
DA:56,11
DA:58,9
DA:60,9
DA:61,9
DA:62,6
DA:64,3
DA:65,3
DA:67,3
DA:72,9
DA:73,9
DA:74,9
DA:75,6
DA:77,3
DA:79,3
DA:81,3
LF:44
LH:44
BRDA:15,0,0,2
BRDA:15,0,1,4
BRDA:18,1,0,3
BRDA:18,1,1,1
BRDA:26,2,0,1
BRDA:26,2,1,4
BRDA:29,3,0,3
BRDA:29,3,1,1
BRDA:36,4,0,3
BRDA:36,4,1,10
BRDA:42,5,0,3
BRDA:42,5,1,4
BRDA:56,6,0,2
BRDA:56,6,1,9
BRDA:56,7,0,11
BRDA:56,7,1,9
BRDA:62,8,0,3
BRDA:62,8,1,3
BRDA:75,9,0,3
BRDA:75,9,1,3
BRF:20
BRH:20
end_of_record
TN:
SF:src/app/middleware/internal-auth.middleware.js
FN:5,(anonymous_0)
FNF:1
FNH:1
FNDA:32,(anonymous_0)
DA:5,3
DA:6,32
DA:7,32
DA:8,30
DA:11,2
DA:13,2
DA:14,1
DA:17,1
DA:20,3
LF:9
LH:9
BRDA:6,0,0,32
BRDA:6,0,1,30
BRDA:7,1,0,30
BRDA:7,1,1,2
BRDA:13,2,0,1
BRDA:13,2,1,1
BRF:6
BRH:6
end_of_record
TN:
SF:src/app/routes/microcontrollers.routes.js
FNF:0
FNH:0
DA:1,3
DA:2,3
DA:3,3
DA:5,3
DA:6,3
DA:9,3
DA:11,3
DA:12,3
DA:13,3
DA:14,3
DA:15,3
DA:17,3
LF:12
LH:12
BRF:0
BRH:0
end_of_record
TN:
SF:src/config/mysql.config.js
FNF:0
FNH:0
DA:1,7
DA:2,7
DA:4,7
LF:3
LH:3
BRDA:1,0,0,7
BRDA:1,0,1,7
BRDA:2,1,0,7
BRDA:2,1,1,7
BRDA:5,2,0,7
BRDA:5,2,1,7
BRDA:7,3,0,7
BRDA:7,3,1,7
BRDA:8,4,0,7
BRDA:8,4,1,7
BRF:10
BRH:10
end_of_record
TN:
SF:src/database/dao.js
FN:5,(anonymous_0)
FN:6,(anonymous_1)
FN:7,(anonymous_2)
FN:15,(anonymous_3)
FN:19,(anonymous_4)
FN:22,(anonymous_5)
FN:25,(anonymous_6)
FN:29,(anonymous_7)
FN:38,(anonymous_8)
FN:42,(anonymous_9)
FN:49,(anonymous_10)
FN:56,(anonymous_11)
FN:64,(anonymous_12)
FN:72,(anonymous_13)
FNF:14
FNH:14
FNDA:23,(anonymous_0)
FNDA:23,(anonymous_1)
FNDA:23,(anonymous_2)
FNDA:17,(anonymous_3)
FNDA:19,(anonymous_4)
FNDA:19,(anonymous_5)
FNDA:1,(anonymous_6)
FNDA:2,(anonymous_7)
FNDA:23,(anonymous_8)
FNDA:3,(anonymous_9)
FNDA:4,(anonymous_10)
FNDA:6,(anonymous_11)
FNDA:5,(anonymous_12)
FNDA:4,(anonymous_13)
DA:1,7
DA:3,7
DA:5,7
DA:6,23
DA:7,23
DA:8,23
DA:13,7
DA:16,17
DA:20,19
DA:22,19
DA:23,19
DA:24,2
DA:25,2
DA:29,19
DA:30,2
DA:31,1
DA:33,1
DA:39,23
DA:43,3
DA:50,4
DA:57,6
DA:61,4
DA:65,5
DA:69,3
DA:73,4
DA:77,3
LF:26
LH:26
BRDA:5,0,0,1
BRDA:8,1,0,7
BRDA:8,1,1,16
BRDA:23,2,0,2
BRDA:23,2,1,17
BRDA:30,3,0,1
BRDA:30,3,1,1
BRF:7
BRH:7
end_of_record
TN:
SF:src/helpers/helpers.js
FN:1,(anonymous_0)
FN:8,(anonymous_1)
FNF:2
FNH:2
FNDA:17,(anonymous_0)
FNDA:18,(anonymous_1)
DA:1,4
DA:2,17
DA:3,16
DA:8,4
DA:9,18
DA:12,4
LF:6
LH:6
BRDA:2,0,0,1
BRDA:2,0,1,16
BRDA:8,1,0,1
BRDA:9,2,0,18
BRDA:9,2,1,17
BRDA:9,2,2,15
BRDA:9,2,3,15
BRDA:9,2,4,13
BRF:8
BRH:8
end_of_record
