{"/Users/sergioabad/Desktop/ProjectsToWorkOn/IoT/Arduino_Antiguo/Code/IoT_Microservices-master/publisher-ms/src/app/app.js": {"path":"/Users/sergioabad/Desktop/ProjectsToWorkOn/IoT/Arduino_Antiguo/Code/IoT_Microservices-master/publisher-ms/src/app/app.js","statementMap":{"0":{"start":{"line":1,"column":42},"end":{"line":1,"column":69}},"1":{"start":{"line":2,"column":20},"end":{"line":2,"column":54}},"2":{"start":{"line":4,"column":48},"end":{"line":4,"column":84}},"3":{"start":{"line":6,"column":17},"end":{"line":6,"column":53}},"4":{"start":{"line":8,"column":23},"end":{"line":31,"column":1}},"5":{"start":{"line":9,"column":16},"end":{"line":9,"column":57}},"6":{"start":{"line":10,"column":2},"end":{"line":30,"column":3}},"7":{"start":{"line":11,"column":19},"end":{"line":11,"column":53}},"8":{"start":{"line":12,"column":4},"end":{"line":12,"column":71}},"9":{"start":{"line":14,"column":4},"end":{"line":25,"column":5}},"10":{"start":{"line":16,"column":8},"end":{"line":16,"column":85}},"11":{"start":{"line":17,"column":25},"end":{"line":17,"column":52}},"12":{"start":{"line":18,"column":8},"end":{"line":23,"column":9}},"13":{"start":{"line":19,"column":10},"end":{"line":19,"column":82}},"14":{"start":{"line":20,"column":10},"end":{"line":20,"column":39}},"15":{"start":{"line":22,"column":10},"end":{"line":22,"column":77}},"16":{"start":{"line":27,"column":4},"end":{"line":27,"column":55}},"17":{"start":{"line":29,"column":4},"end":{"line":29,"column":23}},"18":{"start":{"line":33,"column":13},"end":{"line":36,"column":1}},"19":{"start":{"line":34,"column":2},"end":{"line":34,"column":49}},"20":{"start":{"line":35,"column":2},"end":{"line":35,"column":65}},"21":{"start":{"line":35,"column":31},"end":{"line":35,"column":64}},"22":{"start":{"line":38,"column":0},"end":{"line":38,"column":25}}},"fnMap":{"0":{"name":"(anonymous_0)","decl":{"start":{"line":8,"column":23},"end":{"line":8,"column":24}},"loc":{"start":{"line":8,"column":40},"end":{"line":31,"column":1}},"line":8},"1":{"name":"(anonymous_1)","decl":{"start":{"line":15,"column":17},"end":{"line":15,"column":18}},"loc":{"start":{"line":15,"column":32},"end":{"line":24,"column":7}},"line":15},"2":{"name":"(anonymous_2)","decl":{"start":{"line":33,"column":13},"end":{"line":33,"column":14}},"loc":{"start":{"line":33,"column":25},"end":{"line":36,"column":1}},"line":33},"3":{"name":"(anonymous_3)","decl":{"start":{"line":35,"column":20},"end":{"line":35,"column":21}},"loc":{"start":{"line":35,"column":31},"end":{"line":35,"column":64}},"line":35}},"branchMap":{"0":{"loc":{"start":{"line":18,"column":8},"end":{"line":23,"column":9}},"type":"if","locations":[{"start":{"line":18,"column":8},"end":{"line":23,"column":9}},{"start":{"line":18,"column":8},"end":{"line":23,"column":9}}],"line":18}},"s":{"0":2,"1":2,"2":2,"3":2,"4":2,"5":12,"6":12,"7":12,"8":9,"9":9,"10":7,"11":7,"12":7,"13":6,"14":6,"15":1,"16":3,"17":12,"18":2,"19":4,"20":4,"21":4,"22":2},"f":{"0":12,"1":7,"2":4,"3":4},"b":{"0":[6,1]},"_coverageSchema":"1a1c01bbd47fc00a2c39e90264f33305004495a9","hash":"de71510c1bafc43afae8e20e19e41c9466a2b4be"}
,"/Users/sergioabad/Desktop/ProjectsToWorkOn/IoT/Arduino_Antiguo/Code/IoT_Microservices-master/publisher-ms/src/config/config.js": {"path":"/Users/sergioabad/Desktop/ProjectsToWorkOn/IoT/Arduino_Antiguo/Code/IoT_Microservices-master/publisher-ms/src/config/config.js","statementMap":{"0":{"start":{"line":1,"column":30},"end":{"line":1,"column":85}},"1":{"start":{"line":2,"column":30},"end":{"line":2,"column":82}},"2":{"start":{"line":4,"column":22},"end":{"line":4,"column":70}},"3":{"start":{"line":5,"column":22},"end":{"line":5,"column":64}},"4":{"start":{"line":7,"column":0},"end":{"line":19,"column":1}}},"fnMap":{},"branchMap":{"0":{"loc":{"start":{"line":1,"column":30},"end":{"line":1,"column":85}},"type":"binary-expr","locations":[{"start":{"line":1,"column":30},"end":{"line":1,"column":70}},{"start":{"line":1,"column":74},"end":{"line":1,"column":85}}],"line":1},"1":{"loc":{"start":{"line":2,"column":30},"end":{"line":2,"column":82}},"type":"binary-expr","locations":[{"start":{"line":2,"column":30},"end":{"line":2,"column":74}},{"start":{"line":2,"column":78},"end":{"line":2,"column":82}}],"line":2},"2":{"loc":{"start":{"line":4,"column":22},"end":{"line":4,"column":70}},"type":"binary-expr","locations":[{"start":{"line":4,"column":22},"end":{"line":4,"column":51}},{"start":{"line":4,"column":55},"end":{"line":4,"column":70}}],"line":4},"3":{"loc":{"start":{"line":5,"column":22},"end":{"line":5,"column":64}},"type":"binary-expr","locations":[{"start":{"line":5,"column":22},"end":{"line":5,"column":55}},{"start":{"line":5,"column":59},"end":{"line":5,"column":64}}],"line":5},"4":{"loc":{"start":{"line":10,"column":12},"end":{"line":10,"column":59}},"type":"binary-expr","locations":[{"start":{"line":10,"column":12},"end":{"line":10,"column":45}},{"start":{"line":10,"column":49},"end":{"line":10,"column":59}}],"line":10},"5":{"loc":{"start":{"line":13,"column":14},"end":{"line":13,"column":61}},"type":"binary-expr","locations":[{"start":{"line":13,"column":14},"end":{"line":13,"column":45}},{"start":{"line":13,"column":49},"end":{"line":13,"column":61}}],"line":13},"6":{"loc":{"start":{"line":14,"column":11},"end":{"line":14,"column":51}},"type":"binary-expr","locations":[{"start":{"line":14,"column":11},"end":{"line":14,"column":39}},{"start":{"line":14,"column":43},"end":{"line":14,"column":51}}],"line":14},"7":{"loc":{"start":{"line":15,"column":17},"end":{"line":15,"column":69}},"type":"binary-expr","locations":[{"start":{"line":15,"column":17},"end":{"line":15,"column":51}},{"start":{"line":15,"column":55},"end":{"line":15,"column":69}}],"line":15},"8":{"loc":{"start":{"line":18,"column":12},"end":{"line":18,"column":55}},"type":"binary-expr","locations":[{"start":{"line":18,"column":12},"end":{"line":18,"column":45}},{"start":{"line":18,"column":49},"end":{"line":18,"column":55}}],"line":18}},"s":{"0":3,"1":3,"2":3,"3":3,"4":3},"f":{},"b":{"0":[3,3],"1":[3,3],"2":[3,3],"3":[3,3],"4":[3,3],"5":[3,3],"6":[3,3],"7":[3,3],"8":[3,3]},"_coverageSchema":"1a1c01bbd47fc00a2c39e90264f33305004495a9","hash":"6e76f199bd0d6a0ffe5871ec01066f2aea30b670"}
,"/Users/sergioabad/Desktop/ProjectsToWorkOn/IoT/Arduino_Antiguo/Code/IoT_Microservices-master/publisher-ms/src/modules/message.module.js": {"path":"/Users/sergioabad/Desktop/ProjectsToWorkOn/IoT/Arduino_Antiguo/Code/IoT_Microservices-master/publisher-ms/src/modules/message.module.js","statementMap":{"0":{"start":{"line":1,"column":24},"end":{"line":1,"column":51}},"1":{"start":{"line":3,"column":22},"end":{"line":12,"column":1}},"2":{"start":{"line":4,"column":2},"end":{"line":11,"column":3}},"3":{"start":{"line":7,"column":6},"end":{"line":7,"column":53}},"4":{"start":{"line":10,"column":6},"end":{"line":10,"column":104}},"5":{"start":{"line":14,"column":19},"end":{"line":34,"column":1}},"6":{"start":{"line":15,"column":15},"end":{"line":15,"column":25}},"7":{"start":{"line":16,"column":18},"end":{"line":24,"column":3}},"8":{"start":{"line":26,"column":2},"end":{"line":31,"column":3}},"9":{"start":{"line":29,"column":6},"end":{"line":29,"column":75}},"10":{"start":{"line":33,"column":2},"end":{"line":33,"column":16}},"11":{"start":{"line":36,"column":0},"end":{"line":36,"column":31}}},"fnMap":{"0":{"name":"(anonymous_0)","decl":{"start":{"line":3,"column":22},"end":{"line":3,"column":23}},"loc":{"start":{"line":3,"column":43},"end":{"line":12,"column":1}},"line":3},"1":{"name":"(anonymous_1)","decl":{"start":{"line":14,"column":19},"end":{"line":14,"column":20}},"loc":{"start":{"line":14,"column":36},"end":{"line":34,"column":1}},"line":14}},"branchMap":{"0":{"loc":{"start":{"line":4,"column":2},"end":{"line":11,"column":3}},"type":"switch","locations":[{"start":{"line":5,"column":4},"end":{"line":5,"column":28}},{"start":{"line":6,"column":4},"end":{"line":7,"column":53}},{"start":{"line":8,"column":4},"end":{"line":8,"column":31}},{"start":{"line":9,"column":4},"end":{"line":10,"column":104}}],"line":4},"1":{"loc":{"start":{"line":26,"column":2},"end":{"line":31,"column":3}},"type":"switch","locations":[{"start":{"line":27,"column":4},"end":{"line":27,"column":20}},{"start":{"line":28,"column":4},"end":{"line":29,"column":75}},{"start":{"line":30,"column":4},"end":{"line":30,"column":17}}],"line":26}},"s":{"0":3,"1":3,"2":6,"3":3,"4":3,"5":3,"6":8,"7":8,"8":8,"9":6,"10":8,"11":3},"f":{"0":6,"1":8},"b":{"0":[2,3,2,3],"1":[3,6,8]},"_coverageSchema":"1a1c01bbd47fc00a2c39e90264f33305004495a9","hash":"ea5df8d17dd0ee05ec3da6224dc436f57d4ad864"}
,"/Users/sergioabad/Desktop/ProjectsToWorkOn/IoT/Arduino_Antiguo/Code/IoT_Microservices-master/publisher-ms/src/modules/queue.module.js": {"path":"/Users/sergioabad/Desktop/ProjectsToWorkOn/IoT/Arduino_Antiguo/Code/IoT_Microservices-master/publisher-ms/src/modules/queue.module.js","statementMap":{"0":{"start":{"line":1,"column":13},"end":{"line":1,"column":31}},"1":{"start":{"line":2,"column":41},"end":{"line":2,"column":68}},"2":{"start":{"line":4,"column":12},"end":{"line":4,"column":57}},"3":{"start":{"line":8,"column":4},"end":{"line":8,"column":26}},"4":{"start":{"line":9,"column":4},"end":{"line":9,"column":26}},"5":{"start":{"line":10,"column":4},"end":{"line":10,"column":23}},"6":{"start":{"line":11,"column":4},"end":{"line":11,"column":29}},"7":{"start":{"line":12,"column":4},"end":{"line":12,"column":42}},"8":{"start":{"line":16,"column":4},"end":{"line":16,"column":32}},"9":{"start":{"line":20,"column":4},"end":{"line":66,"column":5}},"10":{"start":{"line":21,"column":6},"end":{"line":21,"column":65}},"11":{"start":{"line":22,"column":6},"end":{"line":26,"column":8}},"12":{"start":{"line":23,"column":8},"end":{"line":25,"column":9}},"13":{"start":{"line":24,"column":10},"end":{"line":24,"column":63}},"14":{"start":{"line":27,"column":6},"end":{"line":30,"column":8}},"15":{"start":{"line":28,"column":8},"end":{"line":28,"column":66}},"16":{"start":{"line":29,"column":8},"end":{"line":29,"column":24}},"17":{"start":{"line":32,"column":6},"end":{"line":32,"column":37}},"18":{"start":{"line":33,"column":6},"end":{"line":33,"column":65}},"19":{"start":{"line":36,"column":18},"end":{"line":36,"column":23}},"20":{"start":{"line":37,"column":18},"end":{"line":37,"column":33}},"21":{"start":{"line":38,"column":6},"end":{"line":38,"column":73}},"22":{"start":{"line":39,"column":6},"end":{"line":39,"column":60}},"23":{"start":{"line":40,"column":6},"end":{"line":40,"column":48}},"24":{"start":{"line":42,"column":6},"end":{"line":47,"column":8}},"25":{"start":{"line":50,"column":6},"end":{"line":52,"column":8}},"26":{"start":{"line":51,"column":8},"end":{"line":51,"column":58}},"27":{"start":{"line":53,"column":6},"end":{"line":55,"column":8}},"28":{"start":{"line":54,"column":8},"end":{"line":54,"column":44}},"29":{"start":{"line":58,"column":6},"end":{"line":61,"column":7}},"30":{"start":{"line":59,"column":20},"end":{"line":59,"column":48}},"31":{"start":{"line":60,"column":8},"end":{"line":60,"column":31}},"32":{"start":{"line":62,"column":6},"end":{"line":62,"column":17}},"33":{"start":{"line":64,"column":6},"end":{"line":64,"column":63}},"34":{"start":{"line":65,"column":6},"end":{"line":65,"column":39}},"35":{"start":{"line":70,"column":18},"end":{"line":70,"column":65}},"36":{"start":{"line":71,"column":4},"end":{"line":71,"column":62}},"37":{"start":{"line":72,"column":4},"end":{"line":74,"column":6}},"38":{"start":{"line":73,"column":6},"end":{"line":73,"column":68}},"39":{"start":{"line":73,"column":23},"end":{"line":73,"column":60}},"40":{"start":{"line":79,"column":4},"end":{"line":81,"column":5}},"41":{"start":{"line":80,"column":6},"end":{"line":80,"column":60}},"42":{"start":{"line":80,"column":35},"end":{"line":80,"column":59}},"43":{"start":{"line":82,"column":4},"end":{"line":82,"column":48}},"44":{"start":{"line":82,"column":22},"end":{"line":82,"column":48}},"45":{"start":{"line":83,"column":4},"end":{"line":83,"column":54}},"46":{"start":{"line":83,"column":25},"end":{"line":83,"column":54}},"47":{"start":{"line":87,"column":20},"end":{"line":87,"column":56}},"48":{"start":{"line":88,"column":4},"end":{"line":109,"column":5}},"49":{"start":{"line":89,"column":6},"end":{"line":93,"column":7}},"50":{"start":{"line":90,"column":8},"end":{"line":90,"column":64}},"51":{"start":{"line":91,"column":8},"end":{"line":91,"column":42}},"52":{"start":{"line":92,"column":8},"end":{"line":92,"column":14}},"53":{"start":{"line":95,"column":6},"end":{"line":105,"column":8}},"54":{"start":{"line":96,"column":8},"end":{"line":104,"column":10}},"55":{"start":{"line":97,"column":10},"end":{"line":103,"column":11}},"56":{"start":{"line":98,"column":12},"end":{"line":98,"column":62}},"57":{"start":{"line":99,"column":12},"end":{"line":99,"column":46}},"58":{"start":{"line":100,"column":12},"end":{"line":100,"column":23}},"59":{"start":{"line":102,"column":12},"end":{"line":102,"column":23}},"60":{"start":{"line":107,"column":6},"end":{"line":107,"column":59}},"61":{"start":{"line":108,"column":6},"end":{"line":108,"column":40}},"62":{"start":{"line":113,"column":0},"end":{"line":113,"column":22}}},"fnMap":{"0":{"name":"(anonymous_0)","decl":{"start":{"line":7,"column":2},"end":{"line":7,"column":3}},"loc":{"start":{"line":7,"column":21},"end":{"line":13,"column":3}},"line":7},"1":{"name":"(anonymous_1)","decl":{"start":{"line":15,"column":2},"end":{"line":15,"column":3}},"loc":{"start":{"line":15,"column":18},"end":{"line":17,"column":3}},"line":15},"2":{"name":"(anonymous_2)","decl":{"start":{"line":19,"column":2},"end":{"line":19,"column":3}},"loc":{"start":{"line":19,"column":32},"end":{"line":67,"column":3}},"line":19},"3":{"name":"(anonymous_3)","decl":{"start":{"line":22,"column":34},"end":{"line":22,"column":35}},"loc":{"start":{"line":22,"column":43},"end":{"line":26,"column":7}},"line":22},"4":{"name":"(anonymous_4)","decl":{"start":{"line":27,"column":34},"end":{"line":27,"column":35}},"loc":{"start":{"line":27,"column":40},"end":{"line":30,"column":7}},"line":27},"5":{"name":"(anonymous_5)","decl":{"start":{"line":50,"column":31},"end":{"line":50,"column":32}},"loc":{"start":{"line":50,"column":40},"end":{"line":52,"column":7}},"line":50},"6":{"name":"(anonymous_6)","decl":{"start":{"line":53,"column":31},"end":{"line":53,"column":32}},"loc":{"start":{"line":53,"column":37},"end":{"line":55,"column":7}},"line":53},"7":{"name":"(anonymous_7)","decl":{"start":{"line":69,"column":2},"end":{"line":69,"column":3}},"loc":{"start":{"line":69,"column":28},"end":{"line":75,"column":3}},"line":69},"8":{"name":"(anonymous_8)","decl":{"start":{"line":72,"column":23},"end":{"line":72,"column":24}},"loc":{"start":{"line":72,"column":34},"end":{"line":74,"column":5}},"line":72},"9":{"name":"(anonymous_9)","decl":{"start":{"line":73,"column":17},"end":{"line":73,"column":18}},"loc":{"start":{"line":73,"column":23},"end":{"line":73,"column":60}},"line":73},"10":{"name":"(anonymous_10)","decl":{"start":{"line":77,"column":2},"end":{"line":77,"column":3}},"loc":{"start":{"line":77,"column":16},"end":{"line":84,"column":3}},"line":77},"11":{"name":"(anonymous_11)","decl":{"start":{"line":80,"column":24},"end":{"line":80,"column":25}},"loc":{"start":{"line":80,"column":35},"end":{"line":80,"column":59}},"line":80},"12":{"name":"(anonymous_12)","decl":{"start":{"line":86,"column":2},"end":{"line":86,"column":3}},"loc":{"start":{"line":86,"column":25},"end":{"line":110,"column":3}},"line":86},"13":{"name":"(anonymous_13)","decl":{"start":{"line":95,"column":24},"end":{"line":95,"column":25}},"loc":{"start":{"line":95,"column":45},"end":{"line":105,"column":7}},"line":95},"14":{"name":"(anonymous_14)","decl":{"start":{"line":96,"column":80},"end":{"line":96,"column":81}},"loc":{"start":{"line":96,"column":93},"end":{"line":104,"column":9}},"line":96}},"branchMap":{"0":{"loc":{"start":{"line":19,"column":16},"end":{"line":19,"column":30}},"type":"default-arg","locations":[{"start":{"line":19,"column":29},"end":{"line":19,"column":30}}],"line":19},"1":{"loc":{"start":{"line":23,"column":8},"end":{"line":25,"column":9}},"type":"if","locations":[{"start":{"line":23,"column":8},"end":{"line":25,"column":9}},{"start":{"line":23,"column":8},"end":{"line":25,"column":9}}],"line":23},"2":{"loc":{"start":{"line":69,"column":12},"end":{"line":69,"column":26}},"type":"default-arg","locations":[{"start":{"line":69,"column":25},"end":{"line":69,"column":26}}],"line":69},"3":{"loc":{"start":{"line":82,"column":4},"end":{"line":82,"column":48}},"type":"if","locations":[{"start":{"line":82,"column":4},"end":{"line":82,"column":48}},{"start":{"line":82,"column":4},"end":{"line":82,"column":48}}],"line":82},"4":{"loc":{"start":{"line":83,"column":4},"end":{"line":83,"column":54}},"type":"if","locations":[{"start":{"line":83,"column":4},"end":{"line":83,"column":54}},{"start":{"line":83,"column":4},"end":{"line":83,"column":54}}],"line":83},"5":{"loc":{"start":{"line":89,"column":6},"end":{"line":93,"column":7}},"type":"if","locations":[{"start":{"line":89,"column":6},"end":{"line":93,"column":7}},{"start":{"line":89,"column":6},"end":{"line":93,"column":7}}],"line":89},"6":{"loc":{"start":{"line":97,"column":10},"end":{"line":103,"column":11}},"type":"if","locations":[{"start":{"line":97,"column":10},"end":{"line":103,"column":11}},{"start":{"line":97,"column":10},"end":{"line":103,"column":11}}],"line":97}},"s":{"0":2,"1":2,"2":2,"3":15,"4":15,"5":15,"6":15,"7":15,"8":7,"9":17,"10":17,"11":16,"12":2,"13":1,"14":16,"15":1,"16":1,"17":16,"18":16,"19":16,"20":16,"21":16,"22":16,"23":16,"24":16,"25":16,"26":1,"27":16,"28":1,"29":16,"30":5,"31":5,"32":16,"33":1,"34":1,"35":2,"36":2,"37":2,"38":2,"39":2,"40":5,"41":4,"42":4,"43":5,"44":4,"45":5,"46":4,"47":10,"48":10,"49":10,"50":4,"51":4,"52":4,"53":6,"54":6,"55":6,"56":1,"57":1,"58":1,"59":5,"60":1,"61":1,"62":2},"f":{"0":15,"1":7,"2":17,"3":2,"4":1,"5":1,"6":1,"7":2,"8":2,"9":2,"10":5,"11":4,"12":10,"13":6,"14":6},"b":{"0":[17],"1":[1,1],"2":[1],"3":[4,1],"4":[4,1],"5":[4,6],"6":[1,5]},"_coverageSchema":"1a1c01bbd47fc00a2c39e90264f33305004495a9","hash":"00d2d2687932c3eaa99578994a6f34ffa679f007"}
,"/Users/sergioabad/Desktop/ProjectsToWorkOn/IoT/Arduino_Antiguo/Code/IoT_Microservices-master/publisher-ms/src/modules/request.module.js": {"path":"/Users/sergioabad/Desktop/ProjectsToWorkOn/IoT/Arduino_Antiguo/Code/IoT_Microservices-master/publisher-ms/src/modules/request.module.js","statementMap":{"0":{"start":{"line":1,"column":14},"end":{"line":1,"column":30}},"1":{"start":{"line":3,"column":46},"end":{"line":3,"column":73}},"2":{"start":{"line":4,"column":23},"end":{"line":4,"column":59}},"3":{"start":{"line":6,"column":28},"end":{"line":9,"column":1}},"4":{"start":{"line":7,"column":19},"end":{"line":7,"column":78}},"5":{"start":{"line":8,"column":2},"end":{"line":8,"column":22}},"6":{"start":{"line":11,"column":23},"end":{"line":16,"column":1}},"7":{"start":{"line":12,"column":2},"end":{"line":15,"column":21}},"8":{"start":{"line":13,"column":21},"end":{"line":13,"column":102}},"9":{"start":{"line":14,"column":4},"end":{"line":14,"column":43}},"10":{"start":{"line":18,"column":0},"end":{"line":18,"column":56}}},"fnMap":{"0":{"name":"(anonymous_0)","decl":{"start":{"line":6,"column":28},"end":{"line":6,"column":29}},"loc":{"start":{"line":6,"column":45},"end":{"line":9,"column":1}},"line":6},"1":{"name":"(anonymous_1)","decl":{"start":{"line":11,"column":23},"end":{"line":11,"column":24}},"loc":{"start":{"line":11,"column":38},"end":{"line":16,"column":1}},"line":11}},"branchMap":{},"s":{"0":2,"1":2,"2":2,"3":2,"4":5,"5":4,"6":2,"7":5,"8":5,"9":4,"10":2},"f":{"0":5,"1":5},"b":{},"_coverageSchema":"1a1c01bbd47fc00a2c39e90264f33305004495a9","hash":"8e073d868df2f3465e0b320e40a76519ee068fb5"}
}
