{"/Users/sergioabad/Desktop/ProjectsToWorkOn/IoT/Arduino_Antiguo/Code/IoT_Microservices-master/publisher-ms/src/app/app.js": {"path":"/Users/sergioabad/Desktop/ProjectsToWorkOn/IoT/Arduino_Antiguo/Code/IoT_Microservices-master/publisher-ms/src/app/app.js","statementMap":{"0":{"start":{"line":1,"column":42},"end":{"line":1,"column":69}},"1":{"start":{"line":2,"column":20},"end":{"line":2,"column":54}},"2":{"start":{"line":4,"column":48},"end":{"line":4,"column":84}},"3":{"start":{"line":6,"column":17},"end":{"line":6,"column":53}},"4":{"start":{"line":8,"column":23},"end":{"line":25,"column":1}},"5":{"start":{"line":9,"column":16},"end":{"line":9,"column":57}},"6":{"start":{"line":10,"column":17},"end":{"line":10,"column":51}},"7":{"start":{"line":11,"column":2},"end":{"line":11,"column":69}},"8":{"start":{"line":13,"column":2},"end":{"line":24,"column":3}},"9":{"start":{"line":15,"column":6},"end":{"line":15,"column":83}},"10":{"start":{"line":16,"column":23},"end":{"line":16,"column":50}},"11":{"start":{"line":17,"column":6},"end":{"line":22,"column":7}},"12":{"start":{"line":18,"column":8},"end":{"line":18,"column":80}},"13":{"start":{"line":19,"column":8},"end":{"line":19,"column":37}},"14":{"start":{"line":21,"column":8},"end":{"line":21,"column":75}},"15":{"start":{"line":27,"column":13},"end":{"line":30,"column":1}},"16":{"start":{"line":28,"column":2},"end":{"line":28,"column":49}},"17":{"start":{"line":29,"column":2},"end":{"line":29,"column":65}},"18":{"start":{"line":29,"column":31},"end":{"line":29,"column":64}},"19":{"start":{"line":32,"column":0},"end":{"line":32,"column":25}}},"fnMap":{"0":{"name":"(anonymous_0)","decl":{"start":{"line":8,"column":23},"end":{"line":8,"column":24}},"loc":{"start":{"line":8,"column":40},"end":{"line":25,"column":1}},"line":8},"1":{"name":"(anonymous_1)","decl":{"start":{"line":14,"column":15},"end":{"line":14,"column":16}},"loc":{"start":{"line":14,"column":30},"end":{"line":23,"column":5}},"line":14},"2":{"name":"(anonymous_2)","decl":{"start":{"line":27,"column":13},"end":{"line":27,"column":14}},"loc":{"start":{"line":27,"column":25},"end":{"line":30,"column":1}},"line":27},"3":{"name":"(anonymous_3)","decl":{"start":{"line":29,"column":20},"end":{"line":29,"column":21}},"loc":{"start":{"line":29,"column":31},"end":{"line":29,"column":64}},"line":29}},"branchMap":{"0":{"loc":{"start":{"line":17,"column":6},"end":{"line":22,"column":7}},"type":"if","locations":[{"start":{"line":17,"column":6},"end":{"line":22,"column":7}},{"start":{"line":17,"column":6},"end":{"line":22,"column":7}}],"line":17}},"s":{"0":2,"1":2,"2":2,"3":2,"4":2,"5":9,"6":9,"7":9,"8":9,"9":7,"10":7,"11":7,"12":6,"13":6,"14":1,"15":2,"16":3,"17":3,"18":3,"19":2},"f":{"0":9,"1":7,"2":3,"3":3},"b":{"0":[6,1]},"_coverageSchema":"1a1c01bbd47fc00a2c39e90264f33305004495a9","hash":"beb1e8bfcc45ea51eaa1696773b350553f31d3f7"}
,"/Users/sergioabad/Desktop/ProjectsToWorkOn/IoT/Arduino_Antiguo/Code/IoT_Microservices-master/publisher-ms/src/config/config.js": {"path":"/Users/sergioabad/Desktop/ProjectsToWorkOn/IoT/Arduino_Antiguo/Code/IoT_Microservices-master/publisher-ms/src/config/config.js","statementMap":{"0":{"start":{"line":1,"column":30},"end":{"line":1,"column":85}},"1":{"start":{"line":2,"column":30},"end":{"line":2,"column":82}},"2":{"start":{"line":4,"column":22},"end":{"line":4,"column":70}},"3":{"start":{"line":5,"column":22},"end":{"line":5,"column":64}},"4":{"start":{"line":7,"column":0},"end":{"line":19,"column":1}}},"fnMap":{},"branchMap":{"0":{"loc":{"start":{"line":1,"column":30},"end":{"line":1,"column":85}},"type":"binary-expr","locations":[{"start":{"line":1,"column":30},"end":{"line":1,"column":70}},{"start":{"line":1,"column":74},"end":{"line":1,"column":85}}],"line":1},"1":{"loc":{"start":{"line":2,"column":30},"end":{"line":2,"column":82}},"type":"binary-expr","locations":[{"start":{"line":2,"column":30},"end":{"line":2,"column":74}},{"start":{"line":2,"column":78},"end":{"line":2,"column":82}}],"line":2},"2":{"loc":{"start":{"line":4,"column":22},"end":{"line":4,"column":70}},"type":"binary-expr","locations":[{"start":{"line":4,"column":22},"end":{"line":4,"column":51}},{"start":{"line":4,"column":55},"end":{"line":4,"column":70}}],"line":4},"3":{"loc":{"start":{"line":5,"column":22},"end":{"line":5,"column":64}},"type":"binary-expr","locations":[{"start":{"line":5,"column":22},"end":{"line":5,"column":55}},{"start":{"line":5,"column":59},"end":{"line":5,"column":64}}],"line":5},"4":{"loc":{"start":{"line":10,"column":12},"end":{"line":10,"column":59}},"type":"binary-expr","locations":[{"start":{"line":10,"column":12},"end":{"line":10,"column":45}},{"start":{"line":10,"column":49},"end":{"line":10,"column":59}}],"line":10},"5":{"loc":{"start":{"line":13,"column":14},"end":{"line":13,"column":61}},"type":"binary-expr","locations":[{"start":{"line":13,"column":14},"end":{"line":13,"column":45}},{"start":{"line":13,"column":49},"end":{"line":13,"column":61}}],"line":13},"6":{"loc":{"start":{"line":14,"column":11},"end":{"line":14,"column":51}},"type":"binary-expr","locations":[{"start":{"line":14,"column":11},"end":{"line":14,"column":39}},{"start":{"line":14,"column":43},"end":{"line":14,"column":51}}],"line":14},"7":{"loc":{"start":{"line":15,"column":17},"end":{"line":15,"column":69}},"type":"binary-expr","locations":[{"start":{"line":15,"column":17},"end":{"line":15,"column":51}},{"start":{"line":15,"column":55},"end":{"line":15,"column":69}}],"line":15},"8":{"loc":{"start":{"line":18,"column":12},"end":{"line":18,"column":55}},"type":"binary-expr","locations":[{"start":{"line":18,"column":12},"end":{"line":18,"column":45}},{"start":{"line":18,"column":49},"end":{"line":18,"column":55}}],"line":18}},"s":{"0":3,"1":3,"2":3,"3":3,"4":3},"f":{},"b":{"0":[3,3],"1":[3,3],"2":[3,3],"3":[3,3],"4":[3,3],"5":[3,3],"6":[3,3],"7":[3,3],"8":[3,3]},"_coverageSchema":"1a1c01bbd47fc00a2c39e90264f33305004495a9","hash":"6e76f199bd0d6a0ffe5871ec01066f2aea30b670"}
,"/Users/sergioabad/Desktop/ProjectsToWorkOn/IoT/Arduino_Antiguo/Code/IoT_Microservices-master/publisher-ms/src/modules/message.module.js": {"path":"/Users/sergioabad/Desktop/ProjectsToWorkOn/IoT/Arduino_Antiguo/Code/IoT_Microservices-master/publisher-ms/src/modules/message.module.js","statementMap":{"0":{"start":{"line":1,"column":24},"end":{"line":1,"column":51}},"1":{"start":{"line":3,"column":22},"end":{"line":12,"column":1}},"2":{"start":{"line":4,"column":2},"end":{"line":11,"column":3}},"3":{"start":{"line":7,"column":6},"end":{"line":7,"column":53}},"4":{"start":{"line":10,"column":6},"end":{"line":10,"column":104}},"5":{"start":{"line":14,"column":19},"end":{"line":34,"column":1}},"6":{"start":{"line":15,"column":15},"end":{"line":15,"column":25}},"7":{"start":{"line":16,"column":18},"end":{"line":24,"column":3}},"8":{"start":{"line":26,"column":2},"end":{"line":31,"column":3}},"9":{"start":{"line":29,"column":6},"end":{"line":29,"column":75}},"10":{"start":{"line":33,"column":2},"end":{"line":33,"column":16}},"11":{"start":{"line":36,"column":0},"end":{"line":36,"column":31}}},"fnMap":{"0":{"name":"(anonymous_0)","decl":{"start":{"line":3,"column":22},"end":{"line":3,"column":23}},"loc":{"start":{"line":3,"column":43},"end":{"line":12,"column":1}},"line":3},"1":{"name":"(anonymous_1)","decl":{"start":{"line":14,"column":19},"end":{"line":14,"column":20}},"loc":{"start":{"line":14,"column":36},"end":{"line":34,"column":1}},"line":14}},"branchMap":{"0":{"loc":{"start":{"line":4,"column":2},"end":{"line":11,"column":3}},"type":"switch","locations":[{"start":{"line":5,"column":4},"end":{"line":5,"column":28}},{"start":{"line":6,"column":4},"end":{"line":7,"column":53}},{"start":{"line":8,"column":4},"end":{"line":8,"column":31}},{"start":{"line":9,"column":4},"end":{"line":10,"column":104}}],"line":4},"1":{"loc":{"start":{"line":26,"column":2},"end":{"line":31,"column":3}},"type":"switch","locations":[{"start":{"line":27,"column":4},"end":{"line":27,"column":20}},{"start":{"line":28,"column":4},"end":{"line":29,"column":75}},{"start":{"line":30,"column":4},"end":{"line":30,"column":17}}],"line":26}},"s":{"0":2,"1":2,"2":2,"3":1,"4":1,"5":2,"6":3,"7":3,"8":3,"9":2,"10":3,"11":2},"f":{"0":2,"1":3},"b":{"0":[1,1,1,1],"1":[1,2,3]},"_coverageSchema":"1a1c01bbd47fc00a2c39e90264f33305004495a9","hash":"ea5df8d17dd0ee05ec3da6224dc436f57d4ad864"}
,"/Users/sergioabad/Desktop/ProjectsToWorkOn/IoT/Arduino_Antiguo/Code/IoT_Microservices-master/publisher-ms/src/modules/queue.module.js": {"path":"/Users/sergioabad/Desktop/ProjectsToWorkOn/IoT/Arduino_Antiguo/Code/IoT_Microservices-master/publisher-ms/src/modules/queue.module.js","statementMap":{"0":{"start":{"line":1,"column":13},"end":{"line":1,"column":31}},"1":{"start":{"line":2,"column":41},"end":{"line":2,"column":68}},"2":{"start":{"line":4,"column":12},"end":{"line":4,"column":57}},"3":{"start":{"line":8,"column":4},"end":{"line":8,"column":26}},"4":{"start":{"line":9,"column":4},"end":{"line":9,"column":26}},"5":{"start":{"line":10,"column":4},"end":{"line":10,"column":23}},"6":{"start":{"line":11,"column":4},"end":{"line":11,"column":29}},"7":{"start":{"line":12,"column":4},"end":{"line":12,"column":18}},"8":{"start":{"line":16,"column":4},"end":{"line":47,"column":5}},"9":{"start":{"line":17,"column":6},"end":{"line":17,"column":65}},"10":{"start":{"line":18,"column":6},"end":{"line":22,"column":8}},"11":{"start":{"line":19,"column":8},"end":{"line":21,"column":9}},"12":{"start":{"line":20,"column":10},"end":{"line":20,"column":63}},"13":{"start":{"line":23,"column":6},"end":{"line":26,"column":8}},"14":{"start":{"line":24,"column":8},"end":{"line":24,"column":66}},"15":{"start":{"line":25,"column":8},"end":{"line":25,"column":24}},"16":{"start":{"line":28,"column":6},"end":{"line":28,"column":37}},"17":{"start":{"line":29,"column":6},"end":{"line":29,"column":65}},"18":{"start":{"line":30,"column":6},"end":{"line":30,"column":71}},"19":{"start":{"line":32,"column":6},"end":{"line":34,"column":8}},"20":{"start":{"line":33,"column":8},"end":{"line":33,"column":58}},"21":{"start":{"line":35,"column":6},"end":{"line":37,"column":8}},"22":{"start":{"line":36,"column":8},"end":{"line":36,"column":44}},"23":{"start":{"line":40,"column":6},"end":{"line":43,"column":7}},"24":{"start":{"line":41,"column":20},"end":{"line":41,"column":48}},"25":{"start":{"line":42,"column":8},"end":{"line":42,"column":31}},"26":{"start":{"line":45,"column":6},"end":{"line":45,"column":63}},"27":{"start":{"line":46,"column":6},"end":{"line":46,"column":32}},"28":{"start":{"line":51,"column":18},"end":{"line":51,"column":65}},"29":{"start":{"line":52,"column":4},"end":{"line":52,"column":62}},"30":{"start":{"line":53,"column":4},"end":{"line":53,"column":57}},"31":{"start":{"line":53,"column":21},"end":{"line":53,"column":49}},"32":{"start":{"line":57,"column":20},"end":{"line":57,"column":56}},"33":{"start":{"line":58,"column":4},"end":{"line":79,"column":5}},"34":{"start":{"line":59,"column":6},"end":{"line":63,"column":7}},"35":{"start":{"line":60,"column":8},"end":{"line":60,"column":64}},"36":{"start":{"line":61,"column":8},"end":{"line":61,"column":42}},"37":{"start":{"line":62,"column":8},"end":{"line":62,"column":14}},"38":{"start":{"line":65,"column":6},"end":{"line":75,"column":8}},"39":{"start":{"line":66,"column":8},"end":{"line":74,"column":10}},"40":{"start":{"line":67,"column":10},"end":{"line":73,"column":11}},"41":{"start":{"line":68,"column":12},"end":{"line":68,"column":62}},"42":{"start":{"line":69,"column":12},"end":{"line":69,"column":46}},"43":{"start":{"line":70,"column":12},"end":{"line":70,"column":23}},"44":{"start":{"line":72,"column":12},"end":{"line":72,"column":23}},"45":{"start":{"line":77,"column":6},"end":{"line":77,"column":59}},"46":{"start":{"line":78,"column":6},"end":{"line":78,"column":40}},"47":{"start":{"line":83,"column":0},"end":{"line":83,"column":22}}},"fnMap":{"0":{"name":"(anonymous_0)","decl":{"start":{"line":7,"column":2},"end":{"line":7,"column":3}},"loc":{"start":{"line":7,"column":21},"end":{"line":13,"column":3}},"line":7},"1":{"name":"(anonymous_1)","decl":{"start":{"line":15,"column":2},"end":{"line":15,"column":3}},"loc":{"start":{"line":15,"column":32},"end":{"line":48,"column":3}},"line":15},"2":{"name":"(anonymous_2)","decl":{"start":{"line":18,"column":34},"end":{"line":18,"column":35}},"loc":{"start":{"line":18,"column":43},"end":{"line":22,"column":7}},"line":18},"3":{"name":"(anonymous_3)","decl":{"start":{"line":23,"column":34},"end":{"line":23,"column":35}},"loc":{"start":{"line":23,"column":40},"end":{"line":26,"column":7}},"line":23},"4":{"name":"(anonymous_4)","decl":{"start":{"line":32,"column":31},"end":{"line":32,"column":32}},"loc":{"start":{"line":32,"column":40},"end":{"line":34,"column":7}},"line":32},"5":{"name":"(anonymous_5)","decl":{"start":{"line":35,"column":31},"end":{"line":35,"column":32}},"loc":{"start":{"line":35,"column":37},"end":{"line":37,"column":7}},"line":35},"6":{"name":"(anonymous_6)","decl":{"start":{"line":50,"column":2},"end":{"line":50,"column":3}},"loc":{"start":{"line":50,"column":28},"end":{"line":54,"column":3}},"line":50},"7":{"name":"(anonymous_7)","decl":{"start":{"line":53,"column":15},"end":{"line":53,"column":16}},"loc":{"start":{"line":53,"column":21},"end":{"line":53,"column":49}},"line":53},"8":{"name":"(anonymous_8)","decl":{"start":{"line":56,"column":2},"end":{"line":56,"column":3}},"loc":{"start":{"line":56,"column":25},"end":{"line":80,"column":3}},"line":56},"9":{"name":"(anonymous_9)","decl":{"start":{"line":65,"column":24},"end":{"line":65,"column":25}},"loc":{"start":{"line":65,"column":45},"end":{"line":75,"column":7}},"line":65},"10":{"name":"(anonymous_10)","decl":{"start":{"line":66,"column":80},"end":{"line":66,"column":81}},"loc":{"start":{"line":66,"column":93},"end":{"line":74,"column":9}},"line":66}},"branchMap":{"0":{"loc":{"start":{"line":15,"column":16},"end":{"line":15,"column":30}},"type":"default-arg","locations":[{"start":{"line":15,"column":29},"end":{"line":15,"column":30}}],"line":15},"1":{"loc":{"start":{"line":19,"column":8},"end":{"line":21,"column":9}},"type":"if","locations":[{"start":{"line":19,"column":8},"end":{"line":21,"column":9}},{"start":{"line":19,"column":8},"end":{"line":21,"column":9}}],"line":19},"2":{"loc":{"start":{"line":50,"column":12},"end":{"line":50,"column":26}},"type":"default-arg","locations":[{"start":{"line":50,"column":25},"end":{"line":50,"column":26}}],"line":50},"3":{"loc":{"start":{"line":59,"column":6},"end":{"line":63,"column":7}},"type":"if","locations":[{"start":{"line":59,"column":6},"end":{"line":63,"column":7}},{"start":{"line":59,"column":6},"end":{"line":63,"column":7}}],"line":59},"4":{"loc":{"start":{"line":67,"column":10},"end":{"line":73,"column":11}},"type":"if","locations":[{"start":{"line":67,"column":10},"end":{"line":73,"column":11}},{"start":{"line":67,"column":10},"end":{"line":73,"column":11}}],"line":67}},"s":{"0":2,"1":2,"2":2,"3":11,"4":11,"5":11,"6":11,"7":11,"8":12,"9":12,"10":10,"11":1,"12":1,"13":10,"14":1,"15":1,"16":10,"17":10,"18":10,"19":10,"20":1,"21":10,"22":1,"23":10,"24":4,"25":4,"26":2,"27":2,"28":2,"29":2,"30":2,"31":0,"32":10,"33":10,"34":10,"35":4,"36":4,"37":4,"38":6,"39":6,"40":5,"41":1,"42":1,"43":1,"44":4,"45":2,"46":2,"47":2},"f":{"0":11,"1":12,"2":1,"3":1,"4":1,"5":1,"6":2,"7":0,"8":10,"9":6,"10":5},"b":{"0":[12],"1":[1,0],"2":[0],"3":[4,6],"4":[1,4]},"_coverageSchema":"1a1c01bbd47fc00a2c39e90264f33305004495a9","hash":"f4a0c2b3ac0908bbcbf1a0ba8ec18900f1e38b96"}
,"/Users/sergioabad/Desktop/ProjectsToWorkOn/IoT/Arduino_Antiguo/Code/IoT_Microservices-master/publisher-ms/src/modules/request.module.js": {"path":"/Users/sergioabad/Desktop/ProjectsToWorkOn/IoT/Arduino_Antiguo/Code/IoT_Microservices-master/publisher-ms/src/modules/request.module.js","statementMap":{"0":{"start":{"line":1,"column":14},"end":{"line":1,"column":30}},"1":{"start":{"line":3,"column":46},"end":{"line":3,"column":73}},"2":{"start":{"line":4,"column":23},"end":{"line":4,"column":59}},"3":{"start":{"line":6,"column":28},"end":{"line":9,"column":1}},"4":{"start":{"line":7,"column":19},"end":{"line":7,"column":78}},"5":{"start":{"line":8,"column":2},"end":{"line":8,"column":22}},"6":{"start":{"line":11,"column":23},"end":{"line":16,"column":1}},"7":{"start":{"line":12,"column":2},"end":{"line":15,"column":21}},"8":{"start":{"line":13,"column":21},"end":{"line":13,"column":102}},"9":{"start":{"line":14,"column":4},"end":{"line":14,"column":43}},"10":{"start":{"line":18,"column":0},"end":{"line":18,"column":56}}},"fnMap":{"0":{"name":"(anonymous_0)","decl":{"start":{"line":6,"column":28},"end":{"line":6,"column":29}},"loc":{"start":{"line":6,"column":45},"end":{"line":9,"column":1}},"line":6},"1":{"name":"(anonymous_1)","decl":{"start":{"line":11,"column":23},"end":{"line":11,"column":24}},"loc":{"start":{"line":11,"column":38},"end":{"line":16,"column":1}},"line":11}},"branchMap":{},"s":{"0":2,"1":2,"2":2,"3":2,"4":5,"5":4,"6":2,"7":5,"8":5,"9":4,"10":2},"f":{"0":5,"1":5},"b":{},"_coverageSchema":"1a1c01bbd47fc00a2c39e90264f33305004495a9","hash":"8e073d868df2f3465e0b320e40a76519ee068fb5"}
}
