TN:
SF:src/app/app.js
FN:8,(anonymous_0)
FN:15,(anonymous_1)
FN:33,(anonymous_2)
FN:35,(anonymous_3)
FNF:4
FNH:4
FNDA:12,(anonymous_0)
FNDA:7,(anonymous_1)
FNDA:4,(anonymous_2)
FNDA:4,(anonymous_3)
DA:1,2
DA:2,2
DA:4,2
DA:6,2
DA:8,2
DA:9,12
DA:10,12
DA:11,12
DA:12,9
DA:14,9
DA:16,7
DA:17,7
DA:18,7
DA:19,6
DA:20,6
DA:22,1
DA:27,3
DA:29,12
DA:33,2
DA:34,4
DA:35,4
DA:38,2
LF:22
LH:22
BRDA:18,0,0,6
BRDA:18,0,1,1
BRF:2
BRH:2
end_of_record
TN:
SF:src/config/config.js
FNF:0
FNH:0
DA:1,3
DA:2,3
DA:4,3
DA:5,3
DA:7,3
LF:5
LH:5
BRDA:1,0,0,3
BRDA:1,0,1,3
BRDA:2,1,0,3
BRDA:2,1,1,3
BRDA:4,2,0,3
BRDA:4,2,1,3
BRDA:5,3,0,3
BRDA:5,3,1,3
BRDA:10,4,0,3
BRDA:10,4,1,3
BRDA:13,5,0,3
BRDA:13,5,1,3
BRDA:14,6,0,3
BRDA:14,6,1,3
BRDA:15,7,0,3
BRDA:15,7,1,3
BRDA:18,8,0,3
BRDA:18,8,1,3
BRF:18
BRH:18
end_of_record
TN:
SF:src/modules/message.module.js
FN:3,(anonymous_0)
FN:14,(anonymous_1)
FNF:2
FNH:2
FNDA:6,(anonymous_0)
FNDA:8,(anonymous_1)
DA:1,3
DA:3,3
DA:4,6
DA:7,3
DA:10,3
DA:14,3
DA:15,8
DA:16,8
DA:26,8
DA:29,6
DA:33,8
DA:36,3
LF:12
LH:12
BRDA:4,0,0,2
BRDA:4,0,1,3
BRDA:4,0,2,2
BRDA:4,0,3,3
BRDA:26,1,0,3
BRDA:26,1,1,6
BRDA:26,1,2,8
BRF:7
BRH:7
end_of_record
TN:
SF:src/modules/queue.module.js
FN:7,(anonymous_0)
FN:15,(anonymous_1)
FN:19,(anonymous_2)
FN:22,(anonymous_3)
FN:27,(anonymous_4)
FN:50,(anonymous_5)
FN:53,(anonymous_6)
FN:69,(anonymous_7)
FN:72,(anonymous_8)
FN:73,(anonymous_9)
FN:77,(anonymous_10)
FN:80,(anonymous_11)
FN:86,(anonymous_12)
FN:95,(anonymous_13)
FN:96,(anonymous_14)
FNF:15
FNH:15
FNDA:15,(anonymous_0)
FNDA:7,(anonymous_1)
FNDA:17,(anonymous_2)
FNDA:2,(anonymous_3)
FNDA:1,(anonymous_4)
FNDA:1,(anonymous_5)
FNDA:1,(anonymous_6)
FNDA:2,(anonymous_7)
FNDA:2,(anonymous_8)
FNDA:2,(anonymous_9)
FNDA:5,(anonymous_10)
FNDA:4,(anonymous_11)
FNDA:10,(anonymous_12)
FNDA:6,(anonymous_13)
FNDA:6,(anonymous_14)
DA:1,2
DA:2,2
DA:4,2
DA:8,15
DA:9,15
DA:10,15
DA:11,15
DA:12,15
DA:16,7
DA:20,17
DA:21,17
DA:22,16
DA:23,2
DA:24,1
DA:27,16
DA:28,1
DA:29,1
DA:32,16
DA:33,16
DA:36,16
DA:37,16
DA:38,16
DA:39,16
DA:40,16
DA:42,16
DA:50,16
DA:51,1
DA:53,16
DA:54,1
DA:58,16
DA:59,5
DA:60,5
DA:62,16
DA:64,1
DA:65,1
DA:70,2
DA:71,2
DA:72,2
DA:73,2
DA:79,5
DA:80,4
DA:82,5
DA:83,5
DA:87,10
DA:88,10
DA:89,10
DA:90,4
DA:91,4
DA:92,4
DA:95,6
DA:96,6
DA:97,6
DA:98,1
DA:99,1
DA:100,1
DA:102,5
DA:107,1
DA:108,1
DA:113,2
LF:59
LH:59
BRDA:19,0,0,17
BRDA:23,1,0,1
BRDA:23,1,1,1
BRDA:69,2,0,1
BRDA:82,3,0,4
BRDA:82,3,1,1
BRDA:83,4,0,4
BRDA:83,4,1,1
BRDA:89,5,0,4
BRDA:89,5,1,6
BRDA:97,6,0,1
BRDA:97,6,1,5
BRF:12
BRH:12
end_of_record
TN:
SF:src/modules/request.module.js
FN:6,(anonymous_0)
FN:11,(anonymous_1)
FNF:2
FNH:2
FNDA:5,(anonymous_0)
FNDA:5,(anonymous_1)
DA:1,2
DA:3,2
DA:4,2
DA:6,2
DA:7,5
DA:8,4
DA:11,2
DA:12,5
DA:13,5
DA:14,4
DA:18,2
LF:11
LH:11
BRF:0
BRH:0
end_of_record
