TN:
SF:src/app/app.js
FN:8,(anonymous_0)
FN:15,(anonymous_1)
FN:33,(anonymous_2)
FN:35,(anonymous_3)
FNF:4
FNH:4
FNDA:9,(anonymous_0)
FNDA:7,(anonymous_1)
FNDA:3,(anonymous_2)
FNDA:3,(anonymous_3)
DA:1,2
DA:2,2
DA:4,2
DA:6,2
DA:8,2
DA:9,9
DA:10,9
DA:11,9
DA:12,9
DA:14,9
DA:16,7
DA:17,7
DA:18,7
DA:19,6
DA:20,6
DA:22,1
DA:27,0
DA:29,9
DA:33,2
DA:34,3
DA:35,3
DA:38,2
LF:22
LH:21
BRDA:18,0,0,6
BRDA:18,0,1,1
BRF:2
BRH:2
end_of_record
TN:
SF:src/config/config.js
FNF:0
FNH:0
DA:1,3
DA:2,3
DA:4,3
DA:5,3
DA:7,3
LF:5
LH:5
BRDA:1,0,0,3
BRDA:1,0,1,3
BRDA:2,1,0,3
BRDA:2,1,1,3
BRDA:4,2,0,3
BRDA:4,2,1,3
BRDA:5,3,0,3
BRDA:5,3,1,3
BRDA:10,4,0,3
BRDA:10,4,1,3
BRDA:13,5,0,3
BRDA:13,5,1,3
BRDA:14,6,0,3
BRDA:14,6,1,3
BRDA:15,7,0,3
BRDA:15,7,1,3
BRDA:18,8,0,3
BRDA:18,8,1,3
BRF:18
BRH:18
end_of_record
TN:
SF:src/modules/message.module.js
FN:3,(anonymous_0)
FN:14,(anonymous_1)
FNF:2
FNH:2
FNDA:2,(anonymous_0)
FNDA:3,(anonymous_1)
DA:1,2
DA:3,2
DA:4,2
DA:7,1
DA:10,1
DA:14,2
DA:15,3
DA:16,3
DA:26,3
DA:29,2
DA:33,3
DA:36,2
LF:12
LH:12
BRDA:4,0,0,1
BRDA:4,0,1,1
BRDA:4,0,2,1
BRDA:4,0,3,1
BRDA:26,1,0,1
BRDA:26,1,1,2
BRDA:26,1,2,3
BRF:7
BRH:7
end_of_record
TN:
SF:src/modules/queue.module.js
FN:7,(anonymous_0)
FN:15,(anonymous_1)
FN:19,(anonymous_2)
FN:22,(anonymous_3)
FN:27,(anonymous_4)
FN:36,(anonymous_5)
FN:39,(anonymous_6)
FN:55,(anonymous_7)
FN:58,(anonymous_8)
FN:59,(anonymous_9)
FN:63,(anonymous_10)
FN:66,(anonymous_11)
FN:72,(anonymous_12)
FN:81,(anonymous_13)
FN:82,(anonymous_14)
FNF:15
FNH:13
FNDA:11,(anonymous_0)
FNDA:0,(anonymous_1)
FNDA:12,(anonymous_2)
FNDA:1,(anonymous_3)
FNDA:1,(anonymous_4)
FNDA:1,(anonymous_5)
FNDA:1,(anonymous_6)
FNDA:2,(anonymous_7)
FNDA:2,(anonymous_8)
FNDA:0,(anonymous_9)
FNDA:3,(anonymous_10)
FNDA:3,(anonymous_11)
FNDA:10,(anonymous_12)
FNDA:6,(anonymous_13)
FNDA:5,(anonymous_14)
DA:1,2
DA:2,2
DA:4,2
DA:8,11
DA:9,11
DA:10,11
DA:11,11
DA:12,11
DA:16,0
DA:20,12
DA:21,12
DA:22,10
DA:23,1
DA:24,1
DA:27,10
DA:28,1
DA:29,1
DA:32,10
DA:33,10
DA:34,10
DA:36,10
DA:37,1
DA:39,10
DA:40,1
DA:44,10
DA:45,4
DA:46,4
DA:48,10
DA:50,2
DA:51,2
DA:56,2
DA:57,2
DA:58,2
DA:59,2
DA:65,3
DA:66,3
DA:68,3
DA:69,3
DA:73,10
DA:74,10
DA:75,10
DA:76,4
DA:77,4
DA:78,4
DA:81,6
DA:82,6
DA:83,5
DA:84,1
DA:85,1
DA:86,1
DA:88,4
DA:93,2
DA:94,2
DA:99,2
LF:54
LH:53
BRDA:19,0,0,12
BRDA:23,1,0,1
BRDA:23,1,1,0
BRDA:55,2,0,0
BRDA:68,3,0,3
BRDA:68,3,1,0
BRDA:69,4,0,3
BRDA:69,4,1,0
BRDA:75,5,0,4
BRDA:75,5,1,6
BRDA:83,6,0,1
BRDA:83,6,1,4
BRF:12
BRH:8
end_of_record
TN:
SF:src/modules/request.module.js
FN:6,(anonymous_0)
FN:11,(anonymous_1)
FNF:2
FNH:2
FNDA:5,(anonymous_0)
FNDA:5,(anonymous_1)
DA:1,2
DA:3,2
DA:4,2
DA:6,2
DA:7,5
DA:8,4
DA:11,2
DA:12,5
DA:13,5
DA:14,4
DA:18,2
LF:11
LH:11
BRF:0
BRH:0
end_of_record
