{"/Users/sergioabad/Desktop/ProjectsToWorkOn/IoT/Arduino_Antiguo/Code/IoT_Microservices-master/measure-ms/src/app/app.js": {"path":"/Users/sergioabad/Desktop/ProjectsToWorkOn/IoT/Arduino_Antiguo/Code/IoT_Microservices-master/measure-ms/src/app/app.js","statementMap":{"0":{"start":{"line":1,"column":13},"end":{"line":1,"column":28}},"1":{"start":{"line":2,"column":16},"end":{"line":2,"column":34}},"2":{"start":{"line":4,"column":15},"end":{"line":4,"column":37}},"3":{"start":{"line":6,"column":12},"end":{"line":6,"column":21}},"4":{"start":{"line":9,"column":17},"end":{"line":9,"column":38}},"5":{"start":{"line":12,"column":0},"end":{"line":12,"column":42}},"6":{"start":{"line":14,"column":0},"end":{"line":14,"column":15}},"7":{"start":{"line":15,"column":0},"end":{"line":15,"column":23}},"8":{"start":{"line":16,"column":0},"end":{"line":16,"column":48}},"9":{"start":{"line":18,"column":0},"end":{"line":18,"column":95}},"10":{"start":{"line":18,"column":33},"end":{"line":18,"column":94}},"11":{"start":{"line":20,"column":0},"end":{"line":23,"column":2}},"12":{"start":{"line":21,"column":2},"end":{"line":21,"column":53}},"13":{"start":{"line":22,"column":2},"end":{"line":22,"column":36}},"14":{"start":{"line":25,"column":0},"end":{"line":25,"column":43}},"15":{"start":{"line":28,"column":0},"end":{"line":28,"column":27}},"16":{"start":{"line":31,"column":0},"end":{"line":41,"column":1}},"17":{"start":{"line":32,"column":14},"end":{"line":32,"column":40}},"18":{"start":{"line":33,"column":33},"end":{"line":33,"column":78}},"19":{"start":{"line":34,"column":27},"end":{"line":34,"column":68}},"20":{"start":{"line":36,"column":13},"end":{"line":36,"column":22}},"21":{"start":{"line":37,"column":2},"end":{"line":37,"column":14}},"22":{"start":{"line":38,"column":23},"end":{"line":38,"column":61}},"23":{"start":{"line":39,"column":20},"end":{"line":39,"column":58}},"24":{"start":{"line":40,"column":2},"end":{"line":40,"column":19}},"25":{"start":{"line":43,"column":0},"end":{"line":43,"column":20}}},"fnMap":{"0":{"name":"(anonymous_0)","decl":{"start":{"line":18,"column":19},"end":{"line":18,"column":20}},"loc":{"start":{"line":18,"column":33},"end":{"line":18,"column":94}},"line":18},"1":{"name":"(anonymous_1)","decl":{"start":{"line":20,"column":20},"end":{"line":20,"column":21}},"loc":{"start":{"line":20,"column":40},"end":{"line":23,"column":1}},"line":20}},"branchMap":{"0":{"loc":{"start":{"line":31,"column":0},"end":{"line":41,"column":1}},"type":"if","locations":[{"start":{"line":31,"column":0},"end":{"line":41,"column":1}},{"start":{},"end":{}}],"line":31}},"s":{"0":1,"1":1,"2":1,"3":1,"4":1,"5":1,"6":1,"7":1,"8":1,"9":1,"10":0,"11":1,"12":0,"13":0,"14":1,"15":1,"16":1,"17":0,"18":0,"19":0,"20":0,"21":0,"22":0,"23":0,"24":0,"25":1},"f":{"0":0,"1":0},"b":{"0":[0,1]},"_coverageSchema":"1a1c01bbd47fc00a2c39e90264f33305004495a9","hash":"91caa9fbc860da2a2894a3e4d90dd9dfddb75634"}
,"/Users/sergioabad/Desktop/ProjectsToWorkOn/IoT/Arduino_Antiguo/Code/IoT_Microservices-master/measure-ms/src/app/constants/constants.js": {"path":"/Users/sergioabad/Desktop/ProjectsToWorkOn/IoT/Arduino_Antiguo/Code/IoT_Microservices-master/measure-ms/src/app/constants/constants.js","statementMap":{"0":{"start":{"line":1,"column":30},"end":{"line":1,"column":85}},"1":{"start":{"line":2,"column":30},"end":{"line":2,"column":82}},"2":{"start":{"line":3,"column":31},"end":{"line":3,"column":83}},"3":{"start":{"line":5,"column":0},"end":{"line":10,"column":1}}},"fnMap":{},"branchMap":{"0":{"loc":{"start":{"line":1,"column":30},"end":{"line":1,"column":85}},"type":"binary-expr","locations":[{"start":{"line":1,"column":30},"end":{"line":1,"column":70}},{"start":{"line":1,"column":74},"end":{"line":1,"column":85}}],"line":1},"1":{"loc":{"start":{"line":2,"column":30},"end":{"line":2,"column":82}},"type":"binary-expr","locations":[{"start":{"line":2,"column":30},"end":{"line":2,"column":74}},{"start":{"line":2,"column":78},"end":{"line":2,"column":82}}],"line":2},"2":{"loc":{"start":{"line":3,"column":31},"end":{"line":3,"column":83}},"type":"binary-expr","locations":[{"start":{"line":3,"column":31},"end":{"line":3,"column":77}},{"start":{"line":3,"column":81},"end":{"line":3,"column":83}}],"line":3}},"s":{"0":2,"1":2,"2":2,"3":2},"f":{},"b":{"0":[2,2],"1":[2,2],"2":[2,2]},"_coverageSchema":"1a1c01bbd47fc00a2c39e90264f33305004495a9","hash":"98dde662a2e4b3a1a16765d7b1a53c0f1c5ec495"}
,"/Users/sergioabad/Desktop/ProjectsToWorkOn/IoT/Arduino_Antiguo/Code/IoT_Microservices-master/measure-ms/src/app/controllers/measure.controller.js": {"path":"/Users/sergioabad/Desktop/ProjectsToWorkOn/IoT/Arduino_Antiguo/Code/IoT_Microservices-master/measure-ms/src/app/controllers/measure.controller.js","statementMap":{"0":{"start":{"line":1,"column":14},"end":{"line":1,"column":30}},"1":{"start":{"line":3,"column":25},"end":{"line":3,"column":58}},"2":{"start":{"line":4,"column":31},"end":{"line":4,"column":79}},"3":{"start":{"line":5,"column":21},"end":{"line":5,"column":55}},"4":{"start":{"line":7,"column":0},"end":{"line":55,"column":1}},"5":{"start":{"line":10,"column":4},"end":{"line":10,"column":26}},"6":{"start":{"line":11,"column":4},"end":{"line":11,"column":59}},"7":{"start":{"line":12,"column":4},"end":{"line":12,"column":49}},"8":{"start":{"line":15,"column":15},"end":{"line":21,"column":3}},"9":{"start":{"line":16,"column":25},"end":{"line":16,"column":34}},"10":{"start":{"line":17,"column":21},"end":{"line":17,"column":66}},"11":{"start":{"line":18,"column":4},"end":{"line":18,"column":72}},"12":{"start":{"line":18,"column":44},"end":{"line":18,"column":71}},"13":{"start":{"line":19,"column":22},"end":{"line":19,"column":76}},"14":{"start":{"line":20,"column":4},"end":{"line":20,"column":35}},"15":{"start":{"line":23,"column":19},"end":{"line":30,"column":3}},"16":{"start":{"line":24,"column":4},"end":{"line":29,"column":5}},"17":{"start":{"line":25,"column":23},"end":{"line":25,"column":104}},"18":{"start":{"line":26,"column":6},"end":{"line":26,"column":63}},"19":{"start":{"line":28,"column":6},"end":{"line":28,"column":12}},"20":{"start":{"line":32,"column":16},"end":{"line":38,"column":3}},"21":{"start":{"line":33,"column":4},"end":{"line":37,"column":5}},"22":{"start":{"line":34,"column":6},"end":{"line":34,"column":75}},"23":{"start":{"line":36,"column":6},"end":{"line":36,"column":25}},"24":{"start":{"line":40,"column":14},"end":{"line":53,"column":3}},"25":{"start":{"line":41,"column":4},"end":{"line":52,"column":5}},"26":{"start":{"line":42,"column":39},"end":{"line":42,"column":47}},"27":{"start":{"line":43,"column":25},"end":{"line":43,"column":70}},"28":{"start":{"line":44,"column":21},"end":{"line":44,"column":95}},"29":{"start":{"line":44,"column":48},"end":{"line":44,"column":94}},"30":{"start":{"line":46,"column":6},"end":{"line":51,"column":7}},"31":{"start":{"line":47,"column":8},"end":{"line":50,"column":27}},"32":{"start":{"line":48,"column":27},"end":{"line":48,"column":107}},"33":{"start":{"line":49,"column":10},"end":{"line":49,"column":93}}},"fnMap":{"0":{"name":"(anonymous_0)","decl":{"start":{"line":9,"column":2},"end":{"line":9,"column":3}},"loc":{"start":{"line":9,"column":23},"end":{"line":13,"column":3}},"line":9},"1":{"name":"(anonymous_1)","decl":{"start":{"line":15,"column":15},"end":{"line":15,"column":16}},"loc":{"start":{"line":15,"column":35},"end":{"line":21,"column":3}},"line":15},"2":{"name":"(anonymous_2)","decl":{"start":{"line":18,"column":35},"end":{"line":18,"column":36}},"loc":{"start":{"line":18,"column":44},"end":{"line":18,"column":71}},"line":18},"3":{"name":"(anonymous_3)","decl":{"start":{"line":23,"column":19},"end":{"line":23,"column":20}},"loc":{"start":{"line":23,"column":34},"end":{"line":30,"column":3}},"line":23},"4":{"name":"(anonymous_4)","decl":{"start":{"line":32,"column":16},"end":{"line":32,"column":17}},"loc":{"start":{"line":32,"column":36},"end":{"line":38,"column":3}},"line":32},"5":{"name":"(anonymous_5)","decl":{"start":{"line":40,"column":14},"end":{"line":40,"column":15}},"loc":{"start":{"line":40,"column":34},"end":{"line":53,"column":3}},"line":40},"6":{"name":"(anonymous_6)","decl":{"start":{"line":44,"column":39},"end":{"line":44,"column":40}},"loc":{"start":{"line":44,"column":48},"end":{"line":44,"column":94}},"line":44}},"branchMap":{"0":{"loc":{"start":{"line":41,"column":4},"end":{"line":52,"column":5}},"type":"if","locations":[{"start":{"line":41,"column":4},"end":{"line":52,"column":5}},{"start":{},"end":{}}],"line":41},"1":{"loc":{"start":{"line":44,"column":48},"end":{"line":44,"column":94}},"type":"binary-expr","locations":[{"start":{"line":44,"column":48},"end":{"line":44,"column":75}},{"start":{"line":44,"column":79},"end":{"line":44,"column":94}}],"line":44},"2":{"loc":{"start":{"line":46,"column":6},"end":{"line":51,"column":7}},"type":"if","locations":[{"start":{"line":46,"column":6},"end":{"line":51,"column":7}},{"start":{},"end":{}}],"line":46}},"s":{"0":1,"1":1,"2":1,"3":1,"4":1,"5":4,"6":4,"7":4,"8":4,"9":9,"10":9,"11":9,"12":9,"13":9,"14":9,"15":4,"16":5,"17":5,"18":4,"19":1,"20":4,"21":12,"22":12,"23":1,"24":4,"25":2,"26":2,"27":2,"28":2,"29":2,"30":2,"31":2,"32":2,"33":2},"f":{"0":4,"1":9,"2":9,"3":5,"4":12,"5":2,"6":2},"b":{"0":[2,0],"1":[2,2],"2":[2,0]},"_coverageSchema":"1a1c01bbd47fc00a2c39e90264f33305004495a9","hash":"a178126c95cda89b615560055bc84c066bc7810f"}
,"/Users/sergioabad/Desktop/ProjectsToWorkOn/IoT/Arduino_Antiguo/Code/IoT_Microservices-master/measure-ms/src/app/middleware/internal-auth.middleware.js": {"path":"/Users/sergioabad/Desktop/ProjectsToWorkOn/IoT/Arduino_Antiguo/Code/IoT_Microservices-master/measure-ms/src/app/middleware/internal-auth.middleware.js","statementMap":{"0":{"start":{"line":13,"column":25},"end":{"line":13,"column":53}},"1":{"start":{"line":15,"column":0},"end":{"line":21,"column":1}},"2":{"start":{"line":17,"column":4},"end":{"line":20,"column":5}},"3":{"start":{"line":23,"column":27},"end":{"line":34,"column":1}},"4":{"start":{"line":25,"column":4},"end":{"line":25,"column":54}},"5":{"start":{"line":25,"column":41},"end":{"line":25,"column":54}},"6":{"start":{"line":27,"column":21},"end":{"line":27,"column":54}},"7":{"start":{"line":29,"column":4},"end":{"line":31,"column":5}},"8":{"start":{"line":30,"column":8},"end":{"line":30,"column":62}},"9":{"start":{"line":33,"column":4},"end":{"line":33,"column":10}},"10":{"start":{"line":36,"column":0},"end":{"line":36,"column":39}}},"fnMap":{"0":{"name":"(anonymous_0)","decl":{"start":{"line":23,"column":27},"end":{"line":23,"column":28}},"loc":{"start":{"line":23,"column":47},"end":{"line":34,"column":1}},"line":23}},"branchMap":{"0":{"loc":{"start":{"line":15,"column":0},"end":{"line":21,"column":1}},"type":"if","locations":[{"start":{"line":15,"column":0},"end":{"line":21,"column":1}},{"start":{},"end":{}}],"line":15},"1":{"loc":{"start":{"line":15,"column":4},"end":{"line":15,"column":56}},"type":"binary-expr","locations":[{"start":{"line":15,"column":4},"end":{"line":15,"column":21}},{"start":{"line":15,"column":25},"end":{"line":15,"column":56}}],"line":15},"2":{"loc":{"start":{"line":25,"column":4},"end":{"line":25,"column":54}},"type":"if","locations":[{"start":{"line":25,"column":4},"end":{"line":25,"column":54}},{"start":{},"end":{}}],"line":25},"3":{"loc":{"start":{"line":29,"column":4},"end":{"line":31,"column":5}},"type":"if","locations":[{"start":{"line":29,"column":4},"end":{"line":31,"column":5}},{"start":{},"end":{}}],"line":29},"4":{"loc":{"start":{"line":29,"column":8},"end":{"line":29,"column":58}},"type":"binary-expr","locations":[{"start":{"line":29,"column":8},"end":{"line":29,"column":25}},{"start":{"line":29,"column":29},"end":{"line":29,"column":58}}],"line":29}},"s":{"0":1,"1":1,"2":0,"3":1,"4":25,"5":23,"6":2,"7":2,"8":2,"9":0,"10":1},"f":{"0":25},"b":{"0":[0,1],"1":[1,1],"2":[23,2],"3":[2,0],"4":[2,0]},"_coverageSchema":"1a1c01bbd47fc00a2c39e90264f33305004495a9","hash":"43f6eafc2af694102ec6c1ffade0dfe7897715f8"}
,"/Users/sergioabad/Desktop/ProjectsToWorkOn/IoT/Arduino_Antiguo/Code/IoT_Microservices-master/measure-ms/src/app/models/measure.model.js": {"path":"/Users/sergioabad/Desktop/ProjectsToWorkOn/IoT/Arduino_Antiguo/Code/IoT_Microservices-master/measure-ms/src/app/models/measure.model.js","statementMap":{"0":{"start":{"line":1,"column":12},"end":{"line":1,"column":41}},"1":{"start":{"line":2,"column":31},"end":{"line":2,"column":79}},"2":{"start":{"line":4,"column":30},"end":{"line":4,"column":74}},"3":{"start":{"line":4,"column":44},"end":{"line":4,"column":74}},"4":{"start":{"line":6,"column":30},"end":{"line":6,"column":79}},"5":{"start":{"line":6,"column":38},"end":{"line":6,"column":79}},"6":{"start":{"line":8,"column":0},"end":{"line":60,"column":1}},"7":{"start":{"line":11,"column":4},"end":{"line":11,"column":26}},"8":{"start":{"line":12,"column":4},"end":{"line":12,"column":24}},"9":{"start":{"line":13,"column":4},"end":{"line":13,"column":59}},"10":{"start":{"line":14,"column":4},"end":{"line":14,"column":22}},"11":{"start":{"line":17,"column":15},"end":{"line":41,"column":3}},"12":{"start":{"line":18,"column":17},"end":{"line":18,"column":27}},"13":{"start":{"line":19,"column":20},"end":{"line":27,"column":5}},"14":{"start":{"line":29,"column":4},"end":{"line":38,"column":5}},"15":{"start":{"line":32,"column":8},"end":{"line":32,"column":95}},"16":{"start":{"line":33,"column":8},"end":{"line":33,"column":14}},"17":{"start":{"line":35,"column":8},"end":{"line":35,"column":36}},"18":{"start":{"line":36,"column":8},"end":{"line":36,"column":14}},"19":{"start":{"line":40,"column":4},"end":{"line":40,"column":18}},"20":{"start":{"line":43,"column":17},"end":{"line":58,"column":3}},"21":{"start":{"line":44,"column":79},"end":{"line":44,"column":84}},"22":{"start":{"line":46,"column":4},"end":{"line":46,"column":74}},"23":{"start":{"line":46,"column":25},"end":{"line":46,"column":74}},"24":{"start":{"line":47,"column":4},"end":{"line":47,"column":71}},"25":{"start":{"line":47,"column":24},"end":{"line":47,"column":71}},"26":{"start":{"line":49,"column":19},"end":{"line":49,"column":63}},"27":{"start":{"line":50,"column":4},"end":{"line":57,"column":5}}},"fnMap":{"0":{"name":"(anonymous_0)","decl":{"start":{"line":4,"column":30},"end":{"line":4,"column":31}},"loc":{"start":{"line":4,"column":44},"end":{"line":4,"column":74}},"line":4},"1":{"name":"(anonymous_1)","decl":{"start":{"line":6,"column":30},"end":{"line":6,"column":31}},"loc":{"start":{"line":6,"column":38},"end":{"line":6,"column":79}},"line":6},"2":{"name":"(anonymous_2)","decl":{"start":{"line":10,"column":2},"end":{"line":10,"column":3}},"loc":{"start":{"line":10,"column":23},"end":{"line":15,"column":3}},"line":10},"3":{"name":"(anonymous_3)","decl":{"start":{"line":17,"column":15},"end":{"line":17,"column":16}},"loc":{"start":{"line":17,"column":32},"end":{"line":41,"column":3}},"line":17},"4":{"name":"(anonymous_4)","decl":{"start":{"line":43,"column":17},"end":{"line":43,"column":18}},"loc":{"start":{"line":43,"column":32},"end":{"line":58,"column":3}},"line":43}},"branchMap":{"0":{"loc":{"start":{"line":29,"column":4},"end":{"line":38,"column":5}},"type":"switch","locations":[{"start":{"line":30,"column":6},"end":{"line":30,"column":22}},{"start":{"line":31,"column":6},"end":{"line":33,"column":14}},{"start":{"line":34,"column":6},"end":{"line":36,"column":14}},{"start":{"line":37,"column":6},"end":{"line":37,"column":19}}],"line":29},"1":{"loc":{"start":{"line":46,"column":4},"end":{"line":46,"column":74}},"type":"if","locations":[{"start":{"line":46,"column":4},"end":{"line":46,"column":74}},{"start":{},"end":{}}],"line":46},"2":{"loc":{"start":{"line":47,"column":4},"end":{"line":47,"column":71}},"type":"if","locations":[{"start":{"line":47,"column":4},"end":{"line":47,"column":71}},{"start":{},"end":{}}],"line":47}},"s":{"0":1,"1":1,"2":1,"3":6,"4":1,"5":12,"6":1,"7":4,"8":4,"9":4,"10":4,"11":4,"12":6,"13":6,"14":6,"15":2,"16":2,"17":1,"18":1,"19":6,"20":4,"21":12,"22":12,"23":3,"24":12,"25":3,"26":12,"27":12},"f":{"0":6,"1":12,"2":4,"3":6,"4":12},"b":{"0":[1,2,1,3],"1":[3,9],"2":[3,9]},"_coverageSchema":"1a1c01bbd47fc00a2c39e90264f33305004495a9","hash":"b0611d45e28340b738da69669dfaf5fdaa53e9b1"}
,"/Users/sergioabad/Desktop/ProjectsToWorkOn/IoT/Arduino_Antiguo/Code/IoT_Microservices-master/measure-ms/src/app/routes/measure.routes.js": {"path":"/Users/sergioabad/Desktop/ProjectsToWorkOn/IoT/Arduino_Antiguo/Code/IoT_Microservices-master/measure-ms/src/app/routes/measure.routes.js","statementMap":{"0":{"start":{"line":1,"column":19},"end":{"line":1,"column":37}},"1":{"start":{"line":3,"column":26},"end":{"line":3,"column":70}},"2":{"start":{"line":4,"column":31},"end":{"line":4,"column":80}},"3":{"start":{"line":6,"column":15},"end":{"line":6,"column":23}},"4":{"start":{"line":9,"column":0},"end":{"line":9,"column":30}},"5":{"start":{"line":11,"column":27},"end":{"line":11,"column":60}},"6":{"start":{"line":12,"column":24},"end":{"line":12,"column":54}},"7":{"start":{"line":13,"column":30},"end":{"line":13,"column":66}},"8":{"start":{"line":14,"column":27},"end":{"line":14,"column":60}},"9":{"start":{"line":16,"column":0},"end":{"line":16,"column":54}},"10":{"start":{"line":17,"column":0},"end":{"line":17,"column":57}},"11":{"start":{"line":19,"column":0},"end":{"line":19,"column":48}},"12":{"start":{"line":20,"column":0},"end":{"line":20,"column":50}},"13":{"start":{"line":21,"column":0},"end":{"line":21,"column":48}},"14":{"start":{"line":23,"column":0},"end":{"line":23,"column":60}},"15":{"start":{"line":24,"column":0},"end":{"line":24,"column":62}},"16":{"start":{"line":26,"column":0},"end":{"line":26,"column":54}},"17":{"start":{"line":27,"column":0},"end":{"line":27,"column":63}},"18":{"start":{"line":29,"column":0},"end":{"line":29,"column":23}}},"fnMap":{},"branchMap":{},"s":{"0":1,"1":1,"2":1,"3":1,"4":1,"5":1,"6":1,"7":1,"8":1,"9":1,"10":1,"11":1,"12":1,"13":1,"14":1,"15":1,"16":1,"17":1,"18":1},"f":{},"b":{},"_coverageSchema":"1a1c01bbd47fc00a2c39e90264f33305004495a9","hash":"996eb64518fc9289a2fe7fa8aa5932668084e789"}
,"/Users/sergioabad/Desktop/ProjectsToWorkOn/IoT/Arduino_Antiguo/Code/IoT_Microservices-master/measure-ms/src/app/schedulers/picture.scheduler.js": {"path":"/Users/sergioabad/Desktop/ProjectsToWorkOn/IoT/Arduino_Antiguo/Code/IoT_Microservices-master/measure-ms/src/app/schedulers/picture.scheduler.js","statementMap":{"0":{"start":{"line":1,"column":14},"end":{"line":1,"column":30}},"1":{"start":{"line":3,"column":60},"end":{"line":3,"column":93}},"2":{"start":{"line":18,"column":8},"end":{"line":18,"column":20}},"3":{"start":{"line":19,"column":8},"end":{"line":19,"column":40}},"4":{"start":{"line":20,"column":8},"end":{"line":20,"column":29}},"5":{"start":{"line":28,"column":8},"end":{"line":28,"column":22}},"6":{"start":{"line":29,"column":8},"end":{"line":29,"column":70}},"7":{"start":{"line":29,"column":43},"end":{"line":29,"column":57}},"8":{"start":{"line":34,"column":8},"end":{"line":37,"column":9}},"9":{"start":{"line":35,"column":12},"end":{"line":35,"column":41}},"10":{"start":{"line":36,"column":12},"end":{"line":36,"column":33}},"11":{"start":{"line":45,"column":8},"end":{"line":51,"column":9}},"12":{"start":{"line":46,"column":27},"end":{"line":46,"column":72}},"13":{"start":{"line":47,"column":33},"end":{"line":47,"column":77}},"14":{"start":{"line":47,"column":52},"end":{"line":47,"column":76}},"15":{"start":{"line":48,"column":12},"end":{"line":48,"column":81}},"16":{"start":{"line":48,"column":56},"end":{"line":48,"column":79}},"17":{"start":{"line":50,"column":12},"end":{"line":50,"column":77}},"18":{"start":{"line":55,"column":8},"end":{"line":75,"column":9}},"19":{"start":{"line":56,"column":29},"end":{"line":56,"column":110}},"20":{"start":{"line":57,"column":25},"end":{"line":57,"column":38}},"21":{"start":{"line":58,"column":24},"end":{"line":58,"column":34}},"22":{"start":{"line":60,"column":24},"end":{"line":70,"column":13}},"23":{"start":{"line":72,"column":12},"end":{"line":72,"column":42}},"24":{"start":{"line":79,"column":0},"end":{"line":79,"column":33}}},"fnMap":{"0":{"name":"(anonymous_0)","decl":{"start":{"line":17,"column":4},"end":{"line":17,"column":5}},"loc":{"start":{"line":17,"column":34},"end":{"line":21,"column":5}},"line":17},"1":{"name":"(anonymous_1)","decl":{"start":{"line":27,"column":4},"end":{"line":27,"column":5}},"loc":{"start":{"line":27,"column":37},"end":{"line":30,"column":5}},"line":27},"2":{"name":"(anonymous_2)","decl":{"start":{"line":29,"column":37},"end":{"line":29,"column":38}},"loc":{"start":{"line":29,"column":43},"end":{"line":29,"column":57}},"line":29},"3":{"name":"(anonymous_3)","decl":{"start":{"line":33,"column":4},"end":{"line":33,"column":5}},"loc":{"start":{"line":33,"column":11},"end":{"line":38,"column":5}},"line":33},"4":{"name":"(anonymous_4)","decl":{"start":{"line":44,"column":4},"end":{"line":44,"column":5}},"loc":{"start":{"line":44,"column":20},"end":{"line":52,"column":5}},"line":44},"5":{"name":"(anonymous_5)","decl":{"start":{"line":47,"column":47},"end":{"line":47,"column":48}},"loc":{"start":{"line":47,"column":52},"end":{"line":47,"column":76}},"line":47},"6":{"name":"(anonymous_6)","decl":{"start":{"line":48,"column":47},"end":{"line":48,"column":48}},"loc":{"start":{"line":48,"column":56},"end":{"line":48,"column":79}},"line":48},"7":{"name":"(anonymous_7)","decl":{"start":{"line":54,"column":4},"end":{"line":54,"column":5}},"loc":{"start":{"line":54,"column":29},"end":{"line":76,"column":5}},"line":54}},"branchMap":{"0":{"loc":{"start":{"line":27,"column":10},"end":{"line":27,"column":35}},"type":"default-arg","locations":[{"start":{"line":27,"column":23},"end":{"line":27,"column":35}}],"line":27},"1":{"loc":{"start":{"line":34,"column":8},"end":{"line":37,"column":9}},"type":"if","locations":[{"start":{"line":34,"column":8},"end":{"line":37,"column":9}},{"start":{},"end":{}}],"line":34}},"s":{"0":1,"1":1,"2":7,"3":7,"4":7,"5":6,"6":6,"7":1,"8":8,"9":6,"10":6,"11":7,"12":7,"13":7,"14":7,"15":7,"16":7,"17":0,"18":7,"19":7,"20":6,"21":6,"22":6,"23":6,"24":1},"f":{"0":7,"1":6,"2":1,"3":8,"4":7,"5":7,"6":7,"7":7},"b":{"0":[6],"1":[6,2]},"_coverageSchema":"1a1c01bbd47fc00a2c39e90264f33305004495a9","hash":"54320890af1dc26af83e10c4a471e115aef0f73f"}
,"/Users/sergioabad/Desktop/ProjectsToWorkOn/IoT/Arduino_Antiguo/Code/IoT_Microservices-master/measure-ms/src/config/mongodb.config.js": {"path":"/Users/sergioabad/Desktop/ProjectsToWorkOn/IoT/Arduino_Antiguo/Code/IoT_Microservices-master/measure-ms/src/config/mongodb.config.js","statementMap":{"0":{"start":{"line":1,"column":19},"end":{"line":1,"column":64}},"1":{"start":{"line":2,"column":19},"end":{"line":2,"column":58}},"2":{"start":{"line":4,"column":0},"end":{"line":9,"column":1}}},"fnMap":{},"branchMap":{"0":{"loc":{"start":{"line":1,"column":19},"end":{"line":1,"column":64}},"type":"binary-expr","locations":[{"start":{"line":1,"column":19},"end":{"line":1,"column":45}},{"start":{"line":1,"column":49},"end":{"line":1,"column":64}}],"line":1},"1":{"loc":{"start":{"line":2,"column":19},"end":{"line":2,"column":58}},"type":"binary-expr","locations":[{"start":{"line":2,"column":19},"end":{"line":2,"column":49}},{"start":{"line":2,"column":53},"end":{"line":2,"column":58}}],"line":2},"2":{"loc":{"start":{"line":5,"column":11},"end":{"line":5,"column":51}},"type":"binary-expr","locations":[{"start":{"line":5,"column":11},"end":{"line":5,"column":42}},{"start":{"line":5,"column":46},"end":{"line":5,"column":51}}],"line":5},"3":{"loc":{"start":{"line":7,"column":12},"end":{"line":7,"column":62}},"type":"binary-expr","locations":[{"start":{"line":7,"column":12},"end":{"line":7,"column":50}},{"start":{"line":7,"column":54},"end":{"line":7,"column":62}}],"line":7},"4":{"loc":{"start":{"line":8,"column":12},"end":{"line":8,"column":60}},"type":"binary-expr","locations":[{"start":{"line":8,"column":12},"end":{"line":8,"column":50}},{"start":{"line":8,"column":54},"end":{"line":8,"column":60}}],"line":8}},"s":{"0":1,"1":1,"2":1},"f":{},"b":{"0":[1,1],"1":[1,1],"2":[1,1],"3":[1,1],"4":[1,1]},"_coverageSchema":"1a1c01bbd47fc00a2c39e90264f33305004495a9","hash":"131e1201a90f14c70e7ba6bc43986b0fbce160a9"}
,"/Users/sergioabad/Desktop/ProjectsToWorkOn/IoT/Arduino_Antiguo/Code/IoT_Microservices-master/measure-ms/src/database/dao.js": {"path":"/Users/sergioabad/Desktop/ProjectsToWorkOn/IoT/Arduino_Antiguo/Code/IoT_Microservices-master/measure-ms/src/database/dao.js","statementMap":{"0":{"start":{"line":1,"column":17},"end":{"line":1,"column":36}},"1":{"start":{"line":3,"column":47},"end":{"line":3,"column":82}},"2":{"start":{"line":4,"column":17},"end":{"line":4,"column":51}},"3":{"start":{"line":5,"column":14},"end":{"line":5,"column":45}},"4":{"start":{"line":6,"column":20},"end":{"line":6,"column":57}},"5":{"start":{"line":7,"column":21},"end":{"line":7,"column":54}},"6":{"start":{"line":9,"column":0},"end":{"line":50,"column":1}},"7":{"start":{"line":12,"column":4},"end":{"line":12,"column":33}},"8":{"start":{"line":16,"column":16},"end":{"line":16,"column":60}},"9":{"start":{"line":17,"column":20},"end":{"line":21,"column":5}},"10":{"start":{"line":23,"column":4},"end":{"line":23,"column":69}},"11":{"start":{"line":23,"column":50},"end":{"line":23,"column":68}},"12":{"start":{"line":25,"column":4},"end":{"line":25,"column":68}},"13":{"start":{"line":25,"column":31},"end":{"line":25,"column":67}},"14":{"start":{"line":26,"column":4},"end":{"line":26,"column":52}},"15":{"start":{"line":26,"column":33},"end":{"line":26,"column":51}},"16":{"start":{"line":30,"column":4},"end":{"line":30,"column":60}},"17":{"start":{"line":34,"column":4},"end":{"line":34,"column":54}},"18":{"start":{"line":38,"column":4},"end":{"line":38,"column":66}},"19":{"start":{"line":42,"column":4},"end":{"line":42,"column":61}},"20":{"start":{"line":46,"column":19},"end":{"line":46,"column":40}},"21":{"start":{"line":47,"column":4},"end":{"line":47,"column":30}}},"fnMap":{"0":{"name":"(anonymous_0)","decl":{"start":{"line":11,"column":2},"end":{"line":11,"column":3}},"loc":{"start":{"line":11,"column":16},"end":{"line":13,"column":3}},"line":11},"1":{"name":"(anonymous_1)","decl":{"start":{"line":15,"column":2},"end":{"line":15,"column":3}},"loc":{"start":{"line":15,"column":12},"end":{"line":27,"column":3}},"line":15},"2":{"name":"(anonymous_2)","decl":{"start":{"line":23,"column":41},"end":{"line":23,"column":42}},"loc":{"start":{"line":23,"column":50},"end":{"line":23,"column":68}},"line":23},"3":{"name":"(anonymous_3)","decl":{"start":{"line":25,"column":25},"end":{"line":25,"column":26}},"loc":{"start":{"line":25,"column":31},"end":{"line":25,"column":67}},"line":25},"4":{"name":"(anonymous_4)","decl":{"start":{"line":26,"column":24},"end":{"line":26,"column":25}},"loc":{"start":{"line":26,"column":33},"end":{"line":26,"column":51}},"line":26},"5":{"name":"(anonymous_5)","decl":{"start":{"line":29,"column":2},"end":{"line":29,"column":3}},"loc":{"start":{"line":29,"column":31},"end":{"line":31,"column":3}},"line":29},"6":{"name":"(anonymous_6)","decl":{"start":{"line":33,"column":2},"end":{"line":33,"column":3}},"loc":{"start":{"line":33,"column":25},"end":{"line":35,"column":3}},"line":33},"7":{"name":"(anonymous_7)","decl":{"start":{"line":37,"column":2},"end":{"line":37,"column":3}},"loc":{"start":{"line":37,"column":37},"end":{"line":39,"column":3}},"line":37},"8":{"name":"(anonymous_8)","decl":{"start":{"line":41,"column":2},"end":{"line":41,"column":3}},"loc":{"start":{"line":41,"column":28},"end":{"line":43,"column":3}},"line":41},"9":{"name":"(anonymous_9)","decl":{"start":{"line":45,"column":2},"end":{"line":45,"column":3}},"loc":{"start":{"line":45,"column":25},"end":{"line":48,"column":3}},"line":45}},"branchMap":{},"s":{"0":1,"1":1,"2":1,"3":1,"4":1,"5":1,"6":1,"7":4,"8":4,"9":4,"10":4,"11":0,"12":4,"13":4,"14":4,"15":4,"16":3,"17":3,"18":3,"19":2,"20":0,"21":0},"f":{"0":4,"1":4,"2":0,"3":4,"4":4,"5":3,"6":3,"7":3,"8":2,"9":0},"b":{},"_coverageSchema":"1a1c01bbd47fc00a2c39e90264f33305004495a9","hash":"efe974cde8bb1636178db4c780c6060a98b7d245"}
,"/Users/sergioabad/Desktop/ProjectsToWorkOn/IoT/Arduino_Antiguo/Code/IoT_Microservices-master/measure-ms/src/database/models/humidity.model.js": {"path":"/Users/sergioabad/Desktop/ProjectsToWorkOn/IoT/Arduino_Antiguo/Code/IoT_Microservices-master/measure-ms/src/database/models/humidity.model.js","statementMap":{"0":{"start":{"line":1,"column":26},"end":{"line":1,"column":45}},"1":{"start":{"line":3,"column":23},"end":{"line":19,"column":2}},"2":{"start":{"line":21,"column":0},"end":{"line":21,"column":81}},"3":{"start":{"line":23,"column":0},"end":{"line":23,"column":50}}},"fnMap":{},"branchMap":{},"s":{"0":1,"1":1,"2":1,"3":1},"f":{},"b":{},"_coverageSchema":"1a1c01bbd47fc00a2c39e90264f33305004495a9","hash":"760023be224f82a1f91e222a30e84fba16bf2022"}
,"/Users/sergioabad/Desktop/ProjectsToWorkOn/IoT/Arduino_Antiguo/Code/IoT_Microservices-master/measure-ms/src/database/models/light.model.js": {"path":"/Users/sergioabad/Desktop/ProjectsToWorkOn/IoT/Arduino_Antiguo/Code/IoT_Microservices-master/measure-ms/src/database/models/light.model.js","statementMap":{"0":{"start":{"line":1,"column":26},"end":{"line":1,"column":45}},"1":{"start":{"line":3,"column":20},"end":{"line":16,"column":2}},"2":{"start":{"line":18,"column":0},"end":{"line":18,"column":78}},"3":{"start":{"line":20,"column":0},"end":{"line":20,"column":44}}},"fnMap":{},"branchMap":{},"s":{"0":1,"1":1,"2":1,"3":1},"f":{},"b":{},"_coverageSchema":"1a1c01bbd47fc00a2c39e90264f33305004495a9","hash":"5a1f0c04651b93d259dc4c01733bccacea5fdd81"}
,"/Users/sergioabad/Desktop/ProjectsToWorkOn/IoT/Arduino_Antiguo/Code/IoT_Microservices-master/measure-ms/src/database/models/picture.model.js": {"path":"/Users/sergioabad/Desktop/ProjectsToWorkOn/IoT/Arduino_Antiguo/Code/IoT_Microservices-master/measure-ms/src/database/models/picture.model.js","statementMap":{"0":{"start":{"line":1,"column":26},"end":{"line":1,"column":45}},"1":{"start":{"line":3,"column":22},"end":{"line":16,"column":2}},"2":{"start":{"line":18,"column":0},"end":{"line":18,"column":80}},"3":{"start":{"line":20,"column":0},"end":{"line":20,"column":48}}},"fnMap":{},"branchMap":{},"s":{"0":1,"1":1,"2":1,"3":1},"f":{},"b":{},"_coverageSchema":"1a1c01bbd47fc00a2c39e90264f33305004495a9","hash":"803e603100375ccdd0f1d2745414ada6610a599e"}
,"/Users/sergioabad/Desktop/ProjectsToWorkOn/IoT/Arduino_Antiguo/Code/IoT_Microservices-master/measure-ms/src/database/models/temperature.model.js": {"path":"/Users/sergioabad/Desktop/ProjectsToWorkOn/IoT/Arduino_Antiguo/Code/IoT_Microservices-master/measure-ms/src/database/models/temperature.model.js","statementMap":{"0":{"start":{"line":1,"column":26},"end":{"line":1,"column":45}},"1":{"start":{"line":3,"column":26},"end":{"line":19,"column":2}},"2":{"start":{"line":21,"column":0},"end":{"line":21,"column":84}},"3":{"start":{"line":23,"column":0},"end":{"line":23,"column":56}}},"fnMap":{},"branchMap":{},"s":{"0":1,"1":1,"2":1,"3":1},"f":{},"b":{},"_coverageSchema":"1a1c01bbd47fc00a2c39e90264f33305004495a9","hash":"2c6f1e1c37ed7f1b47b782ec424fe11536619839"}
,"/Users/sergioabad/Desktop/ProjectsToWorkOn/IoT/Arduino_Antiguo/Code/IoT_Microservices-master/measure-ms/src/modules/microcontrollers.module.js": {"path":"/Users/sergioabad/Desktop/ProjectsToWorkOn/IoT/Arduino_Antiguo/Code/IoT_Microservices-master/measure-ms/src/modules/microcontrollers.module.js","statementMap":{"0":{"start":{"line":1,"column":14},"end":{"line":1,"column":30}},"1":{"start":{"line":3,"column":45},"end":{"line":3,"column":82}},"2":{"start":{"line":5,"column":0},"end":{"line":27,"column":1}},"3":{"start":{"line":8,"column":4},"end":{"line":8,"column":26}},"4":{"start":{"line":12,"column":4},"end":{"line":19,"column":5}},"5":{"start":{"line":15,"column":8},"end":{"line":15,"column":55}},"6":{"start":{"line":18,"column":8},"end":{"line":18,"column":106}},"7":{"start":{"line":22,"column":24},"end":{"line":25,"column":3}},"8":{"start":{"line":23,"column":21},"end":{"line":23,"column":85}},"9":{"start":{"line":24,"column":4},"end":{"line":24,"column":24}}},"fnMap":{"0":{"name":"(anonymous_0)","decl":{"start":{"line":7,"column":2},"end":{"line":7,"column":3}},"loc":{"start":{"line":7,"column":23},"end":{"line":9,"column":3}},"line":7},"1":{"name":"(anonymous_1)","decl":{"start":{"line":11,"column":2},"end":{"line":11,"column":3}},"loc":{"start":{"line":11,"column":33},"end":{"line":20,"column":3}},"line":11},"2":{"name":"(anonymous_2)","decl":{"start":{"line":22,"column":24},"end":{"line":22,"column":25}},"loc":{"start":{"line":22,"column":36},"end":{"line":25,"column":3}},"line":22}},"branchMap":{"0":{"loc":{"start":{"line":12,"column":4},"end":{"line":19,"column":5}},"type":"switch","locations":[{"start":{"line":13,"column":6},"end":{"line":13,"column":30}},{"start":{"line":14,"column":6},"end":{"line":15,"column":55}},{"start":{"line":16,"column":6},"end":{"line":16,"column":33}},{"start":{"line":17,"column":6},"end":{"line":18,"column":106}}],"line":12}},"s":{"0":1,"1":1,"2":1,"3":8,"4":2,"5":1,"6":1,"7":8,"8":11,"9":11},"f":{"0":8,"1":2,"2":11},"b":{"0":[1,1,1,1]},"_coverageSchema":"1a1c01bbd47fc00a2c39e90264f33305004495a9","hash":"ea38d0682f6ad714a4311d33a8868f9dad45f12c"}
}
