{"/Users/sergioabad/Desktop/ProjectsToWorkOn/IoT/Arduino_Antiguo/Code/IoT_Microservices-master/measure-ms/src/app/app.js": {"path":"/Users/sergioabad/Desktop/ProjectsToWorkOn/IoT/Arduino_Antiguo/Code/IoT_Microservices-master/measure-ms/src/app/app.js","statementMap":{"0":{"start":{"line":1,"column":13},"end":{"line":1,"column":28}},"1":{"start":{"line":2,"column":16},"end":{"line":2,"column":34}},"2":{"start":{"line":4,"column":15},"end":{"line":4,"column":37}},"3":{"start":{"line":6,"column":12},"end":{"line":6,"column":21}},"4":{"start":{"line":9,"column":17},"end":{"line":9,"column":38}},"5":{"start":{"line":12,"column":0},"end":{"line":12,"column":42}},"6":{"start":{"line":14,"column":0},"end":{"line":14,"column":15}},"7":{"start":{"line":15,"column":0},"end":{"line":15,"column":23}},"8":{"start":{"line":16,"column":0},"end":{"line":16,"column":48}},"9":{"start":{"line":18,"column":0},"end":{"line":18,"column":95}},"10":{"start":{"line":18,"column":33},"end":{"line":18,"column":94}},"11":{"start":{"line":20,"column":0},"end":{"line":23,"column":2}},"12":{"start":{"line":21,"column":2},"end":{"line":21,"column":53}},"13":{"start":{"line":22,"column":2},"end":{"line":22,"column":36}},"14":{"start":{"line":25,"column":0},"end":{"line":25,"column":43}},"15":{"start":{"line":28,"column":0},"end":{"line":28,"column":27}},"16":{"start":{"line":31,"column":0},"end":{"line":41,"column":1}},"17":{"start":{"line":32,"column":14},"end":{"line":32,"column":40}},"18":{"start":{"line":33,"column":33},"end":{"line":33,"column":78}},"19":{"start":{"line":34,"column":27},"end":{"line":34,"column":68}},"20":{"start":{"line":36,"column":13},"end":{"line":36,"column":22}},"21":{"start":{"line":37,"column":2},"end":{"line":37,"column":14}},"22":{"start":{"line":38,"column":23},"end":{"line":38,"column":61}},"23":{"start":{"line":39,"column":20},"end":{"line":39,"column":58}},"24":{"start":{"line":40,"column":2},"end":{"line":40,"column":19}},"25":{"start":{"line":43,"column":0},"end":{"line":43,"column":20}}},"fnMap":{"0":{"name":"(anonymous_0)","decl":{"start":{"line":18,"column":19},"end":{"line":18,"column":20}},"loc":{"start":{"line":18,"column":33},"end":{"line":18,"column":94}},"line":18},"1":{"name":"(anonymous_1)","decl":{"start":{"line":20,"column":20},"end":{"line":20,"column":21}},"loc":{"start":{"line":20,"column":40},"end":{"line":23,"column":1}},"line":20}},"branchMap":{"0":{"loc":{"start":{"line":31,"column":0},"end":{"line":41,"column":1}},"type":"if","locations":[{"start":{"line":31,"column":0},"end":{"line":41,"column":1}},{"start":{},"end":{}}],"line":31}},"s":{"0":2,"1":2,"2":2,"3":2,"4":2,"5":2,"6":2,"7":2,"8":2,"9":2,"10":1,"11":2,"12":1,"13":1,"14":2,"15":2,"16":2,"17":1,"18":1,"19":1,"20":1,"21":1,"22":1,"23":1,"24":1,"25":2},"f":{"0":1,"1":1},"b":{"0":[1,1]},"_coverageSchema":"1a1c01bbd47fc00a2c39e90264f33305004495a9","hash":"91caa9fbc860da2a2894a3e4d90dd9dfddb75634"}
,"/Users/sergioabad/Desktop/ProjectsToWorkOn/IoT/Arduino_Antiguo/Code/IoT_Microservices-master/measure-ms/src/app/constants/constants.js": {"path":"/Users/sergioabad/Desktop/ProjectsToWorkOn/IoT/Arduino_Antiguo/Code/IoT_Microservices-master/measure-ms/src/app/constants/constants.js","statementMap":{"0":{"start":{"line":1,"column":30},"end":{"line":1,"column":85}},"1":{"start":{"line":2,"column":30},"end":{"line":2,"column":82}},"2":{"start":{"line":3,"column":31},"end":{"line":3,"column":83}},"3":{"start":{"line":5,"column":0},"end":{"line":10,"column":1}}},"fnMap":{},"branchMap":{"0":{"loc":{"start":{"line":1,"column":30},"end":{"line":1,"column":85}},"type":"binary-expr","locations":[{"start":{"line":1,"column":30},"end":{"line":1,"column":70}},{"start":{"line":1,"column":74},"end":{"line":1,"column":85}}],"line":1},"1":{"loc":{"start":{"line":2,"column":30},"end":{"line":2,"column":82}},"type":"binary-expr","locations":[{"start":{"line":2,"column":30},"end":{"line":2,"column":74}},{"start":{"line":2,"column":78},"end":{"line":2,"column":82}}],"line":2},"2":{"loc":{"start":{"line":3,"column":31},"end":{"line":3,"column":83}},"type":"binary-expr","locations":[{"start":{"line":3,"column":31},"end":{"line":3,"column":77}},{"start":{"line":3,"column":81},"end":{"line":3,"column":83}}],"line":3}},"s":{"0":7,"1":7,"2":7,"3":7},"f":{},"b":{"0":[7,7],"1":[7,7],"2":[7,7]},"_coverageSchema":"1a1c01bbd47fc00a2c39e90264f33305004495a9","hash":"98dde662a2e4b3a1a16765d7b1a53c0f1c5ec495"}
,"/Users/sergioabad/Desktop/ProjectsToWorkOn/IoT/Arduino_Antiguo/Code/IoT_Microservices-master/measure-ms/src/app/controllers/measure.controller.js": {"path":"/Users/sergioabad/Desktop/ProjectsToWorkOn/IoT/Arduino_Antiguo/Code/IoT_Microservices-master/measure-ms/src/app/controllers/measure.controller.js","statementMap":{"0":{"start":{"line":1,"column":14},"end":{"line":1,"column":30}},"1":{"start":{"line":3,"column":25},"end":{"line":3,"column":58}},"2":{"start":{"line":4,"column":31},"end":{"line":4,"column":79}},"3":{"start":{"line":5,"column":21},"end":{"line":5,"column":55}},"4":{"start":{"line":7,"column":0},"end":{"line":84,"column":1}},"5":{"start":{"line":10,"column":4},"end":{"line":10,"column":26}},"6":{"start":{"line":11,"column":4},"end":{"line":11,"column":59}},"7":{"start":{"line":12,"column":4},"end":{"line":12,"column":49}},"8":{"start":{"line":15,"column":15},"end":{"line":21,"column":3}},"9":{"start":{"line":16,"column":25},"end":{"line":16,"column":34}},"10":{"start":{"line":17,"column":21},"end":{"line":17,"column":66}},"11":{"start":{"line":18,"column":4},"end":{"line":18,"column":72}},"12":{"start":{"line":18,"column":44},"end":{"line":18,"column":71}},"13":{"start":{"line":19,"column":22},"end":{"line":19,"column":76}},"14":{"start":{"line":20,"column":4},"end":{"line":20,"column":35}},"15":{"start":{"line":23,"column":19},"end":{"line":30,"column":3}},"16":{"start":{"line":24,"column":4},"end":{"line":29,"column":5}},"17":{"start":{"line":25,"column":23},"end":{"line":25,"column":104}},"18":{"start":{"line":26,"column":6},"end":{"line":26,"column":63}},"19":{"start":{"line":28,"column":6},"end":{"line":28,"column":12}},"20":{"start":{"line":32,"column":16},"end":{"line":38,"column":3}},"21":{"start":{"line":33,"column":4},"end":{"line":37,"column":5}},"22":{"start":{"line":34,"column":6},"end":{"line":34,"column":75}},"23":{"start":{"line":36,"column":6},"end":{"line":36,"column":25}},"24":{"start":{"line":40,"column":14},"end":{"line":58,"column":3}},"25":{"start":{"line":41,"column":4},"end":{"line":56,"column":5}},"26":{"start":{"line":42,"column":39},"end":{"line":42,"column":47}},"27":{"start":{"line":43,"column":25},"end":{"line":43,"column":70}},"28":{"start":{"line":44,"column":21},"end":{"line":44,"column":95}},"29":{"start":{"line":44,"column":48},"end":{"line":44,"column":94}},"30":{"start":{"line":46,"column":6},"end":{"line":54,"column":7}},"31":{"start":{"line":47,"column":8},"end":{"line":53,"column":9}},"32":{"start":{"line":48,"column":27},"end":{"line":48,"column":106}},"33":{"start":{"line":49,"column":10},"end":{"line":49,"column":93}},"34":{"start":{"line":51,"column":25},"end":{"line":51,"column":82}},"35":{"start":{"line":52,"column":10},"end":{"line":52,"column":66}},"36":{"start":{"line":55,"column":6},"end":{"line":55,"column":61}},"37":{"start":{"line":57,"column":4},"end":{"line":57,"column":63}},"38":{"start":{"line":60,"column":16},"end":{"line":81,"column":3}},"39":{"start":{"line":61,"column":4},"end":{"line":80,"column":5}},"40":{"start":{"line":62,"column":40},"end":{"line":62,"column":48}},"41":{"start":{"line":63,"column":6},"end":{"line":63,"column":83}},"42":{"start":{"line":64,"column":20},"end":{"line":65,"column":58}},"43":{"start":{"line":65,"column":19},"end":{"line":65,"column":57}},"44":{"start":{"line":67,"column":6},"end":{"line":70,"column":7}},"45":{"start":{"line":68,"column":8},"end":{"line":68,"column":73}},"46":{"start":{"line":69,"column":8},"end":{"line":69,"column":63}},"47":{"start":{"line":72,"column":22},"end":{"line":72,"column":63}},"48":{"start":{"line":73,"column":6},"end":{"line":73,"column":61}},"49":{"start":{"line":74,"column":6},"end":{"line":74,"column":50}},"50":{"start":{"line":75,"column":6},"end":{"line":75,"column":35}},"51":{"start":{"line":77,"column":6},"end":{"line":77,"column":72}},"52":{"start":{"line":78,"column":21},"end":{"line":78,"column":78}},"53":{"start":{"line":79,"column":6},"end":{"line":79,"column":55}}},"fnMap":{"0":{"name":"(anonymous_0)","decl":{"start":{"line":9,"column":2},"end":{"line":9,"column":3}},"loc":{"start":{"line":9,"column":23},"end":{"line":13,"column":3}},"line":9},"1":{"name":"(anonymous_1)","decl":{"start":{"line":15,"column":15},"end":{"line":15,"column":16}},"loc":{"start":{"line":15,"column":35},"end":{"line":21,"column":3}},"line":15},"2":{"name":"(anonymous_2)","decl":{"start":{"line":18,"column":35},"end":{"line":18,"column":36}},"loc":{"start":{"line":18,"column":44},"end":{"line":18,"column":71}},"line":18},"3":{"name":"(anonymous_3)","decl":{"start":{"line":23,"column":19},"end":{"line":23,"column":20}},"loc":{"start":{"line":23,"column":34},"end":{"line":30,"column":3}},"line":23},"4":{"name":"(anonymous_4)","decl":{"start":{"line":32,"column":16},"end":{"line":32,"column":17}},"loc":{"start":{"line":32,"column":36},"end":{"line":38,"column":3}},"line":32},"5":{"name":"(anonymous_5)","decl":{"start":{"line":40,"column":14},"end":{"line":40,"column":15}},"loc":{"start":{"line":40,"column":34},"end":{"line":58,"column":3}},"line":40},"6":{"name":"(anonymous_6)","decl":{"start":{"line":44,"column":39},"end":{"line":44,"column":40}},"loc":{"start":{"line":44,"column":48},"end":{"line":44,"column":94}},"line":44},"7":{"name":"(anonymous_7)","decl":{"start":{"line":60,"column":16},"end":{"line":60,"column":17}},"loc":{"start":{"line":60,"column":36},"end":{"line":81,"column":3}},"line":60},"8":{"name":"(anonymous_8)","decl":{"start":{"line":65,"column":14},"end":{"line":65,"column":15}},"loc":{"start":{"line":65,"column":19},"end":{"line":65,"column":57}},"line":65}},"branchMap":{"0":{"loc":{"start":{"line":41,"column":4},"end":{"line":56,"column":5}},"type":"if","locations":[{"start":{"line":41,"column":4},"end":{"line":56,"column":5}},{"start":{},"end":{}}],"line":41},"1":{"loc":{"start":{"line":44,"column":48},"end":{"line":44,"column":94}},"type":"binary-expr","locations":[{"start":{"line":44,"column":48},"end":{"line":44,"column":75}},{"start":{"line":44,"column":79},"end":{"line":44,"column":94}}],"line":44},"2":{"loc":{"start":{"line":46,"column":6},"end":{"line":54,"column":7}},"type":"if","locations":[{"start":{"line":46,"column":6},"end":{"line":54,"column":7}},{"start":{},"end":{}}],"line":46},"3":{"loc":{"start":{"line":51,"column":25},"end":{"line":51,"column":82}},"type":"cond-expr","locations":[{"start":{"line":51,"column":73},"end":{"line":51,"column":76}},{"start":{"line":51,"column":79},"end":{"line":51,"column":82}}],"line":51},"4":{"loc":{"start":{"line":65,"column":19},"end":{"line":65,"column":57}},"type":"binary-expr","locations":[{"start":{"line":65,"column":19},"end":{"line":65,"column":42}},{"start":{"line":65,"column":46},"end":{"line":65,"column":57}}],"line":65},"5":{"loc":{"start":{"line":67,"column":6},"end":{"line":70,"column":7}},"type":"if","locations":[{"start":{"line":67,"column":6},"end":{"line":70,"column":7}},{"start":{},"end":{}}],"line":67},"6":{"loc":{"start":{"line":78,"column":21},"end":{"line":78,"column":78}},"type":"cond-expr","locations":[{"start":{"line":78,"column":69},"end":{"line":78,"column":72}},{"start":{"line":78,"column":75},"end":{"line":78,"column":78}}],"line":78}},"s":{"0":3,"1":3,"2":3,"3":3,"4":3,"5":12,"6":12,"7":12,"8":12,"9":9,"10":9,"11":9,"12":9,"13":9,"14":9,"15":12,"16":6,"17":6,"18":4,"19":2,"20":12,"21":15,"22":15,"23":1,"24":12,"25":6,"26":5,"27":5,"28":5,"29":4,"30":5,"31":4,"32":4,"33":2,"34":2,"35":2,"36":1,"37":1,"38":12,"39":9,"40":9,"41":9,"42":9,"43":8,"44":9,"45":1,"46":1,"47":8,"48":5,"49":5,"50":3,"51":5,"52":5,"53":5},"f":{"0":12,"1":9,"2":9,"3":6,"4":15,"5":6,"6":4,"7":9,"8":8},"b":{"0":[5,1],"1":[4,4],"2":[4,1],"3":[1,1],"4":[8,8],"5":[1,8],"6":[4,1]},"_coverageSchema":"1a1c01bbd47fc00a2c39e90264f33305004495a9","hash":"7165d14924f256157c1718c386ce632baa36ffdb"}
,"/Users/sergioabad/Desktop/ProjectsToWorkOn/IoT/Arduino_Antiguo/Code/IoT_Microservices-master/measure-ms/src/app/middleware/internal-auth.middleware.js": {"path":"/Users/sergioabad/Desktop/ProjectsToWorkOn/IoT/Arduino_Antiguo/Code/IoT_Microservices-master/measure-ms/src/app/middleware/internal-auth.middleware.js","statementMap":{"0":{"start":{"line":13,"column":25},"end":{"line":13,"column":53}},"1":{"start":{"line":15,"column":0},"end":{"line":21,"column":1}},"2":{"start":{"line":17,"column":4},"end":{"line":20,"column":5}},"3":{"start":{"line":23,"column":27},"end":{"line":34,"column":1}},"4":{"start":{"line":25,"column":4},"end":{"line":25,"column":54}},"5":{"start":{"line":25,"column":41},"end":{"line":25,"column":54}},"6":{"start":{"line":27,"column":21},"end":{"line":27,"column":54}},"7":{"start":{"line":29,"column":4},"end":{"line":31,"column":5}},"8":{"start":{"line":30,"column":8},"end":{"line":30,"column":62}},"9":{"start":{"line":33,"column":4},"end":{"line":33,"column":10}},"10":{"start":{"line":36,"column":0},"end":{"line":36,"column":39}}},"fnMap":{"0":{"name":"(anonymous_0)","decl":{"start":{"line":23,"column":27},"end":{"line":23,"column":28}},"loc":{"start":{"line":23,"column":47},"end":{"line":34,"column":1}},"line":23}},"branchMap":{"0":{"loc":{"start":{"line":15,"column":0},"end":{"line":21,"column":1}},"type":"if","locations":[{"start":{"line":15,"column":0},"end":{"line":21,"column":1}},{"start":{},"end":{}}],"line":15},"1":{"loc":{"start":{"line":15,"column":4},"end":{"line":15,"column":56}},"type":"binary-expr","locations":[{"start":{"line":15,"column":4},"end":{"line":15,"column":21}},{"start":{"line":15,"column":25},"end":{"line":15,"column":56}}],"line":15},"2":{"loc":{"start":{"line":25,"column":4},"end":{"line":25,"column":54}},"type":"if","locations":[{"start":{"line":25,"column":4},"end":{"line":25,"column":54}},{"start":{},"end":{}}],"line":25},"3":{"loc":{"start":{"line":29,"column":4},"end":{"line":31,"column":5}},"type":"if","locations":[{"start":{"line":29,"column":4},"end":{"line":31,"column":5}},{"start":{},"end":{}}],"line":29},"4":{"loc":{"start":{"line":29,"column":8},"end":{"line":29,"column":58}},"type":"binary-expr","locations":[{"start":{"line":29,"column":8},"end":{"line":29,"column":25}},{"start":{"line":29,"column":29},"end":{"line":29,"column":58}}],"line":29}},"s":{"0":5,"1":5,"2":1,"3":5,"4":36,"5":32,"6":4,"7":4,"8":3,"9":1,"10":5},"f":{"0":36},"b":{"0":[1,4],"1":[5,2],"2":[32,4],"3":[3,1],"4":[4,2]},"_coverageSchema":"1a1c01bbd47fc00a2c39e90264f33305004495a9","hash":"43f6eafc2af694102ec6c1ffade0dfe7897715f8"}
,"/Users/sergioabad/Desktop/ProjectsToWorkOn/IoT/Arduino_Antiguo/Code/IoT_Microservices-master/measure-ms/src/app/models/measure.model.js": {"path":"/Users/sergioabad/Desktop/ProjectsToWorkOn/IoT/Arduino_Antiguo/Code/IoT_Microservices-master/measure-ms/src/app/models/measure.model.js","statementMap":{"0":{"start":{"line":1,"column":12},"end":{"line":1,"column":41}},"1":{"start":{"line":2,"column":31},"end":{"line":2,"column":79}},"2":{"start":{"line":4,"column":30},"end":{"line":4,"column":74}},"3":{"start":{"line":4,"column":44},"end":{"line":4,"column":74}},"4":{"start":{"line":6,"column":30},"end":{"line":6,"column":79}},"5":{"start":{"line":6,"column":38},"end":{"line":6,"column":79}},"6":{"start":{"line":8,"column":0},"end":{"line":96,"column":1}},"7":{"start":{"line":11,"column":4},"end":{"line":11,"column":26}},"8":{"start":{"line":12,"column":4},"end":{"line":12,"column":24}},"9":{"start":{"line":13,"column":4},"end":{"line":13,"column":59}},"10":{"start":{"line":14,"column":4},"end":{"line":14,"column":22}},"11":{"start":{"line":17,"column":13},"end":{"line":35,"column":3}},"12":{"start":{"line":18,"column":18},"end":{"line":18,"column":37}},"13":{"start":{"line":19,"column":4},"end":{"line":21,"column":5}},"14":{"start":{"line":20,"column":6},"end":{"line":20,"column":71}},"15":{"start":{"line":24,"column":4},"end":{"line":34,"column":5}},"16":{"start":{"line":26,"column":8},"end":{"line":26,"column":125}},"17":{"start":{"line":26,"column":39},"end":{"line":26,"column":125}},"18":{"start":{"line":27,"column":8},"end":{"line":27,"column":13}},"19":{"start":{"line":29,"column":8},"end":{"line":29,"column":128}},"20":{"start":{"line":29,"column":39},"end":{"line":29,"column":128}},"21":{"start":{"line":30,"column":8},"end":{"line":30,"column":13}},"22":{"start":{"line":32,"column":8},"end":{"line":32,"column":122}},"23":{"start":{"line":32,"column":39},"end":{"line":32,"column":122}},"24":{"start":{"line":33,"column":8},"end":{"line":33,"column":13}},"25":{"start":{"line":37,"column":15},"end":{"line":62,"column":3}},"26":{"start":{"line":38,"column":4},"end":{"line":38,"column":30}},"27":{"start":{"line":39,"column":17},"end":{"line":39,"column":27}},"28":{"start":{"line":40,"column":20},"end":{"line":48,"column":5}},"29":{"start":{"line":50,"column":4},"end":{"line":59,"column":5}},"30":{"start":{"line":53,"column":8},"end":{"line":53,"column":95}},"31":{"start":{"line":54,"column":8},"end":{"line":54,"column":14}},"32":{"start":{"line":56,"column":8},"end":{"line":56,"column":36}},"33":{"start":{"line":57,"column":8},"end":{"line":57,"column":14}},"34":{"start":{"line":61,"column":4},"end":{"line":61,"column":18}},"35":{"start":{"line":64,"column":17},"end":{"line":89,"column":3}},"36":{"start":{"line":65,"column":86},"end":{"line":65,"column":91}},"37":{"start":{"line":67,"column":19},"end":{"line":67,"column":35}},"38":{"start":{"line":69,"column":4},"end":{"line":72,"column":5}},"39":{"start":{"line":70,"column":6},"end":{"line":70,"column":76}},"40":{"start":{"line":70,"column":27},"end":{"line":70,"column":76}},"41":{"start":{"line":71,"column":6},"end":{"line":71,"column":56}},"42":{"start":{"line":74,"column":4},"end":{"line":77,"column":5}},"43":{"start":{"line":75,"column":6},"end":{"line":75,"column":73}},"44":{"start":{"line":75,"column":26},"end":{"line":75,"column":73}},"45":{"start":{"line":76,"column":6},"end":{"line":76,"column":54}},"46":{"start":{"line":79,"column":19},"end":{"line":79,"column":63}},"47":{"start":{"line":81,"column":4},"end":{"line":86,"column":5}},"48":{"start":{"line":85,"column":6},"end":{"line":85,"column":60}},"49":{"start":{"line":88,"column":4},"end":{"line":88,"column":41}},"50":{"start":{"line":91,"column":16},"end":{"line":94,"column":3}},"51":{"start":{"line":92,"column":19},"end":{"line":92,"column":63}},"52":{"start":{"line":93,"column":4},"end":{"line":93,"column":38}}},"fnMap":{"0":{"name":"(anonymous_0)","decl":{"start":{"line":4,"column":30},"end":{"line":4,"column":31}},"loc":{"start":{"line":4,"column":44},"end":{"line":4,"column":74}},"line":4},"1":{"name":"(anonymous_1)","decl":{"start":{"line":6,"column":30},"end":{"line":6,"column":31}},"loc":{"start":{"line":6,"column":38},"end":{"line":6,"column":79}},"line":6},"2":{"name":"(anonymous_2)","decl":{"start":{"line":10,"column":2},"end":{"line":10,"column":3}},"loc":{"start":{"line":10,"column":23},"end":{"line":15,"column":3}},"line":10},"3":{"name":"(anonymous_3)","decl":{"start":{"line":17,"column":13},"end":{"line":17,"column":14}},"loc":{"start":{"line":17,"column":30},"end":{"line":35,"column":3}},"line":17},"4":{"name":"(anonymous_4)","decl":{"start":{"line":37,"column":15},"end":{"line":37,"column":16}},"loc":{"start":{"line":37,"column":32},"end":{"line":62,"column":3}},"line":37},"5":{"name":"(anonymous_5)","decl":{"start":{"line":64,"column":17},"end":{"line":64,"column":18}},"loc":{"start":{"line":64,"column":32},"end":{"line":89,"column":3}},"line":64},"6":{"name":"(anonymous_6)","decl":{"start":{"line":91,"column":16},"end":{"line":91,"column":17}},"loc":{"start":{"line":91,"column":29},"end":{"line":94,"column":3}},"line":91}},"branchMap":{"0":{"loc":{"start":{"line":19,"column":4},"end":{"line":21,"column":5}},"type":"if","locations":[{"start":{"line":19,"column":4},"end":{"line":21,"column":5}},{"start":{},"end":{}}],"line":19},"1":{"loc":{"start":{"line":19,"column":8},"end":{"line":19,"column":45}},"type":"binary-expr","locations":[{"start":{"line":19,"column":8},"end":{"line":19,"column":27}},{"start":{"line":19,"column":31},"end":{"line":19,"column":45}}],"line":19},"2":{"loc":{"start":{"line":24,"column":4},"end":{"line":34,"column":5}},"type":"switch","locations":[{"start":{"line":25,"column":6},"end":{"line":27,"column":13}},{"start":{"line":28,"column":6},"end":{"line":30,"column":13}},{"start":{"line":31,"column":6},"end":{"line":33,"column":13}}],"line":24},"3":{"loc":{"start":{"line":26,"column":8},"end":{"line":26,"column":125}},"type":"if","locations":[{"start":{"line":26,"column":8},"end":{"line":26,"column":125}},{"start":{},"end":{}}],"line":26},"4":{"loc":{"start":{"line":26,"column":12},"end":{"line":26,"column":37}},"type":"binary-expr","locations":[{"start":{"line":26,"column":12},"end":{"line":26,"column":21}},{"start":{"line":26,"column":25},"end":{"line":26,"column":37}}],"line":26},"5":{"loc":{"start":{"line":29,"column":8},"end":{"line":29,"column":128}},"type":"if","locations":[{"start":{"line":29,"column":8},"end":{"line":29,"column":128}},{"start":{},"end":{}}],"line":29},"6":{"loc":{"start":{"line":29,"column":12},"end":{"line":29,"column":37}},"type":"binary-expr","locations":[{"start":{"line":29,"column":12},"end":{"line":29,"column":21}},{"start":{"line":29,"column":25},"end":{"line":29,"column":37}}],"line":29},"7":{"loc":{"start":{"line":32,"column":8},"end":{"line":32,"column":122}},"type":"if","locations":[{"start":{"line":32,"column":8},"end":{"line":32,"column":122}},{"start":{},"end":{}}],"line":32},"8":{"loc":{"start":{"line":32,"column":12},"end":{"line":32,"column":37}},"type":"binary-expr","locations":[{"start":{"line":32,"column":12},"end":{"line":32,"column":21}},{"start":{"line":32,"column":25},"end":{"line":32,"column":37}}],"line":32},"9":{"loc":{"start":{"line":50,"column":4},"end":{"line":59,"column":5}},"type":"switch","locations":[{"start":{"line":51,"column":6},"end":{"line":51,"column":22}},{"start":{"line":52,"column":6},"end":{"line":54,"column":14}},{"start":{"line":55,"column":6},"end":{"line":57,"column":14}},{"start":{"line":58,"column":6},"end":{"line":58,"column":19}}],"line":50},"10":{"loc":{"start":{"line":69,"column":4},"end":{"line":72,"column":5}},"type":"if","locations":[{"start":{"line":69,"column":4},"end":{"line":72,"column":5}},{"start":{},"end":{}}],"line":69},"11":{"loc":{"start":{"line":69,"column":8},"end":{"line":69,"column":35}},"type":"binary-expr","locations":[{"start":{"line":69,"column":8},"end":{"line":69,"column":17}},{"start":{"line":69,"column":21},"end":{"line":69,"column":35}}],"line":69},"12":{"loc":{"start":{"line":70,"column":6},"end":{"line":70,"column":76}},"type":"if","locations":[{"start":{"line":70,"column":6},"end":{"line":70,"column":76}},{"start":{},"end":{}}],"line":70},"13":{"loc":{"start":{"line":74,"column":4},"end":{"line":77,"column":5}},"type":"if","locations":[{"start":{"line":74,"column":4},"end":{"line":77,"column":5}},{"start":{},"end":{}}],"line":74},"14":{"loc":{"start":{"line":74,"column":8},"end":{"line":74,"column":33}},"type":"binary-expr","locations":[{"start":{"line":74,"column":8},"end":{"line":74,"column":16}},{"start":{"line":74,"column":20},"end":{"line":74,"column":33}}],"line":74},"15":{"loc":{"start":{"line":75,"column":6},"end":{"line":75,"column":73}},"type":"if","locations":[{"start":{"line":75,"column":6},"end":{"line":75,"column":73}},{"start":{},"end":{}}],"line":75},"16":{"loc":{"start":{"line":81,"column":4},"end":{"line":86,"column":5}},"type":"if","locations":[{"start":{"line":81,"column":4},"end":{"line":86,"column":5}},{"start":{},"end":{}}],"line":81}},"s":{"0":3,"1":3,"2":3,"3":4,"4":3,"5":19,"6":3,"7":16,"8":16,"9":16,"10":16,"11":16,"12":18,"13":18,"14":2,"15":16,"16":4,"17":1,"18":3,"19":5,"20":1,"21":4,"22":5,"23":2,"24":3,"25":16,"26":15,"27":12,"28":12,"29":12,"30":7,"31":7,"32":2,"33":2,"34":12,"35":16,"36":16,"37":16,"38":16,"39":12,"40":3,"41":12,"42":16,"43":10,"44":1,"45":10,"46":16,"47":16,"48":3,"49":13,"50":16,"51":3,"52":3},"f":{"0":4,"1":19,"2":16,"3":18,"4":15,"5":16,"6":3},"b":{"0":[2,16],"1":[18,17],"2":[4,5,5],"3":[1,3],"4":[4,3],"5":[1,4],"6":[5,5],"7":[2,3],"8":[5,4],"9":[3,7,2,3],"10":[12,4],"11":[16,7],"12":[3,9],"13":[10,6],"14":[16,9],"15":[1,9],"16":[3,13]},"_coverageSchema":"1a1c01bbd47fc00a2c39e90264f33305004495a9","hash":"7c784db31252ddfd3bfa2b2ae454761f5e038202"}
,"/Users/sergioabad/Desktop/ProjectsToWorkOn/IoT/Arduino_Antiguo/Code/IoT_Microservices-master/measure-ms/src/app/routes/measure.routes.js": {"path":"/Users/sergioabad/Desktop/ProjectsToWorkOn/IoT/Arduino_Antiguo/Code/IoT_Microservices-master/measure-ms/src/app/routes/measure.routes.js","statementMap":{"0":{"start":{"line":1,"column":19},"end":{"line":1,"column":37}},"1":{"start":{"line":3,"column":26},"end":{"line":3,"column":70}},"2":{"start":{"line":4,"column":31},"end":{"line":4,"column":80}},"3":{"start":{"line":6,"column":15},"end":{"line":6,"column":23}},"4":{"start":{"line":9,"column":0},"end":{"line":9,"column":30}},"5":{"start":{"line":11,"column":27},"end":{"line":11,"column":60}},"6":{"start":{"line":12,"column":24},"end":{"line":12,"column":54}},"7":{"start":{"line":13,"column":30},"end":{"line":13,"column":66}},"8":{"start":{"line":14,"column":27},"end":{"line":14,"column":60}},"9":{"start":{"line":16,"column":0},"end":{"line":16,"column":54}},"10":{"start":{"line":17,"column":0},"end":{"line":17,"column":57}},"11":{"start":{"line":18,"column":0},"end":{"line":18,"column":56}},"12":{"start":{"line":20,"column":0},"end":{"line":20,"column":48}},"13":{"start":{"line":21,"column":0},"end":{"line":21,"column":50}},"14":{"start":{"line":22,"column":0},"end":{"line":22,"column":48}},"15":{"start":{"line":23,"column":0},"end":{"line":23,"column":58}},"16":{"start":{"line":25,"column":0},"end":{"line":25,"column":60}},"17":{"start":{"line":26,"column":0},"end":{"line":26,"column":62}},"18":{"start":{"line":27,"column":0},"end":{"line":27,"column":62}},"19":{"start":{"line":29,"column":0},"end":{"line":29,"column":54}},"20":{"start":{"line":30,"column":0},"end":{"line":30,"column":63}},"21":{"start":{"line":32,"column":0},"end":{"line":32,"column":23}}},"fnMap":{},"branchMap":{},"s":{"0":2,"1":2,"2":2,"3":2,"4":2,"5":2,"6":2,"7":2,"8":2,"9":2,"10":2,"11":2,"12":2,"13":2,"14":2,"15":2,"16":2,"17":2,"18":2,"19":2,"20":2,"21":2},"f":{},"b":{},"_coverageSchema":"1a1c01bbd47fc00a2c39e90264f33305004495a9","hash":"9c85c3338ab46f9e3d7b48f6f649606dd9a4678f"}
,"/Users/sergioabad/Desktop/ProjectsToWorkOn/IoT/Arduino_Antiguo/Code/IoT_Microservices-master/measure-ms/src/app/schedulers/picture.scheduler.js": {"path":"/Users/sergioabad/Desktop/ProjectsToWorkOn/IoT/Arduino_Antiguo/Code/IoT_Microservices-master/measure-ms/src/app/schedulers/picture.scheduler.js","statementMap":{"0":{"start":{"line":1,"column":14},"end":{"line":1,"column":30}},"1":{"start":{"line":3,"column":60},"end":{"line":3,"column":93}},"2":{"start":{"line":18,"column":8},"end":{"line":18,"column":20}},"3":{"start":{"line":19,"column":8},"end":{"line":19,"column":40}},"4":{"start":{"line":20,"column":8},"end":{"line":20,"column":29}},"5":{"start":{"line":28,"column":8},"end":{"line":28,"column":22}},"6":{"start":{"line":29,"column":8},"end":{"line":29,"column":70}},"7":{"start":{"line":29,"column":43},"end":{"line":29,"column":57}},"8":{"start":{"line":34,"column":8},"end":{"line":37,"column":9}},"9":{"start":{"line":35,"column":12},"end":{"line":35,"column":41}},"10":{"start":{"line":36,"column":12},"end":{"line":36,"column":33}},"11":{"start":{"line":45,"column":8},"end":{"line":51,"column":9}},"12":{"start":{"line":46,"column":27},"end":{"line":46,"column":72}},"13":{"start":{"line":47,"column":33},"end":{"line":47,"column":77}},"14":{"start":{"line":47,"column":52},"end":{"line":47,"column":76}},"15":{"start":{"line":48,"column":12},"end":{"line":48,"column":81}},"16":{"start":{"line":48,"column":56},"end":{"line":48,"column":79}},"17":{"start":{"line":50,"column":12},"end":{"line":50,"column":77}},"18":{"start":{"line":55,"column":8},"end":{"line":75,"column":9}},"19":{"start":{"line":56,"column":29},"end":{"line":56,"column":110}},"20":{"start":{"line":57,"column":25},"end":{"line":57,"column":38}},"21":{"start":{"line":58,"column":24},"end":{"line":58,"column":34}},"22":{"start":{"line":60,"column":24},"end":{"line":70,"column":13}},"23":{"start":{"line":72,"column":12},"end":{"line":72,"column":42}},"24":{"start":{"line":79,"column":0},"end":{"line":79,"column":33}}},"fnMap":{"0":{"name":"(anonymous_0)","decl":{"start":{"line":17,"column":4},"end":{"line":17,"column":5}},"loc":{"start":{"line":17,"column":34},"end":{"line":21,"column":5}},"line":17},"1":{"name":"(anonymous_1)","decl":{"start":{"line":27,"column":4},"end":{"line":27,"column":5}},"loc":{"start":{"line":27,"column":37},"end":{"line":30,"column":5}},"line":27},"2":{"name":"(anonymous_2)","decl":{"start":{"line":29,"column":37},"end":{"line":29,"column":38}},"loc":{"start":{"line":29,"column":43},"end":{"line":29,"column":57}},"line":29},"3":{"name":"(anonymous_3)","decl":{"start":{"line":33,"column":4},"end":{"line":33,"column":5}},"loc":{"start":{"line":33,"column":11},"end":{"line":38,"column":5}},"line":33},"4":{"name":"(anonymous_4)","decl":{"start":{"line":44,"column":4},"end":{"line":44,"column":5}},"loc":{"start":{"line":44,"column":20},"end":{"line":52,"column":5}},"line":44},"5":{"name":"(anonymous_5)","decl":{"start":{"line":47,"column":47},"end":{"line":47,"column":48}},"loc":{"start":{"line":47,"column":52},"end":{"line":47,"column":76}},"line":47},"6":{"name":"(anonymous_6)","decl":{"start":{"line":48,"column":47},"end":{"line":48,"column":48}},"loc":{"start":{"line":48,"column":56},"end":{"line":48,"column":79}},"line":48},"7":{"name":"(anonymous_7)","decl":{"start":{"line":54,"column":4},"end":{"line":54,"column":5}},"loc":{"start":{"line":54,"column":29},"end":{"line":76,"column":5}},"line":54}},"branchMap":{"0":{"loc":{"start":{"line":27,"column":10},"end":{"line":27,"column":35}},"type":"default-arg","locations":[{"start":{"line":27,"column":23},"end":{"line":27,"column":35}}],"line":27},"1":{"loc":{"start":{"line":34,"column":8},"end":{"line":37,"column":9}},"type":"if","locations":[{"start":{"line":34,"column":8},"end":{"line":37,"column":9}},{"start":{},"end":{}}],"line":34}},"s":{"0":1,"1":1,"2":8,"3":8,"4":8,"5":6,"6":6,"7":1,"8":9,"9":6,"10":6,"11":8,"12":8,"13":7,"14":7,"15":7,"16":7,"17":1,"18":7,"19":7,"20":6,"21":6,"22":6,"23":6,"24":1},"f":{"0":8,"1":6,"2":1,"3":9,"4":8,"5":7,"6":7,"7":7},"b":{"0":[6],"1":[6,3]},"_coverageSchema":"1a1c01bbd47fc00a2c39e90264f33305004495a9","hash":"54320890af1dc26af83e10c4a471e115aef0f73f"}
,"/Users/sergioabad/Desktop/ProjectsToWorkOn/IoT/Arduino_Antiguo/Code/IoT_Microservices-master/measure-ms/src/config/mongodb.config.js": {"path":"/Users/sergioabad/Desktop/ProjectsToWorkOn/IoT/Arduino_Antiguo/Code/IoT_Microservices-master/measure-ms/src/config/mongodb.config.js","statementMap":{"0":{"start":{"line":1,"column":19},"end":{"line":1,"column":64}},"1":{"start":{"line":2,"column":19},"end":{"line":2,"column":58}},"2":{"start":{"line":4,"column":0},"end":{"line":9,"column":1}}},"fnMap":{},"branchMap":{"0":{"loc":{"start":{"line":1,"column":19},"end":{"line":1,"column":64}},"type":"binary-expr","locations":[{"start":{"line":1,"column":19},"end":{"line":1,"column":45}},{"start":{"line":1,"column":49},"end":{"line":1,"column":64}}],"line":1},"1":{"loc":{"start":{"line":2,"column":19},"end":{"line":2,"column":58}},"type":"binary-expr","locations":[{"start":{"line":2,"column":19},"end":{"line":2,"column":49}},{"start":{"line":2,"column":53},"end":{"line":2,"column":58}}],"line":2},"2":{"loc":{"start":{"line":5,"column":11},"end":{"line":5,"column":51}},"type":"binary-expr","locations":[{"start":{"line":5,"column":11},"end":{"line":5,"column":42}},{"start":{"line":5,"column":46},"end":{"line":5,"column":51}}],"line":5},"3":{"loc":{"start":{"line":7,"column":12},"end":{"line":7,"column":62}},"type":"binary-expr","locations":[{"start":{"line":7,"column":12},"end":{"line":7,"column":50}},{"start":{"line":7,"column":54},"end":{"line":7,"column":62}}],"line":7},"4":{"loc":{"start":{"line":8,"column":12},"end":{"line":8,"column":60}},"type":"binary-expr","locations":[{"start":{"line":8,"column":12},"end":{"line":8,"column":50}},{"start":{"line":8,"column":54},"end":{"line":8,"column":60}}],"line":8}},"s":{"0":4,"1":4,"2":4},"f":{},"b":{"0":[4,4],"1":[4,4],"2":[4,4],"3":[4,4],"4":[4,4]},"_coverageSchema":"1a1c01bbd47fc00a2c39e90264f33305004495a9","hash":"131e1201a90f14c70e7ba6bc43986b0fbce160a9"}
,"/Users/sergioabad/Desktop/ProjectsToWorkOn/IoT/Arduino_Antiguo/Code/IoT_Microservices-master/measure-ms/src/database/dao.js": {"path":"/Users/sergioabad/Desktop/ProjectsToWorkOn/IoT/Arduino_Antiguo/Code/IoT_Microservices-master/measure-ms/src/database/dao.js","statementMap":{"0":{"start":{"line":1,"column":17},"end":{"line":1,"column":36}},"1":{"start":{"line":3,"column":47},"end":{"line":3,"column":82}},"2":{"start":{"line":4,"column":17},"end":{"line":4,"column":51}},"3":{"start":{"line":5,"column":14},"end":{"line":5,"column":45}},"4":{"start":{"line":6,"column":20},"end":{"line":6,"column":57}},"5":{"start":{"line":7,"column":21},"end":{"line":7,"column":54}},"6":{"start":{"line":9,"column":0},"end":{"line":71,"column":1}},"7":{"start":{"line":12,"column":4},"end":{"line":12,"column":33}},"8":{"start":{"line":16,"column":16},"end":{"line":16,"column":60}},"9":{"start":{"line":17,"column":20},"end":{"line":19,"column":5}},"10":{"start":{"line":21,"column":4},"end":{"line":21,"column":69}},"11":{"start":{"line":21,"column":50},"end":{"line":21,"column":68}},"12":{"start":{"line":23,"column":4},"end":{"line":23,"column":68}},"13":{"start":{"line":23,"column":31},"end":{"line":23,"column":67}},"14":{"start":{"line":24,"column":4},"end":{"line":24,"column":52}},"15":{"start":{"line":24,"column":33},"end":{"line":24,"column":51}},"16":{"start":{"line":28,"column":16},"end":{"line":28,"column":59}},"17":{"start":{"line":29,"column":4},"end":{"line":29,"column":65}},"18":{"start":{"line":29,"column":15},"end":{"line":29,"column":65}},"19":{"start":{"line":30,"column":4},"end":{"line":30,"column":22}},"20":{"start":{"line":34,"column":16},"end":{"line":34,"column":53}},"21":{"start":{"line":35,"column":4},"end":{"line":35,"column":65}},"22":{"start":{"line":35,"column":15},"end":{"line":35,"column":65}},"23":{"start":{"line":36,"column":4},"end":{"line":36,"column":22}},"24":{"start":{"line":40,"column":16},"end":{"line":40,"column":65}},"25":{"start":{"line":41,"column":4},"end":{"line":41,"column":65}},"26":{"start":{"line":41,"column":15},"end":{"line":41,"column":65}},"27":{"start":{"line":42,"column":4},"end":{"line":42,"column":22}},"28":{"start":{"line":46,"column":12},"end":{"line":46,"column":56}},"29":{"start":{"line":47,"column":4},"end":{"line":47,"column":57}},"30":{"start":{"line":47,"column":15},"end":{"line":47,"column":57}},"31":{"start":{"line":48,"column":4},"end":{"line":48,"column":18}},"32":{"start":{"line":52,"column":19},"end":{"line":52,"column":40}},"33":{"start":{"line":53,"column":4},"end":{"line":53,"column":30}},"34":{"start":{"line":57,"column":19},"end":{"line":57,"column":36}},"35":{"start":{"line":58,"column":4},"end":{"line":58,"column":30}},"36":{"start":{"line":62,"column":19},"end":{"line":62,"column":33}},"37":{"start":{"line":63,"column":4},"end":{"line":63,"column":30}},"38":{"start":{"line":67,"column":19},"end":{"line":67,"column":39}},"39":{"start":{"line":68,"column":4},"end":{"line":68,"column":30}}},"fnMap":{"0":{"name":"(anonymous_0)","decl":{"start":{"line":11,"column":2},"end":{"line":11,"column":3}},"loc":{"start":{"line":11,"column":16},"end":{"line":13,"column":3}},"line":11},"1":{"name":"(anonymous_1)","decl":{"start":{"line":15,"column":2},"end":{"line":15,"column":3}},"loc":{"start":{"line":15,"column":12},"end":{"line":25,"column":3}},"line":15},"2":{"name":"(anonymous_2)","decl":{"start":{"line":21,"column":41},"end":{"line":21,"column":42}},"loc":{"start":{"line":21,"column":50},"end":{"line":21,"column":68}},"line":21},"3":{"name":"(anonymous_3)","decl":{"start":{"line":23,"column":25},"end":{"line":23,"column":26}},"loc":{"start":{"line":23,"column":31},"end":{"line":23,"column":67}},"line":23},"4":{"name":"(anonymous_4)","decl":{"start":{"line":24,"column":24},"end":{"line":24,"column":25}},"loc":{"start":{"line":24,"column":33},"end":{"line":24,"column":51}},"line":24},"5":{"name":"(anonymous_5)","decl":{"start":{"line":27,"column":2},"end":{"line":27,"column":3}},"loc":{"start":{"line":27,"column":38},"end":{"line":31,"column":3}},"line":27},"6":{"name":"(anonymous_6)","decl":{"start":{"line":33,"column":2},"end":{"line":33,"column":3}},"loc":{"start":{"line":33,"column":32},"end":{"line":37,"column":3}},"line":33},"7":{"name":"(anonymous_7)","decl":{"start":{"line":39,"column":2},"end":{"line":39,"column":3}},"loc":{"start":{"line":39,"column":44},"end":{"line":43,"column":3}},"line":39},"8":{"name":"(anonymous_8)","decl":{"start":{"line":45,"column":2},"end":{"line":45,"column":3}},"loc":{"start":{"line":45,"column":35},"end":{"line":49,"column":3}},"line":45},"9":{"name":"(anonymous_9)","decl":{"start":{"line":51,"column":2},"end":{"line":51,"column":3}},"loc":{"start":{"line":51,"column":25},"end":{"line":54,"column":3}},"line":51},"10":{"name":"(anonymous_10)","decl":{"start":{"line":56,"column":2},"end":{"line":56,"column":3}},"loc":{"start":{"line":56,"column":26},"end":{"line":59,"column":3}},"line":56},"11":{"name":"(anonymous_11)","decl":{"start":{"line":61,"column":2},"end":{"line":61,"column":3}},"loc":{"start":{"line":61,"column":23},"end":{"line":64,"column":3}},"line":61},"12":{"name":"(anonymous_12)","decl":{"start":{"line":66,"column":2},"end":{"line":66,"column":3}},"loc":{"start":{"line":66,"column":29},"end":{"line":69,"column":3}},"line":66}},"branchMap":{"0":{"loc":{"start":{"line":29,"column":4},"end":{"line":29,"column":65}},"type":"if","locations":[{"start":{"line":29,"column":4},"end":{"line":29,"column":65}},{"start":{},"end":{}}],"line":29},"1":{"loc":{"start":{"line":35,"column":4},"end":{"line":35,"column":65}},"type":"if","locations":[{"start":{"line":35,"column":4},"end":{"line":35,"column":65}},{"start":{},"end":{}}],"line":35},"2":{"loc":{"start":{"line":41,"column":4},"end":{"line":41,"column":65}},"type":"if","locations":[{"start":{"line":41,"column":4},"end":{"line":41,"column":65}},{"start":{},"end":{}}],"line":41},"3":{"loc":{"start":{"line":47,"column":4},"end":{"line":47,"column":57}},"type":"if","locations":[{"start":{"line":47,"column":4},"end":{"line":47,"column":57}},{"start":{},"end":{}}],"line":47}},"s":{"0":4,"1":4,"2":4,"3":4,"4":4,"5":4,"6":4,"7":26,"8":14,"9":14,"10":14,"11":1,"12":14,"13":12,"14":14,"15":12,"16":6,"17":6,"18":2,"19":6,"20":6,"21":6,"22":2,"23":6,"24":6,"25":6,"26":2,"27":6,"28":4,"29":4,"30":1,"31":4,"32":1,"33":1,"34":3,"35":3,"36":1,"37":1,"38":2,"39":2},"f":{"0":26,"1":14,"2":1,"3":12,"4":12,"5":6,"6":6,"7":6,"8":4,"9":1,"10":3,"11":1,"12":2},"b":{"0":[2,4],"1":[2,4],"2":[2,4],"3":[1,3]},"_coverageSchema":"1a1c01bbd47fc00a2c39e90264f33305004495a9","hash":"7130884a1c52a4873f3ded2a49d4eb093a2e1f0b"}
,"/Users/sergioabad/Desktop/ProjectsToWorkOn/IoT/Arduino_Antiguo/Code/IoT_Microservices-master/measure-ms/src/database/models/humidity.model.js": {"path":"/Users/sergioabad/Desktop/ProjectsToWorkOn/IoT/Arduino_Antiguo/Code/IoT_Microservices-master/measure-ms/src/database/models/humidity.model.js","statementMap":{"0":{"start":{"line":1,"column":26},"end":{"line":1,"column":45}},"1":{"start":{"line":3,"column":23},"end":{"line":23,"column":2}},"2":{"start":{"line":25,"column":0},"end":{"line":25,"column":81}},"3":{"start":{"line":27,"column":0},"end":{"line":27,"column":50}}},"fnMap":{},"branchMap":{},"s":{"0":3,"1":3,"2":3,"3":3},"f":{},"b":{},"_coverageSchema":"1a1c01bbd47fc00a2c39e90264f33305004495a9","hash":"cc2dbd80f455107371c68c617e36fee4d74efad8"}
,"/Users/sergioabad/Desktop/ProjectsToWorkOn/IoT/Arduino_Antiguo/Code/IoT_Microservices-master/measure-ms/src/database/models/light.model.js": {"path":"/Users/sergioabad/Desktop/ProjectsToWorkOn/IoT/Arduino_Antiguo/Code/IoT_Microservices-master/measure-ms/src/database/models/light.model.js","statementMap":{"0":{"start":{"line":1,"column":26},"end":{"line":1,"column":45}},"1":{"start":{"line":3,"column":20},"end":{"line":20,"column":2}},"2":{"start":{"line":22,"column":0},"end":{"line":22,"column":78}},"3":{"start":{"line":24,"column":0},"end":{"line":24,"column":44}}},"fnMap":{},"branchMap":{},"s":{"0":3,"1":3,"2":3,"3":3},"f":{},"b":{},"_coverageSchema":"1a1c01bbd47fc00a2c39e90264f33305004495a9","hash":"799c0e51fd845c930a734c865455a6ce0514e1bf"}
,"/Users/sergioabad/Desktop/ProjectsToWorkOn/IoT/Arduino_Antiguo/Code/IoT_Microservices-master/measure-ms/src/database/models/picture.model.js": {"path":"/Users/sergioabad/Desktop/ProjectsToWorkOn/IoT/Arduino_Antiguo/Code/IoT_Microservices-master/measure-ms/src/database/models/picture.model.js","statementMap":{"0":{"start":{"line":1,"column":26},"end":{"line":1,"column":45}},"1":{"start":{"line":3,"column":22},"end":{"line":16,"column":2}},"2":{"start":{"line":18,"column":0},"end":{"line":18,"column":80}},"3":{"start":{"line":20,"column":0},"end":{"line":20,"column":48}}},"fnMap":{},"branchMap":{},"s":{"0":3,"1":3,"2":3,"3":3},"f":{},"b":{},"_coverageSchema":"1a1c01bbd47fc00a2c39e90264f33305004495a9","hash":"803e603100375ccdd0f1d2745414ada6610a599e"}
,"/Users/sergioabad/Desktop/ProjectsToWorkOn/IoT/Arduino_Antiguo/Code/IoT_Microservices-master/measure-ms/src/database/models/temperature.model.js": {"path":"/Users/sergioabad/Desktop/ProjectsToWorkOn/IoT/Arduino_Antiguo/Code/IoT_Microservices-master/measure-ms/src/database/models/temperature.model.js","statementMap":{"0":{"start":{"line":1,"column":26},"end":{"line":1,"column":45}},"1":{"start":{"line":3,"column":26},"end":{"line":23,"column":2}},"2":{"start":{"line":25,"column":0},"end":{"line":25,"column":84}},"3":{"start":{"line":27,"column":0},"end":{"line":27,"column":56}}},"fnMap":{},"branchMap":{},"s":{"0":3,"1":3,"2":3,"3":3},"f":{},"b":{},"_coverageSchema":"1a1c01bbd47fc00a2c39e90264f33305004495a9","hash":"7708e24984a5e9dc4139869831ee55cd2788a219"}
,"/Users/sergioabad/Desktop/ProjectsToWorkOn/IoT/Arduino_Antiguo/Code/IoT_Microservices-master/measure-ms/src/modules/microcontrollers.module.js": {"path":"/Users/sergioabad/Desktop/ProjectsToWorkOn/IoT/Arduino_Antiguo/Code/IoT_Microservices-master/measure-ms/src/modules/microcontrollers.module.js","statementMap":{"0":{"start":{"line":1,"column":14},"end":{"line":1,"column":30}},"1":{"start":{"line":3,"column":45},"end":{"line":3,"column":82}},"2":{"start":{"line":4,"column":25},"end":{"line":4,"column":53}},"3":{"start":{"line":6,"column":0},"end":{"line":32,"column":1}},"4":{"start":{"line":9,"column":4},"end":{"line":9,"column":26}},"5":{"start":{"line":13,"column":4},"end":{"line":22,"column":5}},"6":{"start":{"line":16,"column":8},"end":{"line":16,"column":55}},"7":{"start":{"line":19,"column":8},"end":{"line":19,"column":106}},"8":{"start":{"line":21,"column":8},"end":{"line":21,"column":30}},"9":{"start":{"line":27,"column":20},"end":{"line":27,"column":86}},"10":{"start":{"line":28,"column":21},"end":{"line":28,"column":98}},"11":{"start":{"line":29,"column":4},"end":{"line":29,"column":24}}},"fnMap":{"0":{"name":"(anonymous_0)","decl":{"start":{"line":8,"column":2},"end":{"line":8,"column":3}},"loc":{"start":{"line":8,"column":23},"end":{"line":10,"column":3}},"line":8},"1":{"name":"(anonymous_1)","decl":{"start":{"line":12,"column":2},"end":{"line":12,"column":3}},"loc":{"start":{"line":12,"column":33},"end":{"line":23,"column":3}},"line":12},"2":{"name":"(anonymous_2)","decl":{"start":{"line":26,"column":2},"end":{"line":26,"column":3}},"loc":{"start":{"line":26,"column":30},"end":{"line":30,"column":3}},"line":26}},"branchMap":{"0":{"loc":{"start":{"line":13,"column":4},"end":{"line":22,"column":5}},"type":"switch","locations":[{"start":{"line":14,"column":6},"end":{"line":14,"column":30}},{"start":{"line":15,"column":6},"end":{"line":16,"column":55}},{"start":{"line":17,"column":6},"end":{"line":17,"column":33}},{"start":{"line":18,"column":6},"end":{"line":19,"column":106}},{"start":{"line":20,"column":6},"end":{"line":21,"column":30}}],"line":13},"1":{"loc":{"start":{"line":27,"column":20},"end":{"line":27,"column":86}},"type":"cond-expr","locations":[{"start":{"line":27,"column":39},"end":{"line":27,"column":81}},{"start":{"line":27,"column":84},"end":{"line":27,"column":86}}],"line":27}},"s":{"0":6,"1":6,"2":6,"3":6,"4":33,"5":9,"6":3,"7":3,"8":3,"9":18,"10":18,"11":18},"f":{"0":33,"1":9,"2":18},"b":{"0":[3,3,3,3,3],"1":[1,17]},"_coverageSchema":"1a1c01bbd47fc00a2c39e90264f33305004495a9","hash":"e7ba2697250e41441fa1133b1cc040126af34764"}
}
