TN:
SF:src/app/app.js
FN:18,(anonymous_0)
FN:20,(anonymous_1)
FNF:2
FNH:2
FNDA:1,(anonymous_0)
FNDA:1,(anonymous_1)
DA:1,2
DA:2,2
DA:4,2
DA:6,2
DA:9,2
DA:12,2
DA:14,2
DA:15,2
DA:16,2
DA:18,2
DA:20,2
DA:21,1
DA:22,1
DA:25,2
DA:28,2
DA:31,2
DA:32,1
DA:33,1
DA:34,1
DA:36,1
DA:37,1
DA:38,1
DA:39,1
DA:40,1
DA:43,2
LF:25
LH:25
BRDA:31,0,0,1
BRDA:31,0,1,1
BRF:2
BRH:2
end_of_record
TN:
SF:src/app/constants/constants.js
FNF:0
FNH:0
DA:1,7
DA:2,7
DA:3,7
DA:5,7
LF:4
LH:4
BRDA:1,0,0,7
BRDA:1,0,1,7
BRDA:2,1,0,7
BRDA:2,1,1,7
BRDA:3,2,0,7
BRDA:3,2,1,7
BRF:6
BRH:6
end_of_record
TN:
SF:src/app/controllers/measure.controller.js
FN:9,(anonymous_0)
FN:15,(anonymous_1)
FN:18,(anonymous_2)
FN:23,(anonymous_3)
FN:32,(anonymous_4)
FN:40,(anonymous_5)
FN:44,(anonymous_6)
FN:60,(anonymous_7)
FN:65,(anonymous_8)
FNF:9
FNH:9
FNDA:12,(anonymous_0)
FNDA:9,(anonymous_1)
FNDA:9,(anonymous_2)
FNDA:6,(anonymous_3)
FNDA:15,(anonymous_4)
FNDA:6,(anonymous_5)
FNDA:4,(anonymous_6)
FNDA:9,(anonymous_7)
FNDA:8,(anonymous_8)
DA:1,3
DA:3,3
DA:4,3
DA:5,3
DA:7,3
DA:10,12
DA:11,12
DA:12,12
DA:15,12
DA:16,9
DA:17,9
DA:18,9
DA:19,9
DA:20,9
DA:23,12
DA:24,6
DA:25,6
DA:26,4
DA:28,2
DA:32,12
DA:33,15
DA:34,15
DA:36,1
DA:40,12
DA:41,6
DA:42,5
DA:43,5
DA:44,5
DA:46,5
DA:47,4
DA:48,4
DA:49,2
DA:51,2
DA:52,2
DA:55,1
DA:57,1
DA:60,12
DA:61,9
DA:62,9
DA:63,9
DA:64,9
DA:65,8
DA:67,9
DA:68,1
DA:69,1
DA:72,8
DA:73,5
DA:74,5
DA:75,3
DA:77,5
DA:78,5
DA:79,5
LF:52
LH:52
BRDA:41,0,0,5
BRDA:41,0,1,1
BRDA:44,1,0,4
BRDA:44,1,1,4
BRDA:46,2,0,4
BRDA:46,2,1,1
BRDA:51,3,0,1
BRDA:51,3,1,1
BRDA:65,4,0,8
BRDA:65,4,1,8
BRDA:67,5,0,1
BRDA:67,5,1,8
BRDA:78,6,0,4
BRDA:78,6,1,1
BRF:14
BRH:14
end_of_record
TN:
SF:src/app/middleware/internal-auth.middleware.js
FN:23,(anonymous_0)
FNF:1
FNH:1
FNDA:36,(anonymous_0)
DA:13,5
DA:15,5
DA:17,1
DA:23,5
DA:25,36
DA:27,4
DA:29,4
DA:30,3
DA:33,1
DA:36,5
LF:10
LH:10
BRDA:15,0,0,1
BRDA:15,0,1,4
BRDA:15,1,0,5
BRDA:15,1,1,2
BRDA:25,2,0,32
BRDA:25,2,1,4
BRDA:29,3,0,3
BRDA:29,3,1,1
BRDA:29,4,0,4
BRDA:29,4,1,2
BRF:10
BRH:10
end_of_record
TN:
SF:src/app/models/measure.model.js
FN:4,(anonymous_0)
FN:6,(anonymous_1)
FN:10,(anonymous_2)
FN:17,(anonymous_3)
FN:37,(anonymous_4)
FN:64,(anonymous_5)
FN:91,(anonymous_6)
FNF:7
FNH:7
FNDA:4,(anonymous_0)
FNDA:19,(anonymous_1)
FNDA:16,(anonymous_2)
FNDA:18,(anonymous_3)
FNDA:15,(anonymous_4)
FNDA:16,(anonymous_5)
FNDA:3,(anonymous_6)
DA:1,3
DA:2,3
DA:4,4
DA:6,19
DA:8,3
DA:11,16
DA:12,16
DA:13,16
DA:14,16
DA:17,16
DA:18,18
DA:19,18
DA:20,2
DA:24,16
DA:26,4
DA:27,3
DA:29,5
DA:30,4
DA:32,5
DA:33,3
DA:37,16
DA:38,15
DA:39,12
DA:40,12
DA:50,12
DA:53,7
DA:54,7
DA:56,2
DA:57,2
DA:61,12
DA:64,16
DA:65,16
DA:67,16
DA:69,16
DA:70,12
DA:71,12
DA:74,16
DA:75,10
DA:76,10
DA:79,16
DA:81,16
DA:85,3
DA:88,13
DA:91,16
DA:92,3
DA:93,3
LF:46
LH:46
BRDA:19,0,0,2
BRDA:19,0,1,16
BRDA:19,1,0,18
BRDA:19,1,1,17
BRDA:24,2,0,4
BRDA:24,2,1,5
BRDA:24,2,2,5
BRDA:26,3,0,1
BRDA:26,3,1,3
BRDA:26,4,0,4
BRDA:26,4,1,3
BRDA:29,5,0,1
BRDA:29,5,1,4
BRDA:29,6,0,5
BRDA:29,6,1,5
BRDA:32,7,0,2
BRDA:32,7,1,3
BRDA:32,8,0,5
BRDA:32,8,1,4
BRDA:50,9,0,3
BRDA:50,9,1,7
BRDA:50,9,2,2
BRDA:50,9,3,3
BRDA:69,10,0,12
BRDA:69,10,1,4
BRDA:69,11,0,16
BRDA:69,11,1,7
BRDA:70,12,0,3
BRDA:70,12,1,9
BRDA:74,13,0,10
BRDA:74,13,1,6
BRDA:74,14,0,16
BRDA:74,14,1,9
BRDA:75,15,0,1
BRDA:75,15,1,9
BRDA:81,16,0,3
BRDA:81,16,1,13
BRF:37
BRH:37
end_of_record
TN:
SF:src/app/routes/measure.routes.js
FNF:0
FNH:0
DA:1,2
DA:3,2
DA:4,2
DA:6,2
DA:9,2
DA:11,2
DA:12,2
DA:13,2
DA:14,2
DA:16,2
DA:17,2
DA:18,2
DA:20,2
DA:21,2
DA:22,2
DA:23,2
DA:25,2
DA:26,2
DA:27,2
DA:29,2
DA:30,2
DA:32,2
LF:22
LH:22
BRF:0
BRH:0
end_of_record
TN:
SF:src/app/schedulers/picture.scheduler.js
FN:17,(anonymous_0)
FN:27,(anonymous_1)
FN:29,(anonymous_2)
FN:33,(anonymous_3)
FN:44,(anonymous_4)
FN:47,(anonymous_5)
FN:48,(anonymous_6)
FN:54,(anonymous_7)
FNF:8
FNH:8
FNDA:8,(anonymous_0)
FNDA:6,(anonymous_1)
FNDA:1,(anonymous_2)
FNDA:9,(anonymous_3)
FNDA:8,(anonymous_4)
FNDA:7,(anonymous_5)
FNDA:7,(anonymous_6)
FNDA:7,(anonymous_7)
DA:1,1
DA:3,1
DA:18,8
DA:19,8
DA:20,8
DA:28,6
DA:29,6
DA:34,9
DA:35,6
DA:36,6
DA:45,8
DA:46,8
DA:47,7
DA:48,7
DA:50,1
DA:55,7
DA:56,7
DA:57,6
DA:58,6
DA:60,6
DA:72,6
DA:79,1
LF:22
LH:22
BRDA:27,0,0,6
BRDA:34,1,0,6
BRDA:34,1,1,3
BRF:3
BRH:3
end_of_record
TN:
SF:src/config/mongodb.config.js
FNF:0
FNH:0
DA:1,4
DA:2,4
DA:4,4
LF:3
LH:3
BRDA:1,0,0,4
BRDA:1,0,1,4
BRDA:2,1,0,4
BRDA:2,1,1,4
BRDA:5,2,0,4
BRDA:5,2,1,4
BRDA:7,3,0,4
BRDA:7,3,1,4
BRDA:8,4,0,4
BRDA:8,4,1,4
BRF:10
BRH:10
end_of_record
TN:
SF:src/database/dao.js
FN:11,(anonymous_0)
FN:15,(anonymous_1)
FN:21,(anonymous_2)
FN:23,(anonymous_3)
FN:24,(anonymous_4)
FN:27,(anonymous_5)
FN:33,(anonymous_6)
FN:39,(anonymous_7)
FN:45,(anonymous_8)
FN:51,(anonymous_9)
FN:56,(anonymous_10)
FN:61,(anonymous_11)
FN:66,(anonymous_12)
FNF:13
FNH:13
FNDA:26,(anonymous_0)
FNDA:14,(anonymous_1)
FNDA:1,(anonymous_2)
FNDA:12,(anonymous_3)
FNDA:12,(anonymous_4)
FNDA:6,(anonymous_5)
FNDA:6,(anonymous_6)
FNDA:6,(anonymous_7)
FNDA:4,(anonymous_8)
FNDA:1,(anonymous_9)
FNDA:3,(anonymous_10)
FNDA:1,(anonymous_11)
FNDA:2,(anonymous_12)
DA:1,4
DA:3,4
DA:4,4
DA:5,4
DA:6,4
DA:7,4
DA:9,4
DA:12,26
DA:16,14
DA:17,14
DA:21,14
DA:23,14
DA:24,14
DA:28,6
DA:29,6
DA:30,6
DA:34,6
DA:35,6
DA:36,6
DA:40,6
DA:41,6
DA:42,6
DA:46,4
DA:47,4
DA:48,4
DA:52,1
DA:53,1
DA:57,3
DA:58,3
DA:62,1
DA:63,1
DA:67,2
DA:68,2
LF:33
LH:33
BRDA:29,0,0,2
BRDA:29,0,1,4
BRDA:35,1,0,2
BRDA:35,1,1,4
BRDA:41,2,0,2
BRDA:41,2,1,4
BRDA:47,3,0,1
BRDA:47,3,1,3
BRF:8
BRH:8
end_of_record
TN:
SF:src/database/models/humidity.model.js
FNF:0
FNH:0
DA:1,3
DA:3,3
DA:25,3
DA:27,3
LF:4
LH:4
BRF:0
BRH:0
end_of_record
TN:
SF:src/database/models/light.model.js
FNF:0
FNH:0
DA:1,3
DA:3,3
DA:22,3
DA:24,3
LF:4
LH:4
BRF:0
BRH:0
end_of_record
TN:
SF:src/database/models/picture.model.js
FNF:0
FNH:0
DA:1,3
DA:3,3
DA:18,3
DA:20,3
LF:4
LH:4
BRF:0
BRH:0
end_of_record
TN:
SF:src/database/models/temperature.model.js
FNF:0
FNH:0
DA:1,3
DA:3,3
DA:25,3
DA:27,3
LF:4
LH:4
BRF:0
BRH:0
end_of_record
TN:
SF:src/modules/microcontrollers.module.js
FN:8,(anonymous_0)
FN:12,(anonymous_1)
FN:26,(anonymous_2)
FNF:3
FNH:3
FNDA:33,(anonymous_0)
FNDA:9,(anonymous_1)
FNDA:18,(anonymous_2)
DA:1,6
DA:3,6
DA:4,6
DA:6,6
DA:9,33
DA:13,9
DA:16,3
DA:19,3
DA:21,3
DA:27,18
DA:28,18
DA:29,18
LF:12
LH:12
BRDA:13,0,0,3
BRDA:13,0,1,3
BRDA:13,0,2,3
BRDA:13,0,3,3
BRDA:13,0,4,3
BRDA:27,1,0,1
BRDA:27,1,1,17
BRF:7
BRH:7
end_of_record
