TN:
SF:src/app/app.js
FN:18,(anonymous_0)
FN:20,(anonymous_1)
FNF:2
FNH:0
FNDA:0,(anonymous_0)
FNDA:0,(anonymous_1)
DA:1,1
DA:2,1
DA:4,1
DA:6,1
DA:9,1
DA:12,1
DA:14,1
DA:15,1
DA:16,1
DA:18,1
DA:20,1
DA:21,0
DA:22,0
DA:25,1
DA:28,1
DA:31,1
DA:32,0
DA:33,0
DA:34,0
DA:36,0
DA:37,0
DA:38,0
DA:39,0
DA:40,0
DA:43,1
LF:25
LH:15
BRDA:31,0,0,0
BRDA:31,0,1,1
BRF:2
BRH:1
end_of_record
TN:
SF:src/app/constants/constants.js
FNF:0
FNH:0
DA:1,2
DA:2,2
DA:3,2
DA:5,2
LF:4
LH:4
BRDA:1,0,0,2
BRDA:1,0,1,2
BRDA:2,1,0,2
BRDA:2,1,1,2
BRDA:3,2,0,2
BRDA:3,2,1,2
BRF:6
BRH:6
end_of_record
TN:
SF:src/app/controllers/measure.controller.js
FN:9,(anonymous_0)
FN:15,(anonymous_1)
FN:18,(anonymous_2)
FN:23,(anonymous_3)
FN:32,(anonymous_4)
FN:40,(anonymous_5)
FN:44,(anonymous_6)
FN:60,(anonymous_7)
FN:64,(anonymous_8)
FNF:9
FNH:9
FNDA:4,(anonymous_0)
FNDA:9,(anonymous_1)
FNDA:9,(anonymous_2)
FNDA:5,(anonymous_3)
FNDA:15,(anonymous_4)
FNDA:2,(anonymous_5)
FNDA:2,(anonymous_6)
FNDA:5,(anonymous_7)
FNDA:5,(anonymous_8)
DA:1,1
DA:3,1
DA:4,1
DA:5,1
DA:7,1
DA:10,4
DA:11,4
DA:12,4
DA:15,4
DA:16,9
DA:17,9
DA:18,9
DA:19,9
DA:20,9
DA:23,4
DA:24,5
DA:25,5
DA:26,4
DA:28,1
DA:32,4
DA:33,15
DA:34,15
DA:36,1
DA:40,4
DA:41,2
DA:42,2
DA:43,2
DA:44,2
DA:46,2
DA:47,2
DA:48,2
DA:49,2
DA:51,0
DA:52,0
DA:55,0
DA:57,0
DA:60,4
DA:61,5
DA:62,5
DA:63,5
DA:64,5
DA:66,5
DA:68,5
DA:69,2
DA:70,2
DA:72,3
DA:73,3
LF:47
LH:43
BRDA:41,0,0,2
BRDA:41,0,1,0
BRDA:44,1,0,2
BRDA:44,1,1,2
BRDA:46,2,0,2
BRDA:46,2,1,0
BRDA:51,3,0,0
BRDA:51,3,1,0
BRDA:64,4,0,5
BRDA:64,4,1,5
BRDA:66,5,0,0
BRDA:66,5,1,5
BRDA:72,6,0,3
BRDA:72,6,1,0
BRF:14
BRH:8
end_of_record
TN:
SF:src/app/middleware/internal-auth.middleware.js
FN:23,(anonymous_0)
FNF:1
FNH:1
FNDA:33,(anonymous_0)
DA:13,1
DA:15,1
DA:17,0
DA:23,1
DA:25,33
DA:27,2
DA:29,2
DA:30,2
DA:33,0
DA:36,1
LF:10
LH:8
BRDA:15,0,0,0
BRDA:15,0,1,1
BRDA:15,1,0,1
BRDA:15,1,1,1
BRDA:25,2,0,31
BRDA:25,2,1,2
BRDA:29,3,0,2
BRDA:29,3,1,0
BRDA:29,4,0,2
BRDA:29,4,1,0
BRF:10
BRH:7
end_of_record
TN:
SF:src/app/models/measure.model.js
FN:4,(anonymous_0)
FN:6,(anonymous_1)
FN:10,(anonymous_2)
FN:17,(anonymous_3)
FN:37,(anonymous_4)
FN:64,(anonymous_5)
FN:91,(anonymous_6)
FNF:7
FNH:7
FNDA:3,(anonymous_0)
FNDA:17,(anonymous_1)
FNDA:4,(anonymous_2)
FNDA:11,(anonymous_3)
FNDA:11,(anonymous_4)
FNDA:15,(anonymous_5)
FNDA:2,(anonymous_6)
DA:1,1
DA:2,1
DA:4,3
DA:6,17
DA:8,1
DA:11,4
DA:12,4
DA:13,4
DA:14,4
DA:17,4
DA:18,11
DA:19,11
DA:20,0
DA:24,11
DA:26,3
DA:27,2
DA:29,3
DA:30,2
DA:32,4
DA:33,3
DA:37,4
DA:38,11
DA:39,8
DA:40,8
DA:50,8
DA:53,4
DA:54,4
DA:56,1
DA:57,1
DA:61,8
DA:64,4
DA:65,15
DA:67,15
DA:69,15
DA:70,12
DA:71,12
DA:74,15
DA:75,9
DA:76,9
DA:79,15
DA:81,15
DA:85,3
DA:88,12
DA:91,4
DA:92,2
DA:93,2
LF:46
LH:45
BRDA:19,0,0,0
BRDA:19,0,1,11
BRDA:19,1,0,11
BRDA:19,1,1,11
BRDA:24,2,0,3
BRDA:24,2,1,3
BRDA:24,2,2,4
BRDA:26,3,0,1
BRDA:26,3,1,2
BRDA:26,4,0,3
BRDA:26,4,1,2
BRDA:29,5,0,1
BRDA:29,5,1,2
BRDA:29,6,0,3
BRDA:29,6,1,3
BRDA:32,7,0,1
BRDA:32,7,1,3
BRDA:32,8,0,4
BRDA:32,8,1,3
BRDA:50,9,0,2
BRDA:50,9,1,4
BRDA:50,9,2,1
BRDA:50,9,3,3
BRDA:69,10,0,12
BRDA:69,10,1,3
BRDA:69,11,0,15
BRDA:69,11,1,6
BRDA:70,12,0,3
BRDA:70,12,1,9
BRDA:74,13,0,9
BRDA:74,13,1,6
BRDA:74,14,0,15
BRDA:74,14,1,9
BRDA:75,15,0,0
BRDA:75,15,1,9
BRDA:81,16,0,3
BRDA:81,16,1,12
BRF:37
BRH:35
end_of_record
TN:
SF:src/app/routes/measure.routes.js
FNF:0
FNH:0
DA:1,1
DA:3,1
DA:4,1
DA:6,1
DA:9,1
DA:11,1
DA:12,1
DA:13,1
DA:14,1
DA:16,1
DA:17,1
DA:18,1
DA:20,1
DA:21,1
DA:22,1
DA:23,1
DA:25,1
DA:26,1
DA:27,1
DA:29,1
DA:30,1
DA:32,1
LF:22
LH:22
BRF:0
BRH:0
end_of_record
TN:
SF:src/app/schedulers/picture.scheduler.js
FN:17,(anonymous_0)
FN:27,(anonymous_1)
FN:29,(anonymous_2)
FN:33,(anonymous_3)
FN:44,(anonymous_4)
FN:47,(anonymous_5)
FN:48,(anonymous_6)
FN:54,(anonymous_7)
FNF:8
FNH:8
FNDA:7,(anonymous_0)
FNDA:6,(anonymous_1)
FNDA:1,(anonymous_2)
FNDA:8,(anonymous_3)
FNDA:7,(anonymous_4)
FNDA:7,(anonymous_5)
FNDA:7,(anonymous_6)
FNDA:7,(anonymous_7)
DA:1,1
DA:3,1
DA:18,7
DA:19,7
DA:20,7
DA:28,6
DA:29,6
DA:34,8
DA:35,6
DA:36,6
DA:45,7
DA:46,7
DA:47,7
DA:48,7
DA:50,0
DA:55,7
DA:56,7
DA:57,6
DA:58,6
DA:60,6
DA:72,6
DA:79,1
LF:22
LH:21
BRDA:27,0,0,6
BRDA:34,1,0,6
BRDA:34,1,1,2
BRF:3
BRH:3
end_of_record
TN:
SF:src/config/mongodb.config.js
FNF:0
FNH:0
DA:1,1
DA:2,1
DA:4,1
LF:3
LH:3
BRDA:1,0,0,1
BRDA:1,0,1,1
BRDA:2,1,0,1
BRDA:2,1,1,1
BRDA:5,2,0,1
BRDA:5,2,1,1
BRDA:7,3,0,1
BRDA:7,3,1,1
BRDA:8,4,0,1
BRDA:8,4,1,1
BRF:10
BRH:10
end_of_record
TN:
SF:src/database/dao.js
FN:11,(anonymous_0)
FN:15,(anonymous_1)
FN:21,(anonymous_2)
FN:23,(anonymous_3)
FN:24,(anonymous_4)
FN:27,(anonymous_5)
FN:33,(anonymous_6)
FN:39,(anonymous_7)
FN:45,(anonymous_8)
FN:51,(anonymous_9)
FN:56,(anonymous_10)
FN:61,(anonymous_11)
FN:66,(anonymous_12)
FNF:13
FNH:10
FNDA:4,(anonymous_0)
FNDA:4,(anonymous_1)
FNDA:0,(anonymous_2)
FNDA:4,(anonymous_3)
FNDA:4,(anonymous_4)
FNDA:4,(anonymous_5)
FNDA:4,(anonymous_6)
FNDA:4,(anonymous_7)
FNDA:2,(anonymous_8)
FNDA:0,(anonymous_9)
FNDA:1,(anonymous_10)
FNDA:0,(anonymous_11)
FNDA:1,(anonymous_12)
DA:1,1
DA:3,1
DA:4,1
DA:5,1
DA:6,1
DA:7,1
DA:9,1
DA:12,4
DA:16,4
DA:17,4
DA:21,4
DA:23,4
DA:24,4
DA:28,4
DA:29,4
DA:30,4
DA:34,4
DA:35,4
DA:36,4
DA:40,4
DA:41,4
DA:42,4
DA:46,2
DA:47,2
DA:48,2
DA:52,0
DA:53,0
DA:57,1
DA:58,1
DA:62,0
DA:63,0
DA:67,1
DA:68,1
LF:33
LH:29
BRDA:29,0,0,1
BRDA:29,0,1,3
BRDA:35,1,0,1
BRDA:35,1,1,3
BRDA:41,2,0,1
BRDA:41,2,1,3
BRDA:47,3,0,0
BRDA:47,3,1,2
BRF:8
BRH:7
end_of_record
TN:
SF:src/database/models/humidity.model.js
FNF:0
FNH:0
DA:1,1
DA:3,1
DA:21,1
DA:23,1
LF:4
LH:4
BRF:0
BRH:0
end_of_record
TN:
SF:src/database/models/light.model.js
FNF:0
FNH:0
DA:1,1
DA:3,1
DA:18,1
DA:20,1
LF:4
LH:4
BRF:0
BRH:0
end_of_record
TN:
SF:src/database/models/picture.model.js
FNF:0
FNH:0
DA:1,1
DA:3,1
DA:18,1
DA:20,1
LF:4
LH:4
BRF:0
BRH:0
end_of_record
TN:
SF:src/database/models/temperature.model.js
FNF:0
FNH:0
DA:1,1
DA:3,1
DA:21,1
DA:23,1
LF:4
LH:4
BRF:0
BRH:0
end_of_record
TN:
SF:src/modules/microcontrollers.module.js
FN:8,(anonymous_0)
FN:12,(anonymous_1)
FN:23,(anonymous_2)
FNF:3
FNH:3
FNDA:8,(anonymous_0)
FNDA:4,(anonymous_1)
FNDA:16,(anonymous_2)
DA:1,1
DA:3,1
DA:4,1
DA:6,1
DA:9,8
DA:13,4
DA:16,2
DA:19,2
DA:23,8
DA:24,16
DA:25,16
DA:26,16
LF:12
LH:12
BRDA:13,0,0,2
BRDA:13,0,1,2
BRDA:13,0,2,2
BRDA:13,0,3,2
BRDA:24,1,0,0
BRDA:24,1,1,16
BRF:6
BRH:5
end_of_record
