{"/Users/sergioabad/Desktop/ProjectsToWorkOn/IoT/Arduino_Antiguo/Code/IoT_Microservices-master/integration-tests/utils.js": {"path":"/Users/sergioabad/Desktop/ProjectsToWorkOn/IoT/Arduino_Antiguo/Code/IoT_Microservices-master/integration-tests/utils.js","statementMap":{"0":{"start":{"line":1,"column":16},"end":{"line":1,"column":36}},"1":{"start":{"line":3,"column":14},"end":{"line":8,"column":1}},"2":{"start":{"line":4,"column":16},"end":{"line":6,"column":26}},"3":{"start":{"line":7,"column":4},"end":{"line":7,"column":32}},"4":{"start":{"line":10,"column":20},"end":{"line":15,"column":1}},"5":{"start":{"line":11,"column":4},"end":{"line":14,"column":23}},"6":{"start":{"line":17,"column":20},"end":{"line":22,"column":1}},"7":{"start":{"line":18,"column":4},"end":{"line":21,"column":20}},"8":{"start":{"line":24,"column":16},"end":{"line":29,"column":1}},"9":{"start":{"line":25,"column":4},"end":{"line":28,"column":25}},"10":{"start":{"line":31,"column":0},"end":{"line":36,"column":2}}},"fnMap":{"0":{"name":"(anonymous_0)","decl":{"start":{"line":3,"column":14},"end":{"line":3,"column":15}},"loc":{"start":{"line":3,"column":42},"end":{"line":8,"column":1}},"line":3},"1":{"name":"(anonymous_1)","decl":{"start":{"line":10,"column":20},"end":{"line":10,"column":21}},"loc":{"start":{"line":10,"column":51},"end":{"line":15,"column":1}},"line":10},"2":{"name":"(anonymous_2)","decl":{"start":{"line":17,"column":20},"end":{"line":17,"column":21}},"loc":{"start":{"line":17,"column":57},"end":{"line":22,"column":1}},"line":17},"3":{"name":"(anonymous_3)","decl":{"start":{"line":24,"column":16},"end":{"line":24,"column":17}},"loc":{"start":{"line":24,"column":49},"end":{"line":29,"column":1}},"line":24}},"branchMap":{},"s":{"0":1,"1":1,"2":0,"3":0,"4":1,"5":1,"6":1,"7":0,"8":1,"9":0,"10":1},"f":{"0":0,"1":1,"2":0,"3":0},"b":{},"_coverageSchema":"1a1c01bbd47fc00a2c39e90264f33305004495a9","hash":"57d710d3aa1644590e75db68c8f110d9b9dc2b41"}
}
